13:16:15 **** Clean-only build of configuration Debug for project final project ****
make -j8 clean 
rm -rf ./Drivers/STM32F4xx_HAL_Driver/Src/stm32f4xx_hal.cyclo ./Drivers/STM32F4xx_HAL_Driver/Src/stm32f4xx_hal.d ./Drivers/STM32F4xx_HAL_Driver/Src/stm32f4xx_hal.o ./Drivers/STM32F4xx_HAL_Driver/Src/stm32f4xx_hal.su ./Drivers/STM32F4xx_HAL_Driver/Src/stm32f4xx_hal_cortex.cyclo ./Drivers/STM32F4xx_HAL_Driver/Src/stm32f4xx_hal_cortex.d ./Drivers/STM32F4xx_HAL_Driver/Src/stm32f4xx_hal_cortex.o ./Drivers/STM32F4xx_HAL_Driver/Src/stm32f4xx_hal_cortex.su ./Drivers/STM32F4xx_HAL_Driver/Src/stm32f4xx_hal_dma.cyclo ./Drivers/STM32F4xx_HAL_Driver/Src/stm32f4xx_hal_dma.d ./Drivers/STM32F4xx_HAL_Driver/Src/stm32f4xx_hal_dma.o ./Drivers/STM32F4xx_HAL_Driver/Src/stm32f4xx_hal_dma.su ./Drivers/STM32F4xx_HAL_Driver/Src/stm32f4xx_hal_dma_ex.cyclo ./Drivers/STM32F4xx_HAL_Driver/Src/stm32f4xx_hal_dma_ex.d ./Drivers/STM32F4xx_HAL_Driver/Src/stm32f4xx_hal_dma_ex.o ./Drivers/STM32F4xx_HAL_Driver/Src/stm32f4xx_hal_dma_ex.su ./Drivers/STM32F4xx_HAL_Driver/Src/stm32f4xx_hal_exti.cyclo ./Drivers/STM32F4xx_HAL_Driver/Src/stm32f4xx_hal_exti.d ./Drivers/STM32F4xx_HAL_Driver/Src/stm32f4xx_hal_exti.o ./Drivers/STM32F4xx_HAL_Driver/Src/stm32f4xx_hal_exti.su ./Drivers/STM32F4xx_HAL_Driver/Src/stm32f4xx_hal_flash.cyclo ./Drivers/STM32F4xx_HAL_Driver/Src/stm32f4xx_hal_flash.d ./Drivers/STM32F4xx_HAL_Driver/Src/stm32f4xx_hal_flash.o ./Drivers/STM32F4xx_HAL_Driver/Src/stm32f4xx_hal_flash.su ./Drivers/STM32F4xx_HAL_Driver/Src/stm32f4xx_hal_flash_ex.cyclo ./Drivers/STM32F4xx_HAL_Driver/Src/stm32f4xx_hal_flash_ex.d ./Drivers/STM32F4xx_HAL_Driver/Src/stm32f4xx_hal_flash_ex.o ./Drivers/STM32F4xx_HAL_Driver/Src/stm32f4xx_hal_flash_ex.su ./Drivers/STM32F4xx_HAL_Driver/Src/stm32f4xx_hal_flash_ramfunc.cyclo ./Drivers/STM32F4xx_HAL_Driver/Src/stm32f4xx_hal_flash_ramfunc.d ./Drivers/STM32F4xx_HAL_Driver/Src/stm32f4xx_hal_flash_ramfunc.o ./Drivers/STM32F4xx_HAL_Driver/Src/stm32f4xx_hal_flash_ramfunc.su ./Drivers/STM32F4xx_HAL_Driver/Src/stm32f4xx_hal_gpio.cyclo ./Drivers/STM32F4xx_HAL_Driver/Src/stm32f4xx_hal_gpio.d ./Drivers/STM32F4xx_HAL_Driver/Src/stm32f4xx_hal_gpio.o ./Drivers/STM32F4xx_HAL_Driver/Src/stm32f4xx_hal_gpio.su ./Drivers/STM32F4xx_HAL_Driver/Src/stm32f4xx_hal_pwr.cyclo ./Drivers/STM32F4xx_HAL_Driver/Src/stm32f4xx_hal_pwr.d ./Drivers/STM32F4xx_HAL_Driver/Src/stm32f4xx_hal_pwr.o ./Drivers/STM32F4xx_HAL_Driver/Src/stm32f4xx_hal_pwr.su ./Drivers/STM32F4xx_HAL_Driver/Src/stm32f4xx_hal_pwr_ex.cyclo ./Drivers/STM32F4xx_HAL_Driver/Src/stm32f4xx_hal_pwr_ex.d ./Drivers/STM32F4xx_HAL_Driver/Src/stm32f4xx_hal_pwr_ex.o ./Drivers/STM32F4xx_HAL_Driver/Src/stm32f4xx_hal_pwr_ex.su ./Drivers/STM32F4xx_HAL_Driver/Src/stm32f4xx_hal_rcc.cyclo ./Drivers/STM32F4xx_HAL_Driver/Src/stm32f4xx_hal_rcc.d ./Drivers/STM32F4xx_HAL_Driver/Src/stm32f4xx_hal_rcc.o ./Drivers/STM32F4xx_HAL_Driver/Src/stm32f4xx_hal_rcc.su ./Drivers/STM32F4xx_HAL_Driver/Src/stm32f4xx_hal_rcc_ex.cyclo ./Drivers/STM32F4xx_HAL_Driver/Src/stm32f4xx_hal_rcc_ex.d ./Drivers/STM32F4xx_HAL_Driver/Src/stm32f4xx_hal_rcc_ex.o ./Drivers/STM32F4xx_HAL_Driver/Src/stm32f4xx_hal_rcc_ex.su ./Drivers/STM32F4xx_HAL_Driver/Src/stm32f4xx_hal_tim.cyclo ./Drivers/STM32F4xx_HAL_Driver/Src/stm32f4xx_hal_tim.d ./Drivers/STM32F4xx_HAL_Driver/Src/stm32f4xx_hal_tim.o ./Drivers/STM32F4xx_HAL_Driver/Src/stm32f4xx_hal_tim.su ./Drivers/STM32F4xx_HAL_Driver/Src/stm32f4xx_hal_tim_ex.cyclo ./Drivers/STM32F4xx_HAL_Driver/Src/stm32f4xx_hal_tim_ex.d ./Drivers/STM32F4xx_HAL_Driver/Src/stm32f4xx_hal_tim_ex.o ./Drivers/STM32F4xx_HAL_Driver/Src/stm32f4xx_hal_tim_ex.su ./Drivers/STM32F4xx_HAL_Driver/Src/stm32f4xx_hal_uart.cyclo ./Drivers/STM32F4xx_HAL_Driver/Src/stm32f4xx_hal_uart.d ./Drivers/STM32F4xx_HAL_Driver/Src/stm32f4xx_hal_uart.o ./Drivers/STM32F4xx_HAL_Driver/Src/stm32f4xx_hal_uart.su
rm -rf ./Core/Startup/startup_stm32f411retx.d ./Core/Startup/startup_stm32f411retx.o
rm -rf ./Core/Src/main.cyclo ./Core/Src/main.d ./Core/Src/main.o ./Core/Src/main.su ./Core/Src/stm32f4xx_hal_msp.cyclo ./Core/Src/stm32f4xx_hal_msp.d ./Core/Src/stm32f4xx_hal_msp.o ./Core/Src/stm32f4xx_hal_msp.su ./Core/Src/stm32f4xx_it.cyclo ./Core/Src/stm32f4xx_it.d ./Core/Src/stm32f4xx_it.o ./Core/Src/stm32f4xx_it.su ./Core/Src/syscalls.cyclo ./Core/Src/syscalls.d ./Core/Src/syscalls.o ./Core/Src/syscalls.su ./Core/Src/sysmem.cyclo ./Core/Src/sysmem.d ./Core/Src/sysmem.o ./Core/Src/sysmem.su ./Core/Src/system_stm32f4xx.cyclo ./Core/Src/system_stm32f4xx.d ./Core/Src/system_stm32f4xx.o ./Core/Src/system_stm32f4xx.su
rm -rf default.size.stdout final\ project.elf final\ project.list final\ project.map final\\ project.elf
 
13:16:16 **** Build of configuration Debug for project final project ****
make -j8 all 
arm-none-eabi-gcc "../Drivers/STM32F4xx_HAL_Driver/Src/stm32f4xx_hal.c" -mcpu=cortex-m4 -std=gnu11 -g3 -DDEBUG -DUSE_HAL_DRIVER -DSTM32F411xE -c -I../Core/Inc -I../Drivers/STM32F4xx_HAL_Driver/Inc -I../Drivers/STM32F4xx_HAL_Driver/Inc/Legacy -I../Drivers/CMSIS/Device/ST/STM32F4xx/Include -I../Drivers/CMSIS/Include -O0 -ffunction-sections -fdata-sections -Wall -fstack-usage -fcyclomatic-complexity -MMD -MP -MF"Drivers/STM32F4xx_HAL_Driver/Src/stm32f4xx_hal.d" -MT"Drivers/STM32F4xx_HAL_Driver/Src/stm32f4xx_hal.o" --specs=nano.specs -mfpu=fpv4-sp-d16 -mfloat-abi=hard -mthumb -o "Drivers/STM32F4xx_HAL_Driver/Src/stm32f4xx_hal.o"
arm-none-eabi-gcc "../Drivers/STM32F4xx_HAL_Driver/Src/stm32f4xx_hal_cortex.c" -mcpu=cortex-m4 -std=gnu11 -g3 -DDEBUG -DUSE_HAL_DRIVER -DSTM32F411xE -c -I../Core/Inc -I../Drivers/STM32F4xx_HAL_Driver/Inc -I../Drivers/STM32F4xx_HAL_Driver/Inc/Legacy -I../Drivers/CMSIS/Device/ST/STM32F4xx/Include -I../Drivers/CMSIS/Include -O0 -ffunction-sections -fdata-sections -Wall -fstack-usage -fcyclomatic-complexity -MMD -MP -MF"Drivers/STM32F4xx_HAL_Driver/Src/stm32f4xx_hal_cortex.d" -MT"Drivers/STM32F4xx_HAL_Driver/Src/stm32f4xx_hal_cortex.o" --specs=nano.specs -mfpu=fpv4-sp-d16 -mfloat-abi=hard -mthumb -o "Drivers/STM32F4xx_HAL_Driver/Src/stm32f4xx_hal_cortex.o"
arm-none-eabi-gcc "../Drivers/STM32F4xx_HAL_Driver/Src/stm32f4xx_hal_dma.c" -mcpu=cortex-m4 -std=gnu11 -g3 -DDEBUG -DUSE_HAL_DRIVER -DSTM32F411xE -c -I../Core/Inc -I../Drivers/STM32F4xx_HAL_Driver/Inc -I../Drivers/STM32F4xx_HAL_Driver/Inc/Legacy -I../Drivers/CMSIS/Device/ST/STM32F4xx/Include -I../Drivers/CMSIS/Include -O0 -ffunction-sections -fdata-sections -Wall -fstack-usage -fcyclomatic-complexity -MMD -MP -MF"Drivers/STM32F4xx_HAL_Driver/Src/stm32f4xx_hal_dma.d" -MT"Drivers/STM32F4xx_HAL_Driver/Src/stm32f4xx_hal_dma.o" --specs=nano.specs -mfpu=fpv4-sp-d16 -mfloat-abi=hard -mthumb -o "Drivers/STM32F4xx_HAL_Driver/Src/stm32f4xx_hal_dma.o"
arm-none-eabi-gcc "../Drivers/STM32F4xx_HAL_Driver/Src/stm32f4xx_hal_dma_ex.c" -mcpu=cortex-m4 -std=gnu11 -g3 -DDEBUG -DUSE_HAL_DRIVER -DSTM32F411xE -c -I../Core/Inc -I../Drivers/STM32F4xx_HAL_Driver/Inc -I../Drivers/STM32F4xx_HAL_Driver/Inc/Legacy -I../Drivers/CMSIS/Device/ST/STM32F4xx/Include -I../Drivers/CMSIS/Include -O0 -ffunction-sections -fdata-sections -Wall -fstack-usage -fcyclomatic-complexity -MMD -MP -MF"Drivers/STM32F4xx_HAL_Driver/Src/stm32f4xx_hal_dma_ex.d" -MT"Drivers/STM32F4xx_HAL_Driver/Src/stm32f4xx_hal_dma_ex.o" --specs=nano.specs -mfpu=fpv4-sp-d16 -mfloat-abi=hard -mthumb -o "Drivers/STM32F4xx_HAL_Driver/Src/stm32f4xx_hal_dma_ex.o"
arm-none-eabi-gcc "../Drivers/STM32F4xx_HAL_Driver/Src/stm32f4xx_hal_exti.c" -mcpu=cortex-m4 -std=gnu11 -g3 -DDEBUG -DUSE_HAL_DRIVER -DSTM32F411xE -c -I../Core/Inc -I../Drivers/STM32F4xx_HAL_Driver/Inc -I../Drivers/STM32F4xx_HAL_Driver/Inc/Legacy -I../Drivers/CMSIS/Device/ST/STM32F4xx/Include -I../Drivers/CMSIS/Include -O0 -ffunction-sections -fdata-sections -Wall -fstack-usage -fcyclomatic-complexity -MMD -MP -MF"Drivers/STM32F4xx_HAL_Driver/Src/stm32f4xx_hal_exti.d" -MT"Drivers/STM32F4xx_HAL_Driver/Src/stm32f4xx_hal_exti.o" --specs=nano.specs -mfpu=fpv4-sp-d16 -mfloat-abi=hard -mthumb -o "Drivers/STM32F4xx_HAL_Driver/Src/stm32f4xx_hal_exti.o"
arm-none-eabi-gcc "../Drivers/STM32F4xx_HAL_Driver/Src/stm32f4xx_hal_flash.c" -mcpu=cortex-m4 -std=gnu11 -g3 -DDEBUG -DUSE_HAL_DRIVER -DSTM32F411xE -c -I../Core/Inc -I../Drivers/STM32F4xx_HAL_Driver/Inc -I../Drivers/STM32F4xx_HAL_Driver/Inc/Legacy -I../Drivers/CMSIS/Device/ST/STM32F4xx/Include -I../Drivers/CMSIS/Include -O0 -ffunction-sections -fdata-sections -Wall -fstack-usage -fcyclomatic-complexity -MMD -MP -MF"Drivers/STM32F4xx_HAL_Driver/Src/stm32f4xx_hal_flash.d" -MT"Drivers/STM32F4xx_HAL_Driver/Src/stm32f4xx_hal_flash.o" --specs=nano.specs -mfpu=fpv4-sp-d16 -mfloat-abi=hard -mthumb -o "Drivers/STM32F4xx_HAL_Driver/Src/stm32f4xx_hal_flash.o"
arm-none-eabi-gcc "../Drivers/STM32F4xx_HAL_Driver/Src/stm32f4xx_hal_flash_ex.c" -mcpu=cortex-m4 -std=gnu11 -g3 -DDEBUG -DUSE_HAL_DRIVER -DSTM32F411xE -c -I../Core/Inc -I../Drivers/STM32F4xx_HAL_Driver/Inc -I../Drivers/STM32F4xx_HAL_Driver/Inc/Legacy -I../Drivers/CMSIS/Device/ST/STM32F4xx/Include -I../Drivers/CMSIS/Include -O0 -ffunction-sections -fdata-sections -Wall -fstack-usage -fcyclomatic-complexity -MMD -MP -MF"Drivers/STM32F4xx_HAL_Driver/Src/stm32f4xx_hal_flash_ex.d" -MT"Drivers/STM32F4xx_HAL_Driver/Src/stm32f4xx_hal_flash_ex.o" --specs=nano.specs -mfpu=fpv4-sp-d16 -mfloat-abi=hard -mthumb -o "Drivers/STM32F4xx_HAL_Driver/Src/stm32f4xx_hal_flash_ex.o"
arm-none-eabi-gcc "../Drivers/STM32F4xx_HAL_Driver/Src/stm32f4xx_hal_flash_ramfunc.c" -mcpu=cortex-m4 -std=gnu11 -g3 -DDEBUG -DUSE_HAL_DRIVER -DSTM32F411xE -c -I../Core/Inc -I../Drivers/STM32F4xx_HAL_Driver/Inc -I../Drivers/STM32F4xx_HAL_Driver/Inc/Legacy -I../Drivers/CMSIS/Device/ST/STM32F4xx/Include -I../Drivers/CMSIS/Include -O0 -ffunction-sections -fdata-sections -Wall -fstack-usage -fcyclomatic-complexity -MMD -MP -MF"Drivers/STM32F4xx_HAL_Driver/Src/stm32f4xx_hal_flash_ramfunc.d" -MT"Drivers/STM32F4xx_HAL_Driver/Src/stm32f4xx_hal_flash_ramfunc.o" --specs=nano.specs -mfpu=fpv4-sp-d16 -mfloat-abi=hard -mthumb -o "Drivers/STM32F4xx_HAL_Driver/Src/stm32f4xx_hal_flash_ramfunc.o"
arm-none-eabi-gcc "../Drivers/STM32F4xx_HAL_Driver/Src/stm32f4xx_hal_gpio.c" -mcpu=cortex-m4 -std=gnu11 -g3 -DDEBUG -DUSE_HAL_DRIVER -DSTM32F411xE -c -I../Core/Inc -I../Drivers/STM32F4xx_HAL_Driver/Inc -I../Drivers/STM32F4xx_HAL_Driver/Inc/Legacy -I../Drivers/CMSIS/Device/ST/STM32F4xx/Include -I../Drivers/CMSIS/Include -O0 -ffunction-sections -fdata-sections -Wall -fstack-usage -fcyclomatic-complexity -MMD -MP -MF"Drivers/STM32F4xx_HAL_Driver/Src/stm32f4xx_hal_gpio.d" -MT"Drivers/STM32F4xx_HAL_Driver/Src/stm32f4xx_hal_gpio.o" --specs=nano.specs -mfpu=fpv4-sp-d16 -mfloat-abi=hard -mthumb -o "Drivers/STM32F4xx_HAL_Driver/Src/stm32f4xx_hal_gpio.o"
arm-none-eabi-gcc "../Drivers/STM32F4xx_HAL_Driver/Src/stm32f4xx_hal_pwr.c" -mcpu=cortex-m4 -std=gnu11 -g3 -DDEBUG -DUSE_HAL_DRIVER -DSTM32F411xE -c -I../Core/Inc -I../Drivers/STM32F4xx_HAL_Driver/Inc -I../Drivers/STM32F4xx_HAL_Driver/Inc/Legacy -I../Drivers/CMSIS/Device/ST/STM32F4xx/Include -I../Drivers/CMSIS/Include -O0 -ffunction-sections -fdata-sections -Wall -fstack-usage -fcyclomatic-complexity -MMD -MP -MF"Drivers/STM32F4xx_HAL_Driver/Src/stm32f4xx_hal_pwr.d" -MT"Drivers/STM32F4xx_HAL_Driver/Src/stm32f4xx_hal_pwr.o" --specs=nano.specs -mfpu=fpv4-sp-d16 -mfloat-abi=hard -mthumb -o "Drivers/STM32F4xx_HAL_Driver/Src/stm32f4xx_hal_pwr.o"
arm-none-eabi-gcc "../Drivers/STM32F4xx_HAL_Driver/Src/stm32f4xx_hal_pwr_ex.c" -mcpu=cortex-m4 -std=gnu11 -g3 -DDEBUG -DUSE_HAL_DRIVER -DSTM32F411xE -c -I../Core/Inc -I../Drivers/STM32F4xx_HAL_Driver/Inc -I../Drivers/STM32F4xx_HAL_Driver/Inc/Legacy -I../Drivers/CMSIS/Device/ST/STM32F4xx/Include -I../Drivers/CMSIS/Include -O0 -ffunction-sections -fdata-sections -Wall -fstack-usage -fcyclomatic-complexity -MMD -MP -MF"Drivers/STM32F4xx_HAL_Driver/Src/stm32f4xx_hal_pwr_ex.d" -MT"Drivers/STM32F4xx_HAL_Driver/Src/stm32f4xx_hal_pwr_ex.o" --specs=nano.specs -mfpu=fpv4-sp-d16 -mfloat-abi=hard -mthumb -o "Drivers/STM32F4xx_HAL_Driver/Src/stm32f4xx_hal_pwr_ex.o"
arm-none-eabi-gcc "../Drivers/STM32F4xx_HAL_Driver/Src/stm32f4xx_hal_rcc.c" -mcpu=cortex-m4 -std=gnu11 -g3 -DDEBUG -DUSE_HAL_DRIVER -DSTM32F411xE -c -I../Core/Inc -I../Drivers/STM32F4xx_HAL_Driver/Inc -I../Drivers/STM32F4xx_HAL_Driver/Inc/Legacy -I../Drivers/CMSIS/Device/ST/STM32F4xx/Include -I../Drivers/CMSIS/Include -O0 -ffunction-sections -fdata-sections -Wall -fstack-usage -fcyclomatic-complexity -MMD -MP -MF"Drivers/STM32F4xx_HAL_Driver/Src/stm32f4xx_hal_rcc.d" -MT"Drivers/STM32F4xx_HAL_Driver/Src/stm32f4xx_hal_rcc.o" --specs=nano.specs -mfpu=fpv4-sp-d16 -mfloat-abi=hard -mthumb -o "Drivers/STM32F4xx_HAL_Driver/Src/stm32f4xx_hal_rcc.o"
arm-none-eabi-gcc "../Drivers/STM32F4xx_HAL_Driver/Src/stm32f4xx_hal_rcc_ex.c" -mcpu=cortex-m4 -std=gnu11 -g3 -DDEBUG -DUSE_HAL_DRIVER -DSTM32F411xE -c -I../Core/Inc -I../Drivers/STM32F4xx_HAL_Driver/Inc -I../Drivers/STM32F4xx_HAL_Driver/Inc/Legacy -I../Drivers/CMSIS/Device/ST/STM32F4xx/Include -I../Drivers/CMSIS/Include -O0 -ffunction-sections -fdata-sections -Wall -fstack-usage -fcyclomatic-complexity -MMD -MP -MF"Drivers/STM32F4xx_HAL_Driver/Src/stm32f4xx_hal_rcc_ex.d" -MT"Drivers/STM32F4xx_HAL_Driver/Src/stm32f4xx_hal_rcc_ex.o" --specs=nano.specs -mfpu=fpv4-sp-d16 -mfloat-abi=hard -mthumb -o "Drivers/STM32F4xx_HAL_Driver/Src/stm32f4xx_hal_rcc_ex.o"
arm-none-eabi-gcc "../Drivers/STM32F4xx_HAL_Driver/Src/stm32f4xx_hal_tim.c" -mcpu=cortex-m4 -std=gnu11 -g3 -DDEBUG -DUSE_HAL_DRIVER -DSTM32F411xE -c -I../Core/Inc -I../Drivers/STM32F4xx_HAL_Driver/Inc -I../Drivers/STM32F4xx_HAL_Driver/Inc/Legacy -I../Drivers/CMSIS/Device/ST/STM32F4xx/Include -I../Drivers/CMSIS/Include -O0 -ffunction-sections -fdata-sections -Wall -fstack-usage -fcyclomatic-complexity -MMD -MP -MF"Drivers/STM32F4xx_HAL_Driver/Src/stm32f4xx_hal_tim.d" -MT"Drivers/STM32F4xx_HAL_Driver/Src/stm32f4xx_hal_tim.o" --specs=nano.specs -mfpu=fpv4-sp-d16 -mfloat-abi=hard -mthumb -o "Drivers/STM32F4xx_HAL_Driver/Src/stm32f4xx_hal_tim.o"
arm-none-eabi-gcc "../Drivers/STM32F4xx_HAL_Driver/Src/stm32f4xx_hal_tim_ex.c" -mcpu=cortex-m4 -std=gnu11 -g3 -DDEBUG -DUSE_HAL_DRIVER -DSTM32F411xE -c -I../Core/Inc -I../Drivers/STM32F4xx_HAL_Driver/Inc -I../Drivers/STM32F4xx_HAL_Driver/Inc/Legacy -I../Drivers/CMSIS/Device/ST/STM32F4xx/Include -I../Drivers/CMSIS/Include -O0 -ffunction-sections -fdata-sections -Wall -fstack-usage -fcyclomatic-complexity -MMD -MP -MF"Drivers/STM32F4xx_HAL_Driver/Src/stm32f4xx_hal_tim_ex.d" -MT"Drivers/STM32F4xx_HAL_Driver/Src/stm32f4xx_hal_tim_ex.o" --specs=nano.specs -mfpu=fpv4-sp-d16 -mfloat-abi=hard -mthumb -o "Drivers/STM32F4xx_HAL_Driver/Src/stm32f4xx_hal_tim_ex.o"
arm-none-eabi-gcc "../Drivers/STM32F4xx_HAL_Driver/Src/stm32f4xx_hal_uart.c" -mcpu=cortex-m4 -std=gnu11 -g3 -DDEBUG -DUSE_HAL_DRIVER -DSTM32F411xE -c -I../Core/Inc -I../Drivers/STM32F4xx_HAL_Driver/Inc -I../Drivers/STM32F4xx_HAL_Driver/Inc/Legacy -I../Drivers/CMSIS/Device/ST/STM32F4xx/Include -I../Drivers/CMSIS/Include -O0 -ffunction-sections -fdata-sections -Wall -fstack-usage -fcyclomatic-complexity -MMD -MP -MF"Drivers/STM32F4xx_HAL_Driver/Src/stm32f4xx_hal_uart.d" -MT"Drivers/STM32F4xx_HAL_Driver/Src/stm32f4xx_hal_uart.o" --specs=nano.specs -mfpu=fpv4-sp-d16 -mfloat-abi=hard -mthumb -o "Drivers/STM32F4xx_HAL_Driver/Src/stm32f4xx_hal_uart.o"
arm-none-eabi-gcc -mcpu=cortex-m4 -g3 -DDEBUG -c -x assembler-with-cpp -MMD -MP -MF"Core/Startup/startup_stm32f411retx.d" -MT"Core/Startup/startup_stm32f411retx.o" --specs=nano.specs -mfpu=fpv4-sp-d16 -mfloat-abi=hard -mthumb -o "Core/Startup/startup_stm32f411retx.o" "../Core/Startup/startup_stm32f411retx.s"
arm-none-eabi-gcc "../Core/Src/main.c" -mcpu=cortex-m4 -std=gnu11 -g3 -DDEBUG -DUSE_HAL_DRIVER -DSTM32F411xE -c -I../Core/Inc -I../Drivers/STM32F4xx_HAL_Driver/Inc -I../Drivers/STM32F4xx_HAL_Driver/Inc/Legacy -I../Drivers/CMSIS/Device/ST/STM32F4xx/Include -I../Drivers/CMSIS/Include -O0 -ffunction-sections -fdata-sections -Wall -u_printf_float -fstack-usage -fcyclomatic-complexity -MMD -MP -MF"Core/Src/main.d" -MT"Core/Src/main.o" --specs=nano.specs -mfpu=fpv4-sp-d16 -mfloat-abi=hard -mthumb -o "Core/Src/main.o"
arm-none-eabi-gcc "../Core/Src/stm32f4xx_hal_msp.c" -mcpu=cortex-m4 -std=gnu11 -g3 -DDEBUG -DUSE_HAL_DRIVER -DSTM32F411xE -c -I../Core/Inc -I../Drivers/STM32F4xx_HAL_Driver/Inc -I../Drivers/STM32F4xx_HAL_Driver/Inc/Legacy -I../Drivers/CMSIS/Device/ST/STM32F4xx/Include -I../Drivers/CMSIS/Include -O0 -ffunction-sections -fdata-sections -Wall -fstack-usage -fcyclomatic-complexity -MMD -MP -MF"Core/Src/stm32f4xx_hal_msp.d" -MT"Core/Src/stm32f4xx_hal_msp.o" --specs=nano.specs -mfpu=fpv4-sp-d16 -mfloat-abi=hard -mthumb -o "Core/Src/stm32f4xx_hal_msp.o"
arm-none-eabi-gcc "../Core/Src/stm32f4xx_it.c" -mcpu=cortex-m4 -std=gnu11 -g3 -DDEBUG -DUSE_HAL_DRIVER -DSTM32F411xE -c -I../Core/Inc -I../Drivers/STM32F4xx_HAL_Driver/Inc -I../Drivers/STM32F4xx_HAL_Driver/Inc/Legacy -I../Drivers/CMSIS/Device/ST/STM32F4xx/Include -I../Drivers/CMSIS/Include -O0 -ffunction-sections -fdata-sections -Wall -fstack-usage -fcyclomatic-complexity -MMD -MP -MF"Core/Src/stm32f4xx_it.d" -MT"Core/Src/stm32f4xx_it.o" --specs=nano.specs -mfpu=fpv4-sp-d16 -mfloat-abi=hard -mthumb -o "Core/Src/stm32f4xx_it.o"
arm-none-eabi-gcc "../Core/Src/syscalls.c" -mcpu=cortex-m4 -std=gnu11 -g3 -DDEBUG -DUSE_HAL_DRIVER -DSTM32F411xE -c -I../Core/Inc -I../Drivers/STM32F4xx_HAL_Driver/Inc -I../Drivers/STM32F4xx_HAL_Driver/Inc/Legacy -I../Drivers/CMSIS/Device/ST/STM32F4xx/Include -I../Drivers/CMSIS/Include -O0 -ffunction-sections -fdata-sections -Wall -fstack-usage -fcyclomatic-complexity -MMD -MP -MF"Core/Src/syscalls.d" -MT"Core/Src/syscalls.o" --specs=nano.specs -mfpu=fpv4-sp-d16 -mfloat-abi=hard -mthumb -o "Core/Src/syscalls.o"
arm-none-eabi-gcc "../Core/Src/sysmem.c" -mcpu=cortex-m4 -std=gnu11 -g3 -DDEBUG -DUSE_HAL_DRIVER -DSTM32F411xE -c -I../Core/Inc -I../Drivers/STM32F4xx_HAL_Driver/Inc -I../Drivers/STM32F4xx_HAL_Driver/Inc/Legacy -I../Drivers/CMSIS/Device/ST/STM32F4xx/Include -I../Drivers/CMSIS/Include -O0 -ffunction-sections -fdata-sections -Wall -fstack-usage -fcyclomatic-complexity -MMD -MP -MF"Core/Src/sysmem.d" -MT"Core/Src/sysmem.o" --specs=nano.specs -mfpu=fpv4-sp-d16 -mfloat-abi=hard -mthumb -o "Core/Src/sysmem.o"
arm-none-eabi-gcc "../Core/Src/system_stm32f4xx.c" -mcpu=cortex-m4 -std=gnu11 -g3 -DDEBUG -DUSE_HAL_DRIVER -DSTM32F411xE -c -I../Core/Inc -I../Drivers/STM32F4xx_HAL_Driver/Inc -I../Drivers/STM32F4xx_HAL_Driver/Inc/Legacy -I../Drivers/CMSIS/Device/ST/STM32F4xx/Include -I../Drivers/CMSIS/Include -O0 -ffunction-sections -fdata-sections -Wall -fstack-usage -fcyclomatic-complexity -MMD -MP -MF"Core/Src/system_stm32f4xx.d" -MT"Core/Src/system_stm32f4xx.o" --specs=nano.specs -mfpu=fpv4-sp-d16 -mfloat-abi=hard -mthumb -o "Core/Src/system_stm32f4xx.o"
../Core/Src/main.c: In function 'main':
../Core/Src/main.c:107:27: warning: implicit declaration of function 'sprintf' [-Wimplicit-function-declaration]
  107 |                           sprintf(startTimeStr, "Start Time: %lu ms\n\r", startTime);
      |                           ^~~~~~~
../Core/Src/main.c:21:1: note: include '<stdio.h>' or provide a declaration of 'sprintf'
   20 | #include "main.h"
  +++ |+#include <stdio.h>
   21 | 
../Core/Src/main.c:107:27: warning: incompatible implicit declaration of built-in function 'sprintf' [-Wbuiltin-declaration-mismatch]
  107 |                           sprintf(startTimeStr, "Start Time: %lu ms\n\r", startTime);
      |                           ^~~~~~~
../Core/Src/main.c:107:27: note: include '<stdio.h>' or provide a declaration of 'sprintf'
../Core/Src/main.c:108:67: warning: implicit declaration of function 'strlen' [-Wimplicit-function-declaration]
  108 |                           HAL_UART_Transmit(&huart2,startTimeStr, strlen(startTimeStr), HAL_MAX_DELAY);
      |                                                                   ^~~~~~
../Core/Src/main.c:21:1: note: include '<string.h>' or provide a declaration of 'strlen'
   20 | #include "main.h"
  +++ |+#include <string.h>
   21 | 
../Core/Src/main.c:108:67: warning: incompatible implicit declaration of built-in function 'strlen' [-Wbuiltin-declaration-mismatch]
  108 |                           HAL_UART_Transmit(&huart2,startTimeStr, strlen(startTimeStr), HAL_MAX_DELAY);
      |                                                                   ^~~~~~
../Core/Src/main.c:108:67: note: include '<string.h>' or provide a declaration of 'strlen'
../Core/Src/main.c:108:53: warning: pointer targets in passing argument 2 of 'HAL_UART_Transmit' differ in signedness [-Wpointer-sign]
  108 |                           HAL_UART_Transmit(&huart2,startTimeStr, strlen(startTimeStr), HAL_MAX_DELAY);
      |                                                     ^~~~~~~~~~~~
      |                                                     |
      |                                                     char *
In file included from ../Core/Inc/stm32f4xx_hal_conf.h:411,
                 from ../Drivers/STM32F4xx_HAL_Driver/Inc/stm32f4xx_hal.h:29,
                 from ../Core/Inc/main.h:30,
                 from ../Core/Src/main.c:20:
../Drivers/STM32F4xx_HAL_Driver/Inc/stm32f4xx_hal_uart.h:745:79: note: expected 'const uint8_t *' {aka 'const unsigned char *'} but argument is of type 'char *'
  745 | HAL_StatusTypeDef HAL_UART_Transmit(UART_HandleTypeDef *huart, const uint8_t *pData, uint16_t Size, uint32_t Timeout);
      |                                                                ~~~~~~~~~~~~~~~^~~~~
../Core/Src/main.c:116:27: warning: incompatible implicit declaration of built-in function 'sprintf' [-Wbuiltin-declaration-mismatch]
  116 |                           sprintf(startTimeStr2, "Start Time 2: %lu ms\n\r", startTime2);
      |                           ^~~~~~~
../Core/Src/main.c:116:27: note: include '<stdio.h>' or provide a declaration of 'sprintf'
../Core/Src/main.c:117:68: warning: incompatible implicit declaration of built-in function 'strlen' [-Wbuiltin-declaration-mismatch]
  117 |                           HAL_UART_Transmit(&huart2,startTimeStr2, strlen(startTimeStr2), HAL_MAX_DELAY);
      |                                                                    ^~~~~~
../Core/Src/main.c:117:68: note: include '<string.h>' or provide a declaration of 'strlen'
../Core/Src/main.c:117:53: warning: pointer targets in passing argument 2 of 'HAL_UART_Transmit' differ in signedness [-Wpointer-sign]
  117 |                           HAL_UART_Transmit(&huart2,startTimeStr2, strlen(startTimeStr2), HAL_MAX_DELAY);
      |                                                     ^~~~~~~~~~~~~
      |                                                     |
      |                                                     char *
In file included from ../Core/Inc/stm32f4xx_hal_conf.h:411,
                 from ../Drivers/STM32F4xx_HAL_Driver/Inc/stm32f4xx_hal.h:29,
                 from ../Core/Inc/main.h:30,
                 from ../Core/Src/main.c:20:
../Drivers/STM32F4xx_HAL_Driver/Inc/stm32f4xx_hal_uart.h:745:79: note: expected 'const uint8_t *' {aka 'const unsigned char *'} but argument is of type 'char *'
  745 | HAL_StatusTypeDef HAL_UART_Transmit(UART_HandleTypeDef *huart, const uint8_t *pData, uint16_t Size, uint32_t Timeout);
      |                                                                ~~~~~~~~~~~~~~~^~~~~
../Core/Src/main.c:126:27: warning: incompatible implicit declaration of built-in function 'sprintf' [-Wbuiltin-declaration-mismatch]
  126 |                           sprintf(endTimeStr, "End Time: %lu ms\n\r", endTime);
      |                           ^~~~~~~
../Core/Src/main.c:126:27: note: include '<stdio.h>' or provide a declaration of 'sprintf'
../Core/Src/main.c:127:65: warning: incompatible implicit declaration of built-in function 'strlen' [-Wbuiltin-declaration-mismatch]
  127 |                           HAL_UART_Transmit(&huart2,endTimeStr, strlen(endTimeStr), HAL_MAX_DELAY);
      |                                                                 ^~~~~~
../Core/Src/main.c:127:65: note: include '<string.h>' or provide a declaration of 'strlen'
../Core/Src/main.c:127:53: warning: pointer targets in passing argument 2 of 'HAL_UART_Transmit' differ in signedness [-Wpointer-sign]
  127 |                           HAL_UART_Transmit(&huart2,endTimeStr, strlen(endTimeStr), HAL_MAX_DELAY);
      |                                                     ^~~~~~~~~~
      |                                                     |
      |                                                     char *
In file included from ../Core/Inc/stm32f4xx_hal_conf.h:411,
                 from ../Drivers/STM32F4xx_HAL_Driver/Inc/stm32f4xx_hal.h:29,
                 from ../Core/Inc/main.h:30,
                 from ../Core/Src/main.c:20:
../Drivers/STM32F4xx_HAL_Driver/Inc/stm32f4xx_hal_uart.h:745:79: note: expected 'const uint8_t *' {aka 'const unsigned char *'} but argument is of type 'char *'
  745 | HAL_StatusTypeDef HAL_UART_Transmit(UART_HandleTypeDef *huart, const uint8_t *pData, uint16_t Size, uint32_t Timeout);
      |                                                                ~~~~~~~~~~~~~~~^~~~~
../Core/Src/main.c:135:35: warning: incompatible implicit declaration of built-in function 'sprintf' [-Wbuiltin-declaration-mismatch]
  135 |                                   sprintf(endTimeStr2, "End Time 2: %lu ms\n\r", endTime2);
      |                                   ^~~~~~~
../Core/Src/main.c:135:35: note: include '<stdio.h>' or provide a declaration of 'sprintf'
../Core/Src/main.c:136:74: warning: incompatible implicit declaration of built-in function 'strlen' [-Wbuiltin-declaration-mismatch]
  136 |                                   HAL_UART_Transmit(&huart2,endTimeStr2, strlen(endTimeStr2), HAL_MAX_DELAY);
      |                                                                          ^~~~~~
../Core/Src/main.c:136:74: note: include '<string.h>' or provide a declaration of 'strlen'
../Core/Src/main.c:136:61: warning: pointer targets in passing argument 2 of 'HAL_UART_Transmit' differ in signedness [-Wpointer-sign]
  136 |                                   HAL_UART_Transmit(&huart2,endTimeStr2, strlen(endTimeStr2), HAL_MAX_DELAY);
      |                                                             ^~~~~~~~~~~
      |                                                             |
      |                                                             char *
In file included from ../Core/Inc/stm32f4xx_hal_conf.h:411,
                 from ../Drivers/STM32F4xx_HAL_Driver/Inc/stm32f4xx_hal.h:29,
                 from ../Core/Inc/main.h:30,
                 from ../Core/Src/main.c:20:
../Drivers/STM32F4xx_HAL_Driver/Inc/stm32f4xx_hal_uart.h:745:79: note: expected 'const uint8_t *' {aka 'const unsigned char *'} but argument is of type 'char *'
  745 | HAL_StatusTypeDef HAL_UART_Transmit(UART_HandleTypeDef *huart, const uint8_t *pData, uint16_t Size, uint32_t Timeout);
      |                                                                ~~~~~~~~~~~~~~~^~~~~
../Core/Src/main.c:144:61: warning: pointer targets in passing argument 2 of 'HAL_UART_Transmit' differ in signedness [-Wpointer-sign]
  144 |                                   HAL_UART_Transmit(&huart2,totalTimeStr, strlen(totalTimeStr), HAL_MAX_DELAY);
      |                                                             ^~~~~~~~~~~~
      |                                                             |
      |                                                             char *
In file included from ../Core/Inc/stm32f4xx_hal_conf.h:411,
                 from ../Drivers/STM32F4xx_HAL_Driver/Inc/stm32f4xx_hal.h:29,
                 from ../Core/Inc/main.h:30,
                 from ../Core/Src/main.c:20:
../Drivers/STM32F4xx_HAL_Driver/Inc/stm32f4xx_hal_uart.h:745:79: note: expected 'const uint8_t *' {aka 'const unsigned char *'} but argument is of type 'char *'
  745 | HAL_StatusTypeDef HAL_UART_Transmit(UART_HandleTypeDef *huart, const uint8_t *pData, uint16_t Size, uint32_t Timeout);
      |                                                                ~~~~~~~~~~~~~~~^~~~~
../Core/Src/main.c:150:61: warning: pointer targets in passing argument 2 of 'HAL_UART_Transmit' differ in signedness [-Wpointer-sign]
  150 |                                   HAL_UART_Transmit(&huart2,velStr, strlen(velStr), HAL_MAX_DELAY);
      |                                                             ^~~~~~
      |                                                             |
      |                                                             char *
In file included from ../Core/Inc/stm32f4xx_hal_conf.h:411,
                 from ../Drivers/STM32F4xx_HAL_Driver/Inc/stm32f4xx_hal.h:29,
                 from ../Core/Inc/main.h:30,
                 from ../Core/Src/main.c:20:
../Drivers/STM32F4xx_HAL_Driver/Inc/stm32f4xx_hal_uart.h:745:79: note: expected 'const uint8_t *' {aka 'const unsigned char *'} but argument is of type 'char *'
  745 | HAL_StatusTypeDef HAL_UART_Transmit(UART_HandleTypeDef *huart, const uint8_t *pData, uint16_t Size, uint32_t Timeout);
      |                                                                ~~~~~~~~~~~~~~~^~~~~
../Core/Src/main.c:159:61: warning: pointer targets in passing argument 2 of 'HAL_UART_Transmit' differ in signedness [-Wpointer-sign]
  159 |                                   HAL_UART_Transmit(&huart2,cl, strlen(cl), HAL_MAX_DELAY);
      |                                                             ^~
      |                                                             |
      |                                                             char *
In file included from ../Core/Inc/stm32f4xx_hal_conf.h:411,
                 from ../Drivers/STM32F4xx_HAL_Driver/Inc/stm32f4xx_hal.h:29,
                 from ../Core/Inc/main.h:30,
                 from ../Core/Src/main.c:20:
../Drivers/STM32F4xx_HAL_Driver/Inc/stm32f4xx_hal_uart.h:745:79: note: expected 'const uint8_t *' {aka 'const unsigned char *'} but argument is of type 'char *'
  745 | HAL_StatusTypeDef HAL_UART_Transmit(UART_HandleTypeDef *huart, const uint8_t *pData, uint16_t Size, uint32_t Timeout);
      |                                                                ~~~~~~~~~~~~~~~^~~~~
../Core/Src/main.c:161:61: warning: pointer targets in passing argument 2 of 'HAL_UART_Transmit' differ in signedness [-Wpointer-sign]
  161 |                                   HAL_UART_Transmit(&huart2,"\r\n", 4, HAL_MAX_DELAY);
      |                                                             ^~~~~~
      |                                                             |
      |                                                             char *
In file included from ../Core/Inc/stm32f4xx_hal_conf.h:411,
                 from ../Drivers/STM32F4xx_HAL_Driver/Inc/stm32f4xx_hal.h:29,
                 from ../Core/Inc/main.h:30,
                 from ../Core/Src/main.c:20:
../Drivers/STM32F4xx_HAL_Driver/Inc/stm32f4xx_hal_uart.h:745:79: note: expected 'const uint8_t *' {aka 'const unsigned char *'} but argument is of type 'char *'
  745 | HAL_StatusTypeDef HAL_UART_Transmit(UART_HandleTypeDef *huart, const uint8_t *pData, uint16_t Size, uint32_t Timeout);
      |                                                                ~~~~~~~~~~~~~~~^~~~~
../Core/Src/main.c:116:75: warning: 'sprintf' writing a terminating nul past the end of the destination [-Wformat-overflow=]
  116 |                           sprintf(startTimeStr2, "Start Time 2: %lu ms\n\r", startTime2);
      |                                                                           ^
../Core/Src/main.c:116:27: note: 'sprintf' output between 21 and 30 bytes into a destination of size 20
  116 |                           sprintf(startTimeStr2, "Start Time 2: %lu ms\n\r", startTime2);
      |                           ^~~~~~~~~~~~~~~~~~~~~~~~~~~~~~~~~~~~~~~~~~~~~~~~~~~~~~~~~~~~~~
../Core/Src/main.c:149:66: warning: ' m/s

' directive writing 6 bytes into a region of size between 0 and 7 [-Wformat-overflow=]
  149 |                                   sprintf(velStr, "Velocity: %.3f m/s\n\r", vel);
      |                                                                  ^~~~~~~~
../Core/Src/main.c:149:35: note: 'sprintf' output between 20 and 331 bytes into a destination of size 20
  149 |                                   sprintf(velStr, "Velocity: %.3f m/s\n\r", vel);
      |                                   ^~~~~~~~~~~~~~~~~~~~~~~~~~~~~~~~~~~~~~~~~~~~~~
../Core/Src/main.c:158:64: warning: ' m

' directive writing 4 bytes into a region of size between 0 and 5 [-Wformat-overflow=]
  158 |                                   sprintf(cl, "Car Length: %.3f m\n\r", carlength);
      |                                                                ^~~~~~
../Core/Src/main.c:158:35: note: 'sprintf' output between 20 and 331 bytes into a destination of size 20
  158 |                                   sprintf(cl, "Car Length: %.3f m\n\r", carlength);
      |                                   ^~~~~~~~~~~~~~~~~~~~~~~~~~~~~~~~~~~~~~~~~~~~~~~~
arm-none-eabi-gcc -o "final project.elf" @"objects.list"   -mcpu=cortex-m4 -T"C:\Users\ADMINSTRATOR\Desktop\embeded lab final\embeded-lab-final\embed-lab-stm32\final project\STM32F411RETX_FLASH.ld" --specs=nosys.specs -Wl,-Map="final project.map" -Wl,--gc-sections -static --specs=nano.specs -mfpu=fpv4-sp-d16 -mfloat-abi=hard -mthumb -u _printf_float -Wl,--start-group -lc -lm -Wl,--end-group
Finished building target: final project.elf
 
arm-none-eabi-size  final\ project.elf 
arm-none-eabi-objdump -h -S final\ project.elf  > "final project.list"
   text	   data	    bss	    dec	    hex	filename
  24700	    476	   1980	  27156	   6a14	final project.elf
Finished building: default.size.stdout
 
Finished building: final project.list
 
13:18:50 **** Incremental Build of configuration Debug for project final project ****
make -j8 all 
arm-none-eabi-size  final\ project.elf 
   text	   data	    bss	    dec	    hex	filename
  24700	    476	   1980	  27156	   6a14	final project.elf
Finished building: default.size.stdout
 
13:21:41 **** Incremental Build of configuration Debug for project final project ****
make -j8 all 
arm-none-eabi-gcc "../Core/Src/main.c" -mcpu=cortex-m4 -std=gnu11 -g3 -DDEBUG -DUSE_HAL_DRIVER -DSTM32F411xE -c -I../Core/Inc -I../Drivers/STM32F4xx_HAL_Driver/Inc -I../Drivers/STM32F4xx_HAL_Driver/Inc/Legacy -I../Drivers/CMSIS/Device/ST/STM32F4xx/Include -I../Drivers/CMSIS/Include -O0 -ffunction-sections -fdata-sections -Wall -u_printf_float -fstack-usage -fcyclomatic-complexity -MMD -MP -MF"Core/Src/main.d" -MT"Core/Src/main.o" --specs=nano.specs -mfpu=fpv4-sp-d16 -mfloat-abi=hard -mthumb -o "Core/Src/main.o"
../Core/Src/main.c: In function 'main':
../Core/Src/main.c:107:27: warning: implicit declaration of function 'sprintf' [-Wimplicit-function-declaration]
  107 |                           sprintf(startTimeStr, "Start Time: %lu ms\n\r", startTime);
      |                           ^~~~~~~
../Core/Src/main.c:21:1: note: include '<stdio.h>' or provide a declaration of 'sprintf'
   20 | #include "main.h"
  +++ |+#include <stdio.h>
   21 | 
../Core/Src/main.c:107:27: warning: incompatible implicit declaration of built-in function 'sprintf' [-Wbuiltin-declaration-mismatch]
  107 |                           sprintf(startTimeStr, "Start Time: %lu ms\n\r", startTime);
      |                           ^~~~~~~
../Core/Src/main.c:107:27: note: include '<stdio.h>' or provide a declaration of 'sprintf'
../Core/Src/main.c:108:67: warning: implicit declaration of function 'strlen' [-Wimplicit-function-declaration]
  108 |                           HAL_UART_Transmit(&huart2,startTimeStr, strlen(startTimeStr), HAL_MAX_DELAY);
      |                                                                   ^~~~~~
../Core/Src/main.c:21:1: note: include '<string.h>' or provide a declaration of 'strlen'
   20 | #include "main.h"
  +++ |+#include <string.h>
   21 | 
../Core/Src/main.c:108:67: warning: incompatible implicit declaration of built-in function 'strlen' [-Wbuiltin-declaration-mismatch]
  108 |                           HAL_UART_Transmit(&huart2,startTimeStr, strlen(startTimeStr), HAL_MAX_DELAY);
      |                                                                   ^~~~~~
../Core/Src/main.c:108:67: note: include '<string.h>' or provide a declaration of 'strlen'
../Core/Src/main.c:108:53: warning: pointer targets in passing argument 2 of 'HAL_UART_Transmit' differ in signedness [-Wpointer-sign]
  108 |                           HAL_UART_Transmit(&huart2,startTimeStr, strlen(startTimeStr), HAL_MAX_DELAY);
      |                                                     ^~~~~~~~~~~~
      |                                                     |
      |                                                     char *
In file included from ../Core/Inc/stm32f4xx_hal_conf.h:411,
                 from ../Drivers/STM32F4xx_HAL_Driver/Inc/stm32f4xx_hal.h:29,
                 from ../Core/Inc/main.h:30,
                 from ../Core/Src/main.c:20:
../Drivers/STM32F4xx_HAL_Driver/Inc/stm32f4xx_hal_uart.h:745:79: note: expected 'const uint8_t *' {aka 'const unsigned char *'} but argument is of type 'char *'
  745 | HAL_StatusTypeDef HAL_UART_Transmit(UART_HandleTypeDef *huart, const uint8_t *pData, uint16_t Size, uint32_t Timeout);
      |                                                                ~~~~~~~~~~~~~~~^~~~~
../Core/Src/main.c:116:27: warning: incompatible implicit declaration of built-in function 'sprintf' [-Wbuiltin-declaration-mismatch]
  116 |                           sprintf(startTimeStr2, "Start Time 2: %lu ms\n\r", startTime2);
      |                           ^~~~~~~
../Core/Src/main.c:116:27: note: include '<stdio.h>' or provide a declaration of 'sprintf'
../Core/Src/main.c:117:68: warning: incompatible implicit declaration of built-in function 'strlen' [-Wbuiltin-declaration-mismatch]
  117 |                           HAL_UART_Transmit(&huart2,startTimeStr2, strlen(startTimeStr2), HAL_MAX_DELAY);
      |                                                                    ^~~~~~
../Core/Src/main.c:117:68: note: include '<string.h>' or provide a declaration of 'strlen'
../Core/Src/main.c:117:53: warning: pointer targets in passing argument 2 of 'HAL_UART_Transmit' differ in signedness [-Wpointer-sign]
  117 |                           HAL_UART_Transmit(&huart2,startTimeStr2, strlen(startTimeStr2), HAL_MAX_DELAY);
      |                                                     ^~~~~~~~~~~~~
      |                                                     |
      |                                                     char *
In file included from ../Core/Inc/stm32f4xx_hal_conf.h:411,
                 from ../Drivers/STM32F4xx_HAL_Driver/Inc/stm32f4xx_hal.h:29,
                 from ../Core/Inc/main.h:30,
                 from ../Core/Src/main.c:20:
../Drivers/STM32F4xx_HAL_Driver/Inc/stm32f4xx_hal_uart.h:745:79: note: expected 'const uint8_t *' {aka 'const unsigned char *'} but argument is of type 'char *'
  745 | HAL_StatusTypeDef HAL_UART_Transmit(UART_HandleTypeDef *huart, const uint8_t *pData, uint16_t Size, uint32_t Timeout);
      |                                                                ~~~~~~~~~~~~~~~^~~~~
../Core/Src/main.c:126:27: warning: incompatible implicit declaration of built-in function 'sprintf' [-Wbuiltin-declaration-mismatch]
  126 |                           sprintf(endTimeStr, "End Time: %lu ms\n\r", endTime);
      |                           ^~~~~~~
../Core/Src/main.c:126:27: note: include '<stdio.h>' or provide a declaration of 'sprintf'
../Core/Src/main.c:127:65: warning: incompatible implicit declaration of built-in function 'strlen' [-Wbuiltin-declaration-mismatch]
  127 |                           HAL_UART_Transmit(&huart2,endTimeStr, strlen(endTimeStr), HAL_MAX_DELAY);
      |                                                                 ^~~~~~
../Core/Src/main.c:127:65: note: include '<string.h>' or provide a declaration of 'strlen'
../Core/Src/main.c:127:53: warning: pointer targets in passing argument 2 of 'HAL_UART_Transmit' differ in signedness [-Wpointer-sign]
  127 |                           HAL_UART_Transmit(&huart2,endTimeStr, strlen(endTimeStr), HAL_MAX_DELAY);
      |                                                     ^~~~~~~~~~
      |                                                     |
      |                                                     char *
In file included from ../Core/Inc/stm32f4xx_hal_conf.h:411,
                 from ../Drivers/STM32F4xx_HAL_Driver/Inc/stm32f4xx_hal.h:29,
                 from ../Core/Inc/main.h:30,
                 from ../Core/Src/main.c:20:
../Drivers/STM32F4xx_HAL_Driver/Inc/stm32f4xx_hal_uart.h:745:79: note: expected 'const uint8_t *' {aka 'const unsigned char *'} but argument is of type 'char *'
  745 | HAL_StatusTypeDef HAL_UART_Transmit(UART_HandleTypeDef *huart, const uint8_t *pData, uint16_t Size, uint32_t Timeout);
      |                                                                ~~~~~~~~~~~~~~~^~~~~
../Core/Src/main.c:135:35: warning: incompatible implicit declaration of built-in function 'sprintf' [-Wbuiltin-declaration-mismatch]
  135 |                                   sprintf(endTimeStr2, "End Time 2: %lu ms\n\r", endTime2);
      |                                   ^~~~~~~
../Core/Src/main.c:135:35: note: include '<stdio.h>' or provide a declaration of 'sprintf'
../Core/Src/main.c:136:74: warning: incompatible implicit declaration of built-in function 'strlen' [-Wbuiltin-declaration-mismatch]
  136 |                                   HAL_UART_Transmit(&huart2,endTimeStr2, strlen(endTimeStr2), HAL_MAX_DELAY);
      |                                                                          ^~~~~~
../Core/Src/main.c:136:74: note: include '<string.h>' or provide a declaration of 'strlen'
../Core/Src/main.c:136:61: warning: pointer targets in passing argument 2 of 'HAL_UART_Transmit' differ in signedness [-Wpointer-sign]
  136 |                                   HAL_UART_Transmit(&huart2,endTimeStr2, strlen(endTimeStr2), HAL_MAX_DELAY);
      |                                                             ^~~~~~~~~~~
      |                                                             |
      |                                                             char *
In file included from ../Core/Inc/stm32f4xx_hal_conf.h:411,
                 from ../Drivers/STM32F4xx_HAL_Driver/Inc/stm32f4xx_hal.h:29,
                 from ../Core/Inc/main.h:30,
                 from ../Core/Src/main.c:20:
../Drivers/STM32F4xx_HAL_Driver/Inc/stm32f4xx_hal_uart.h:745:79: note: expected 'const uint8_t *' {aka 'const unsigned char *'} but argument is of type 'char *'
  745 | HAL_StatusTypeDef HAL_UART_Transmit(UART_HandleTypeDef *huart, const uint8_t *pData, uint16_t Size, uint32_t Timeout);
      |                                                                ~~~~~~~~~~~~~~~^~~~~
../Core/Src/main.c:144:61: warning: pointer targets in passing argument 2 of 'HAL_UART_Transmit' differ in signedness [-Wpointer-sign]
  144 |                                   HAL_UART_Transmit(&huart2,totalTimeStr, strlen(totalTimeStr), HAL_MAX_DELAY);
      |                                                             ^~~~~~~~~~~~
      |                                                             |
      |                                                             char *
In file included from ../Core/Inc/stm32f4xx_hal_conf.h:411,
                 from ../Drivers/STM32F4xx_HAL_Driver/Inc/stm32f4xx_hal.h:29,
                 from ../Core/Inc/main.h:30,
                 from ../Core/Src/main.c:20:
../Drivers/STM32F4xx_HAL_Driver/Inc/stm32f4xx_hal_uart.h:745:79: note: expected 'const uint8_t *' {aka 'const unsigned char *'} but argument is of type 'char *'
  745 | HAL_StatusTypeDef HAL_UART_Transmit(UART_HandleTypeDef *huart, const uint8_t *pData, uint16_t Size, uint32_t Timeout);
      |                                                                ~~~~~~~~~~~~~~~^~~~~
../Core/Src/main.c:150:61: warning: pointer targets in passing argument 2 of 'HAL_UART_Transmit' differ in signedness [-Wpointer-sign]
  150 |                                   HAL_UART_Transmit(&huart2,velStr, strlen(velStr), HAL_MAX_DELAY);
      |                                                             ^~~~~~
      |                                                             |
      |                                                             char *
In file included from ../Core/Inc/stm32f4xx_hal_conf.h:411,
                 from ../Drivers/STM32F4xx_HAL_Driver/Inc/stm32f4xx_hal.h:29,
                 from ../Core/Inc/main.h:30,
                 from ../Core/Src/main.c:20:
../Drivers/STM32F4xx_HAL_Driver/Inc/stm32f4xx_hal_uart.h:745:79: note: expected 'const uint8_t *' {aka 'const unsigned char *'} but argument is of type 'char *'
  745 | HAL_StatusTypeDef HAL_UART_Transmit(UART_HandleTypeDef *huart, const uint8_t *pData, uint16_t Size, uint32_t Timeout);
      |                                                                ~~~~~~~~~~~~~~~^~~~~
../Core/Src/main.c:159:61: warning: pointer targets in passing argument 2 of 'HAL_UART_Transmit' differ in signedness [-Wpointer-sign]
  159 |                                   HAL_UART_Transmit(&huart2,cl, strlen(cl), HAL_MAX_DELAY);
      |                                                             ^~
      |                                                             |
      |                                                             char *
In file included from ../Core/Inc/stm32f4xx_hal_conf.h:411,
                 from ../Drivers/STM32F4xx_HAL_Driver/Inc/stm32f4xx_hal.h:29,
                 from ../Core/Inc/main.h:30,
                 from ../Core/Src/main.c:20:
../Drivers/STM32F4xx_HAL_Driver/Inc/stm32f4xx_hal_uart.h:745:79: note: expected 'const uint8_t *' {aka 'const unsigned char *'} but argument is of type 'char *'
  745 | HAL_StatusTypeDef HAL_UART_Transmit(UART_HandleTypeDef *huart, const uint8_t *pData, uint16_t Size, uint32_t Timeout);
      |                                                                ~~~~~~~~~~~~~~~^~~~~
../Core/Src/main.c:161:61: warning: pointer targets in passing argument 2 of 'HAL_UART_Transmit' differ in signedness [-Wpointer-sign]
  161 |                                   HAL_UART_Transmit(&huart2,"\r\n", 4, HAL_MAX_DELAY);
      |                                                             ^~~~~~
      |                                                             |
      |                                                             char *
In file included from ../Core/Inc/stm32f4xx_hal_conf.h:411,
                 from ../Drivers/STM32F4xx_HAL_Driver/Inc/stm32f4xx_hal.h:29,
                 from ../Core/Inc/main.h:30,
                 from ../Core/Src/main.c:20:
../Drivers/STM32F4xx_HAL_Driver/Inc/stm32f4xx_hal_uart.h:745:79: note: expected 'const uint8_t *' {aka 'const unsigned char *'} but argument is of type 'char *'
  745 | HAL_StatusTypeDef HAL_UART_Transmit(UART_HandleTypeDef *huart, const uint8_t *pData, uint16_t Size, uint32_t Timeout);
      |                                                                ~~~~~~~~~~~~~~~^~~~~
../Core/Src/main.c:116:75: warning: 'sprintf' writing a terminating nul past the end of the destination [-Wformat-overflow=]
  116 |                           sprintf(startTimeStr2, "Start Time 2: %lu ms\n\r", startTime2);
      |                                                                           ^
../Core/Src/main.c:116:27: note: 'sprintf' output between 21 and 30 bytes into a destination of size 20
  116 |                           sprintf(startTimeStr2, "Start Time 2: %lu ms\n\r", startTime2);
      |                           ^~~~~~~~~~~~~~~~~~~~~~~~~~~~~~~~~~~~~~~~~~~~~~~~~~~~~~~~~~~~~~
../Core/Src/main.c:149:66: warning: ' m/s

' directive writing 6 bytes into a region of size between 0 and 7 [-Wformat-overflow=]
  149 |                                   sprintf(velStr, "Velocity: %.3f m/s\n\r", vel);
      |                                                                  ^~~~~~~~
../Core/Src/main.c:149:35: note: 'sprintf' output between 20 and 331 bytes into a destination of size 20
  149 |                                   sprintf(velStr, "Velocity: %.3f m/s\n\r", vel);
      |                                   ^~~~~~~~~~~~~~~~~~~~~~~~~~~~~~~~~~~~~~~~~~~~~~
../Core/Src/main.c:158:64: warning: ' m

' directive writing 4 bytes into a region of size between 0 and 5 [-Wformat-overflow=]
  158 |                                   sprintf(cl, "Car Length: %.3f m\n\r", carlength);
      |                                                                ^~~~~~
../Core/Src/main.c:158:35: note: 'sprintf' output between 20 and 331 bytes into a destination of size 20
  158 |                                   sprintf(cl, "Car Length: %.3f m\n\r", carlength);
      |                                   ^~~~~~~~~~~~~~~~~~~~~~~~~~~~~~~~~~~~~~~~~~~~~~~~
arm-none-eabi-gcc -o "final project.elf" @"objects.list"   -mcpu=cortex-m4 -T"C:\Users\ADMINSTRATOR\Desktop\embeded lab final\embeded-lab-final\embed-lab-stm32\final project\STM32F411RETX_FLASH.ld" --specs=nosys.specs -Wl,-Map="final project.map" -Wl,--gc-sections -static --specs=nano.specs -mfpu=fpv4-sp-d16 -mfloat-abi=hard -mthumb -u _printf_float -Wl,--start-group -lc -lm -Wl,--end-group
Finished building target: final project.elf
 
arm-none-eabi-size  final\ project.elf 
arm-none-eabi-objdump -h -S final\ project.elf  > "final project.list"
   text	   data	    bss	    dec	    hex	filename
  24756	    476	   1980	  27212	   6a4c	final project.elf
Finished building: default.size.stdout
 
Finished building: final project.list
 
13:24:52 **** Incremental Build of configuration Debug for project final project ****
make -j8 all 
arm-none-eabi-gcc "../Core/Src/main.c" -mcpu=cortex-m4 -std=gnu11 -g3 -DDEBUG -DUSE_HAL_DRIVER -DSTM32F411xE -c -I../Core/Inc -I../Drivers/STM32F4xx_HAL_Driver/Inc -I../Drivers/STM32F4xx_HAL_Driver/Inc/Legacy -I../Drivers/CMSIS/Device/ST/STM32F4xx/Include -I../Drivers/CMSIS/Include -O0 -ffunction-sections -fdata-sections -Wall -u_printf_float -fstack-usage -fcyclomatic-complexity -MMD -MP -MF"Core/Src/main.d" -MT"Core/Src/main.o" --specs=nano.specs -mfpu=fpv4-sp-d16 -mfloat-abi=hard -mthumb -o "Core/Src/main.o"
../Core/Src/main.c: In function 'main':
../Core/Src/main.c:107:27: warning: implicit declaration of function 'sprintf' [-Wimplicit-function-declaration]
  107 |                           sprintf(startTimeStr, "Start Time: %lu ms\n\r", startTime);
      |                           ^~~~~~~
../Core/Src/main.c:21:1: note: include '<stdio.h>' or provide a declaration of 'sprintf'
   20 | #include "main.h"
  +++ |+#include <stdio.h>
   21 | 
../Core/Src/main.c:107:27: warning: incompatible implicit declaration of built-in function 'sprintf' [-Wbuiltin-declaration-mismatch]
  107 |                           sprintf(startTimeStr, "Start Time: %lu ms\n\r", startTime);
      |                           ^~~~~~~
../Core/Src/main.c:107:27: note: include '<stdio.h>' or provide a declaration of 'sprintf'
../Core/Src/main.c:108:67: warning: implicit declaration of function 'strlen' [-Wimplicit-function-declaration]
  108 |                           HAL_UART_Transmit(&huart2,startTimeStr, strlen(startTimeStr), HAL_MAX_DELAY);
      |                                                                   ^~~~~~
../Core/Src/main.c:21:1: note: include '<string.h>' or provide a declaration of 'strlen'
   20 | #include "main.h"
  +++ |+#include <string.h>
   21 | 
../Core/Src/main.c:108:67: warning: incompatible implicit declaration of built-in function 'strlen' [-Wbuiltin-declaration-mismatch]
  108 |                           HAL_UART_Transmit(&huart2,startTimeStr, strlen(startTimeStr), HAL_MAX_DELAY);
      |                                                                   ^~~~~~
../Core/Src/main.c:108:67: note: include '<string.h>' or provide a declaration of 'strlen'
../Core/Src/main.c:108:53: warning: pointer targets in passing argument 2 of 'HAL_UART_Transmit' differ in signedness [-Wpointer-sign]
  108 |                           HAL_UART_Transmit(&huart2,startTimeStr, strlen(startTimeStr), HAL_MAX_DELAY);
      |                                                     ^~~~~~~~~~~~
      |                                                     |
      |                                                     char *
In file included from ../Core/Inc/stm32f4xx_hal_conf.h:411,
                 from ../Drivers/STM32F4xx_HAL_Driver/Inc/stm32f4xx_hal.h:29,
                 from ../Core/Inc/main.h:30,
                 from ../Core/Src/main.c:20:
../Drivers/STM32F4xx_HAL_Driver/Inc/stm32f4xx_hal_uart.h:745:79: note: expected 'const uint8_t *' {aka 'const unsigned char *'} but argument is of type 'char *'
  745 | HAL_StatusTypeDef HAL_UART_Transmit(UART_HandleTypeDef *huart, const uint8_t *pData, uint16_t Size, uint32_t Timeout);
      |                                                                ~~~~~~~~~~~~~~~^~~~~
../Core/Src/main.c:116:27: warning: incompatible implicit declaration of built-in function 'sprintf' [-Wbuiltin-declaration-mismatch]
  116 |                           sprintf(startTimeStr2, "Start Time 2: %lu ms\n\r", startTime2);
      |                           ^~~~~~~
../Core/Src/main.c:116:27: note: include '<stdio.h>' or provide a declaration of 'sprintf'
../Core/Src/main.c:117:68: warning: incompatible implicit declaration of built-in function 'strlen' [-Wbuiltin-declaration-mismatch]
  117 |                           HAL_UART_Transmit(&huart2,startTimeStr2, strlen(startTimeStr2), HAL_MAX_DELAY);
      |                                                                    ^~~~~~
../Core/Src/main.c:117:68: note: include '<string.h>' or provide a declaration of 'strlen'
../Core/Src/main.c:117:53: warning: pointer targets in passing argument 2 of 'HAL_UART_Transmit' differ in signedness [-Wpointer-sign]
  117 |                           HAL_UART_Transmit(&huart2,startTimeStr2, strlen(startTimeStr2), HAL_MAX_DELAY);
      |                                                     ^~~~~~~~~~~~~
      |                                                     |
      |                                                     char *
In file included from ../Core/Inc/stm32f4xx_hal_conf.h:411,
                 from ../Drivers/STM32F4xx_HAL_Driver/Inc/stm32f4xx_hal.h:29,
                 from ../Core/Inc/main.h:30,
                 from ../Core/Src/main.c:20:
../Drivers/STM32F4xx_HAL_Driver/Inc/stm32f4xx_hal_uart.h:745:79: note: expected 'const uint8_t *' {aka 'const unsigned char *'} but argument is of type 'char *'
  745 | HAL_StatusTypeDef HAL_UART_Transmit(UART_HandleTypeDef *huart, const uint8_t *pData, uint16_t Size, uint32_t Timeout);
      |                                                                ~~~~~~~~~~~~~~~^~~~~
../Core/Src/main.c:126:27: warning: incompatible implicit declaration of built-in function 'sprintf' [-Wbuiltin-declaration-mismatch]
  126 |                           sprintf(endTimeStr, "End Time: %lu ms\n\r", endTime);
      |                           ^~~~~~~
../Core/Src/main.c:126:27: note: include '<stdio.h>' or provide a declaration of 'sprintf'
../Core/Src/main.c:127:65: warning: incompatible implicit declaration of built-in function 'strlen' [-Wbuiltin-declaration-mismatch]
  127 |                           HAL_UART_Transmit(&huart2,endTimeStr, strlen(endTimeStr), HAL_MAX_DELAY);
      |                                                                 ^~~~~~
../Core/Src/main.c:127:65: note: include '<string.h>' or provide a declaration of 'strlen'
../Core/Src/main.c:127:53: warning: pointer targets in passing argument 2 of 'HAL_UART_Transmit' differ in signedness [-Wpointer-sign]
  127 |                           HAL_UART_Transmit(&huart2,endTimeStr, strlen(endTimeStr), HAL_MAX_DELAY);
      |                                                     ^~~~~~~~~~
      |                                                     |
      |                                                     char *
In file included from ../Core/Inc/stm32f4xx_hal_conf.h:411,
                 from ../Drivers/STM32F4xx_HAL_Driver/Inc/stm32f4xx_hal.h:29,
                 from ../Core/Inc/main.h:30,
                 from ../Core/Src/main.c:20:
../Drivers/STM32F4xx_HAL_Driver/Inc/stm32f4xx_hal_uart.h:745:79: note: expected 'const uint8_t *' {aka 'const unsigned char *'} but argument is of type 'char *'
  745 | HAL_StatusTypeDef HAL_UART_Transmit(UART_HandleTypeDef *huart, const uint8_t *pData, uint16_t Size, uint32_t Timeout);
      |                                                                ~~~~~~~~~~~~~~~^~~~~
../Core/Src/main.c:135:35: warning: incompatible implicit declaration of built-in function 'sprintf' [-Wbuiltin-declaration-mismatch]
  135 |                                   sprintf(endTimeStr2, "End Time 2: %lu ms\n\r", endTime2);
      |                                   ^~~~~~~
../Core/Src/main.c:135:35: note: include '<stdio.h>' or provide a declaration of 'sprintf'
../Core/Src/main.c:136:74: warning: incompatible implicit declaration of built-in function 'strlen' [-Wbuiltin-declaration-mismatch]
  136 |                                   HAL_UART_Transmit(&huart2,endTimeStr2, strlen(endTimeStr2), HAL_MAX_DELAY);
      |                                                                          ^~~~~~
../Core/Src/main.c:136:74: note: include '<string.h>' or provide a declaration of 'strlen'
../Core/Src/main.c:136:61: warning: pointer targets in passing argument 2 of 'HAL_UART_Transmit' differ in signedness [-Wpointer-sign]
  136 |                                   HAL_UART_Transmit(&huart2,endTimeStr2, strlen(endTimeStr2), HAL_MAX_DELAY);
      |                                                             ^~~~~~~~~~~
      |                                                             |
      |                                                             char *
In file included from ../Core/Inc/stm32f4xx_hal_conf.h:411,
                 from ../Drivers/STM32F4xx_HAL_Driver/Inc/stm32f4xx_hal.h:29,
                 from ../Core/Inc/main.h:30,
                 from ../Core/Src/main.c:20:
../Drivers/STM32F4xx_HAL_Driver/Inc/stm32f4xx_hal_uart.h:745:79: note: expected 'const uint8_t *' {aka 'const unsigned char *'} but argument is of type 'char *'
  745 | HAL_StatusTypeDef HAL_UART_Transmit(UART_HandleTypeDef *huart, const uint8_t *pData, uint16_t Size, uint32_t Timeout);
      |                                                                ~~~~~~~~~~~~~~~^~~~~
../Core/Src/main.c:144:61: warning: pointer targets in passing argument 2 of 'HAL_UART_Transmit' differ in signedness [-Wpointer-sign]
  144 |                                   HAL_UART_Transmit(&huart2,totalTimeStr, strlen(totalTimeStr), HAL_MAX_DELAY);
      |                                                             ^~~~~~~~~~~~
      |                                                             |
      |                                                             char *
In file included from ../Core/Inc/stm32f4xx_hal_conf.h:411,
                 from ../Drivers/STM32F4xx_HAL_Driver/Inc/stm32f4xx_hal.h:29,
                 from ../Core/Inc/main.h:30,
                 from ../Core/Src/main.c:20:
../Drivers/STM32F4xx_HAL_Driver/Inc/stm32f4xx_hal_uart.h:745:79: note: expected 'const uint8_t *' {aka 'const unsigned char *'} but argument is of type 'char *'
  745 | HAL_StatusTypeDef HAL_UART_Transmit(UART_HandleTypeDef *huart, const uint8_t *pData, uint16_t Size, uint32_t Timeout);
      |                                                                ~~~~~~~~~~~~~~~^~~~~
../Core/Src/main.c:150:61: warning: pointer targets in passing argument 2 of 'HAL_UART_Transmit' differ in signedness [-Wpointer-sign]
  150 |                                   HAL_UART_Transmit(&huart2,velStr, strlen(velStr), HAL_MAX_DELAY);
      |                                                             ^~~~~~
      |                                                             |
      |                                                             char *
In file included from ../Core/Inc/stm32f4xx_hal_conf.h:411,
                 from ../Drivers/STM32F4xx_HAL_Driver/Inc/stm32f4xx_hal.h:29,
                 from ../Core/Inc/main.h:30,
                 from ../Core/Src/main.c:20:
../Drivers/STM32F4xx_HAL_Driver/Inc/stm32f4xx_hal_uart.h:745:79: note: expected 'const uint8_t *' {aka 'const unsigned char *'} but argument is of type 'char *'
  745 | HAL_StatusTypeDef HAL_UART_Transmit(UART_HandleTypeDef *huart, const uint8_t *pData, uint16_t Size, uint32_t Timeout);
      |                                                                ~~~~~~~~~~~~~~~^~~~~
../Core/Src/main.c:159:61: warning: pointer targets in passing argument 2 of 'HAL_UART_Transmit' differ in signedness [-Wpointer-sign]
  159 |                                   HAL_UART_Transmit(&huart2,cl, strlen(cl), HAL_MAX_DELAY);
      |                                                             ^~
      |                                                             |
      |                                                             char *
In file included from ../Core/Inc/stm32f4xx_hal_conf.h:411,
                 from ../Drivers/STM32F4xx_HAL_Driver/Inc/stm32f4xx_hal.h:29,
                 from ../Core/Inc/main.h:30,
                 from ../Core/Src/main.c:20:
../Drivers/STM32F4xx_HAL_Driver/Inc/stm32f4xx_hal_uart.h:745:79: note: expected 'const uint8_t *' {aka 'const unsigned char *'} but argument is of type 'char *'
  745 | HAL_StatusTypeDef HAL_UART_Transmit(UART_HandleTypeDef *huart, const uint8_t *pData, uint16_t Size, uint32_t Timeout);
      |                                                                ~~~~~~~~~~~~~~~^~~~~
../Core/Src/main.c:161:61: warning: pointer targets in passing argument 2 of 'HAL_UART_Transmit' differ in signedness [-Wpointer-sign]
  161 |                                   HAL_UART_Transmit(&huart2,"\r\n", 4, HAL_MAX_DELAY);
      |                                                             ^~~~~~
      |                                                             |
      |                                                             char *
In file included from ../Core/Inc/stm32f4xx_hal_conf.h:411,
                 from ../Drivers/STM32F4xx_HAL_Driver/Inc/stm32f4xx_hal.h:29,
                 from ../Core/Inc/main.h:30,
                 from ../Core/Src/main.c:20:
../Drivers/STM32F4xx_HAL_Driver/Inc/stm32f4xx_hal_uart.h:745:79: note: expected 'const uint8_t *' {aka 'const unsigned char *'} but argument is of type 'char *'
  745 | HAL_StatusTypeDef HAL_UART_Transmit(UART_HandleTypeDef *huart, const uint8_t *pData, uint16_t Size, uint32_t Timeout);
      |                                                                ~~~~~~~~~~~~~~~^~~~~
../Core/Src/main.c:116:75: warning: 'sprintf' writing a terminating nul past the end of the destination [-Wformat-overflow=]
  116 |                           sprintf(startTimeStr2, "Start Time 2: %lu ms\n\r", startTime2);
      |                                                                           ^
../Core/Src/main.c:116:27: note: 'sprintf' output between 21 and 30 bytes into a destination of size 20
  116 |                           sprintf(startTimeStr2, "Start Time 2: %lu ms\n\r", startTime2);
      |                           ^~~~~~~~~~~~~~~~~~~~~~~~~~~~~~~~~~~~~~~~~~~~~~~~~~~~~~~~~~~~~~
../Core/Src/main.c:149:66: warning: ' m/s

' directive writing 6 bytes into a region of size between 0 and 7 [-Wformat-overflow=]
  149 |                                   sprintf(velStr, "Velocity: %.3f m/s\n\r", vel);
      |                                                                  ^~~~~~~~
../Core/Src/main.c:149:35: note: 'sprintf' output between 20 and 331 bytes into a destination of size 20
  149 |                                   sprintf(velStr, "Velocity: %.3f m/s\n\r", vel);
      |                                   ^~~~~~~~~~~~~~~~~~~~~~~~~~~~~~~~~~~~~~~~~~~~~~
../Core/Src/main.c:158:64: warning: ' m

' directive writing 4 bytes into a region of size between 0 and 5 [-Wformat-overflow=]
  158 |                                   sprintf(cl, "Car Length: %.3f m\n\r", carlength);
      |                                                                ^~~~~~
../Core/Src/main.c:158:35: note: 'sprintf' output between 20 and 331 bytes into a destination of size 20
  158 |                                   sprintf(cl, "Car Length: %.3f m\n\r", carlength);
      |                                   ^~~~~~~~~~~~~~~~~~~~~~~~~~~~~~~~~~~~~~~~~~~~~~~~
arm-none-eabi-gcc -o "final project.elf" @"objects.list"   -mcpu=cortex-m4 -T"C:\Users\ADMINSTRATOR\Desktop\embeded lab final\embeded-lab-final\embed-lab-stm32\final project\STM32F411RETX_FLASH.ld" --specs=nosys.specs -Wl,-Map="final project.map" -Wl,--gc-sections -static --specs=nano.specs -mfpu=fpv4-sp-d16 -mfloat-abi=hard -mthumb -u _printf_float -Wl,--start-group -lc -lm -Wl,--end-group
Finished building target: final project.elf
 
arm-none-eabi-size  final\ project.elf 
arm-none-eabi-objdump -h -S final\ project.elf  > "final project.list"
   text	   data	    bss	    dec	    hex	filename
  24756	    476	   1980	  27212	   6a4c	final project.elf
Finished building: default.size.stdout
 
Finished building: final project.list
 
13:25:30 **** Incremental Build of configuration Debug for project final project ****
make -j8 all 
arm-none-eabi-gcc "../Core/Src/main.c" -mcpu=cortex-m4 -std=gnu11 -g3 -DDEBUG -DUSE_HAL_DRIVER -DSTM32F411xE -c -I../Core/Inc -I../Drivers/STM32F4xx_HAL_Driver/Inc -I../Drivers/STM32F4xx_HAL_Driver/Inc/Legacy -I../Drivers/CMSIS/Device/ST/STM32F4xx/Include -I../Drivers/CMSIS/Include -O0 -ffunction-sections -fdata-sections -Wall -u_printf_float -fstack-usage -fcyclomatic-complexity -MMD -MP -MF"Core/Src/main.d" -MT"Core/Src/main.o" --specs=nano.specs -mfpu=fpv4-sp-d16 -mfloat-abi=hard -mthumb -o "Core/Src/main.o"
../Core/Src/main.c: In function 'main':
../Core/Src/main.c:107:27: warning: implicit declaration of function 'sprintf' [-Wimplicit-function-declaration]
  107 |                           sprintf(startTimeStr, "Start Time: %lu ms\n\r", startTime);
      |                           ^~~~~~~
../Core/Src/main.c:21:1: note: include '<stdio.h>' or provide a declaration of 'sprintf'
   20 | #include "main.h"
  +++ |+#include <stdio.h>
   21 | 
../Core/Src/main.c:107:27: warning: incompatible implicit declaration of built-in function 'sprintf' [-Wbuiltin-declaration-mismatch]
  107 |                           sprintf(startTimeStr, "Start Time: %lu ms\n\r", startTime);
      |                           ^~~~~~~
../Core/Src/main.c:107:27: note: include '<stdio.h>' or provide a declaration of 'sprintf'
../Core/Src/main.c:108:67: warning: implicit declaration of function 'strlen' [-Wimplicit-function-declaration]
  108 |                           HAL_UART_Transmit(&huart2,startTimeStr, strlen(startTimeStr), HAL_MAX_DELAY);
      |                                                                   ^~~~~~
../Core/Src/main.c:21:1: note: include '<string.h>' or provide a declaration of 'strlen'
   20 | #include "main.h"
  +++ |+#include <string.h>
   21 | 
../Core/Src/main.c:108:67: warning: incompatible implicit declaration of built-in function 'strlen' [-Wbuiltin-declaration-mismatch]
  108 |                           HAL_UART_Transmit(&huart2,startTimeStr, strlen(startTimeStr), HAL_MAX_DELAY);
      |                                                                   ^~~~~~
../Core/Src/main.c:108:67: note: include '<string.h>' or provide a declaration of 'strlen'
../Core/Src/main.c:108:53: warning: pointer targets in passing argument 2 of 'HAL_UART_Transmit' differ in signedness [-Wpointer-sign]
  108 |                           HAL_UART_Transmit(&huart2,startTimeStr, strlen(startTimeStr), HAL_MAX_DELAY);
      |                                                     ^~~~~~~~~~~~
      |                                                     |
      |                                                     char *
In file included from ../Core/Inc/stm32f4xx_hal_conf.h:411,
                 from ../Drivers/STM32F4xx_HAL_Driver/Inc/stm32f4xx_hal.h:29,
                 from ../Core/Inc/main.h:30,
                 from ../Core/Src/main.c:20:
../Drivers/STM32F4xx_HAL_Driver/Inc/stm32f4xx_hal_uart.h:745:79: note: expected 'const uint8_t *' {aka 'const unsigned char *'} but argument is of type 'char *'
  745 | HAL_StatusTypeDef HAL_UART_Transmit(UART_HandleTypeDef *huart, const uint8_t *pData, uint16_t Size, uint32_t Timeout);
      |                                                                ~~~~~~~~~~~~~~~^~~~~
../Core/Src/main.c:116:27: warning: incompatible implicit declaration of built-in function 'sprintf' [-Wbuiltin-declaration-mismatch]
  116 |                           sprintf(startTimeStr2, "Start Time 2: %lu ms\n\r", startTime2);
      |                           ^~~~~~~
../Core/Src/main.c:116:27: note: include '<stdio.h>' or provide a declaration of 'sprintf'
../Core/Src/main.c:117:68: warning: incompatible implicit declaration of built-in function 'strlen' [-Wbuiltin-declaration-mismatch]
  117 |                           HAL_UART_Transmit(&huart2,startTimeStr2, strlen(startTimeStr2), HAL_MAX_DELAY);
      |                                                                    ^~~~~~
../Core/Src/main.c:117:68: note: include '<string.h>' or provide a declaration of 'strlen'
../Core/Src/main.c:117:53: warning: pointer targets in passing argument 2 of 'HAL_UART_Transmit' differ in signedness [-Wpointer-sign]
  117 |                           HAL_UART_Transmit(&huart2,startTimeStr2, strlen(startTimeStr2), HAL_MAX_DELAY);
      |                                                     ^~~~~~~~~~~~~
      |                                                     |
      |                                                     char *
In file included from ../Core/Inc/stm32f4xx_hal_conf.h:411,
                 from ../Drivers/STM32F4xx_HAL_Driver/Inc/stm32f4xx_hal.h:29,
                 from ../Core/Inc/main.h:30,
                 from ../Core/Src/main.c:20:
../Drivers/STM32F4xx_HAL_Driver/Inc/stm32f4xx_hal_uart.h:745:79: note: expected 'const uint8_t *' {aka 'const unsigned char *'} but argument is of type 'char *'
  745 | HAL_StatusTypeDef HAL_UART_Transmit(UART_HandleTypeDef *huart, const uint8_t *pData, uint16_t Size, uint32_t Timeout);
      |                                                                ~~~~~~~~~~~~~~~^~~~~
../Core/Src/main.c:126:27: warning: incompatible implicit declaration of built-in function 'sprintf' [-Wbuiltin-declaration-mismatch]
  126 |                           sprintf(endTimeStr, "End Time: %lu ms\n\r", endTime);
      |                           ^~~~~~~
../Core/Src/main.c:126:27: note: include '<stdio.h>' or provide a declaration of 'sprintf'
../Core/Src/main.c:127:65: warning: incompatible implicit declaration of built-in function 'strlen' [-Wbuiltin-declaration-mismatch]
  127 |                           HAL_UART_Transmit(&huart2,endTimeStr, strlen(endTimeStr), HAL_MAX_DELAY);
      |                                                                 ^~~~~~
../Core/Src/main.c:127:65: note: include '<string.h>' or provide a declaration of 'strlen'
../Core/Src/main.c:127:53: warning: pointer targets in passing argument 2 of 'HAL_UART_Transmit' differ in signedness [-Wpointer-sign]
  127 |                           HAL_UART_Transmit(&huart2,endTimeStr, strlen(endTimeStr), HAL_MAX_DELAY);
      |                                                     ^~~~~~~~~~
      |                                                     |
      |                                                     char *
In file included from ../Core/Inc/stm32f4xx_hal_conf.h:411,
                 from ../Drivers/STM32F4xx_HAL_Driver/Inc/stm32f4xx_hal.h:29,
                 from ../Core/Inc/main.h:30,
                 from ../Core/Src/main.c:20:
../Drivers/STM32F4xx_HAL_Driver/Inc/stm32f4xx_hal_uart.h:745:79: note: expected 'const uint8_t *' {aka 'const unsigned char *'} but argument is of type 'char *'
  745 | HAL_StatusTypeDef HAL_UART_Transmit(UART_HandleTypeDef *huart, const uint8_t *pData, uint16_t Size, uint32_t Timeout);
      |                                                                ~~~~~~~~~~~~~~~^~~~~
../Core/Src/main.c:135:35: warning: incompatible implicit declaration of built-in function 'sprintf' [-Wbuiltin-declaration-mismatch]
  135 |                                   sprintf(endTimeStr2, "End Time 2: %lu ms\n\r", endTime2);
      |                                   ^~~~~~~
../Core/Src/main.c:135:35: note: include '<stdio.h>' or provide a declaration of 'sprintf'
../Core/Src/main.c:136:74: warning: incompatible implicit declaration of built-in function 'strlen' [-Wbuiltin-declaration-mismatch]
  136 |                                   HAL_UART_Transmit(&huart2,endTimeStr2, strlen(endTimeStr2), HAL_MAX_DELAY);
      |                                                                          ^~~~~~
../Core/Src/main.c:136:74: note: include '<string.h>' or provide a declaration of 'strlen'
../Core/Src/main.c:136:61: warning: pointer targets in passing argument 2 of 'HAL_UART_Transmit' differ in signedness [-Wpointer-sign]
  136 |                                   HAL_UART_Transmit(&huart2,endTimeStr2, strlen(endTimeStr2), HAL_MAX_DELAY);
      |                                                             ^~~~~~~~~~~
      |                                                             |
      |                                                             char *
In file included from ../Core/Inc/stm32f4xx_hal_conf.h:411,
                 from ../Drivers/STM32F4xx_HAL_Driver/Inc/stm32f4xx_hal.h:29,
                 from ../Core/Inc/main.h:30,
                 from ../Core/Src/main.c:20:
../Drivers/STM32F4xx_HAL_Driver/Inc/stm32f4xx_hal_uart.h:745:79: note: expected 'const uint8_t *' {aka 'const unsigned char *'} but argument is of type 'char *'
  745 | HAL_StatusTypeDef HAL_UART_Transmit(UART_HandleTypeDef *huart, const uint8_t *pData, uint16_t Size, uint32_t Timeout);
      |                                                                ~~~~~~~~~~~~~~~^~~~~
../Core/Src/main.c:144:61: warning: pointer targets in passing argument 2 of 'HAL_UART_Transmit' differ in signedness [-Wpointer-sign]
  144 |                                   HAL_UART_Transmit(&huart2,totalTimeStr, strlen(totalTimeStr), HAL_MAX_DELAY);
      |                                                             ^~~~~~~~~~~~
      |                                                             |
      |                                                             char *
In file included from ../Core/Inc/stm32f4xx_hal_conf.h:411,
                 from ../Drivers/STM32F4xx_HAL_Driver/Inc/stm32f4xx_hal.h:29,
                 from ../Core/Inc/main.h:30,
                 from ../Core/Src/main.c:20:
../Drivers/STM32F4xx_HAL_Driver/Inc/stm32f4xx_hal_uart.h:745:79: note: expected 'const uint8_t *' {aka 'const unsigned char *'} but argument is of type 'char *'
  745 | HAL_StatusTypeDef HAL_UART_Transmit(UART_HandleTypeDef *huart, const uint8_t *pData, uint16_t Size, uint32_t Timeout);
      |                                                                ~~~~~~~~~~~~~~~^~~~~
../Core/Src/main.c:150:61: warning: pointer targets in passing argument 2 of 'HAL_UART_Transmit' differ in signedness [-Wpointer-sign]
  150 |                                   HAL_UART_Transmit(&huart2,velStr, strlen(velStr), HAL_MAX_DELAY);
      |                                                             ^~~~~~
      |                                                             |
      |                                                             char *
In file included from ../Core/Inc/stm32f4xx_hal_conf.h:411,
                 from ../Drivers/STM32F4xx_HAL_Driver/Inc/stm32f4xx_hal.h:29,
                 from ../Core/Inc/main.h:30,
                 from ../Core/Src/main.c:20:
../Drivers/STM32F4xx_HAL_Driver/Inc/stm32f4xx_hal_uart.h:745:79: note: expected 'const uint8_t *' {aka 'const unsigned char *'} but argument is of type 'char *'
  745 | HAL_StatusTypeDef HAL_UART_Transmit(UART_HandleTypeDef *huart, const uint8_t *pData, uint16_t Size, uint32_t Timeout);
      |                                                                ~~~~~~~~~~~~~~~^~~~~
../Core/Src/main.c:159:61: warning: pointer targets in passing argument 2 of 'HAL_UART_Transmit' differ in signedness [-Wpointer-sign]
  159 |                                   HAL_UART_Transmit(&huart2,cl, strlen(cl), HAL_MAX_DELAY);
      |                                                             ^~
      |                                                             |
      |                                                             char *
In file included from ../Core/Inc/stm32f4xx_hal_conf.h:411,
                 from ../Drivers/STM32F4xx_HAL_Driver/Inc/stm32f4xx_hal.h:29,
                 from ../Core/Inc/main.h:30,
                 from ../Core/Src/main.c:20:
../Drivers/STM32F4xx_HAL_Driver/Inc/stm32f4xx_hal_uart.h:745:79: note: expected 'const uint8_t *' {aka 'const unsigned char *'} but argument is of type 'char *'
  745 | HAL_StatusTypeDef HAL_UART_Transmit(UART_HandleTypeDef *huart, const uint8_t *pData, uint16_t Size, uint32_t Timeout);
      |                                                                ~~~~~~~~~~~~~~~^~~~~
../Core/Src/main.c:161:61: warning: pointer targets in passing argument 2 of 'HAL_UART_Transmit' differ in signedness [-Wpointer-sign]
  161 |                                   HAL_UART_Transmit(&huart2,"\r\n", 4, HAL_MAX_DELAY);
      |                                                             ^~~~~~
      |                                                             |
      |                                                             char *
In file included from ../Core/Inc/stm32f4xx_hal_conf.h:411,
                 from ../Drivers/STM32F4xx_HAL_Driver/Inc/stm32f4xx_hal.h:29,
                 from ../Core/Inc/main.h:30,
                 from ../Core/Src/main.c:20:
../Drivers/STM32F4xx_HAL_Driver/Inc/stm32f4xx_hal_uart.h:745:79: note: expected 'const uint8_t *' {aka 'const unsigned char *'} but argument is of type 'char *'
  745 | HAL_StatusTypeDef HAL_UART_Transmit(UART_HandleTypeDef *huart, const uint8_t *pData, uint16_t Size, uint32_t Timeout);
      |                                                                ~~~~~~~~~~~~~~~^~~~~
../Core/Src/main.c:116:75: warning: 'sprintf' writing a terminating nul past the end of the destination [-Wformat-overflow=]
  116 |                           sprintf(startTimeStr2, "Start Time 2: %lu ms\n\r", startTime2);
      |                                                                           ^
../Core/Src/main.c:116:27: note: 'sprintf' output between 21 and 30 bytes into a destination of size 20
  116 |                           sprintf(startTimeStr2, "Start Time 2: %lu ms\n\r", startTime2);
      |                           ^~~~~~~~~~~~~~~~~~~~~~~~~~~~~~~~~~~~~~~~~~~~~~~~~~~~~~~~~~~~~~
../Core/Src/main.c:149:66: warning: ' m/s

' directive writing 6 bytes into a region of size between 0 and 7 [-Wformat-overflow=]
  149 |                                   sprintf(velStr, "Velocity: %.3f m/s\n\r", vel);
      |                                                                  ^~~~~~~~
../Core/Src/main.c:149:35: note: 'sprintf' output between 20 and 331 bytes into a destination of size 20
  149 |                                   sprintf(velStr, "Velocity: %.3f m/s\n\r", vel);
      |                                   ^~~~~~~~~~~~~~~~~~~~~~~~~~~~~~~~~~~~~~~~~~~~~~
../Core/Src/main.c:158:64: warning: ' m

' directive writing 4 bytes into a region of size between 0 and 5 [-Wformat-overflow=]
  158 |                                   sprintf(cl, "Car Length: %.3f m\n\r", carlength);
      |                                                                ^~~~~~
../Core/Src/main.c:158:35: note: 'sprintf' output between 20 and 331 bytes into a destination of size 20
  158 |                                   sprintf(cl, "Car Length: %.3f m\n\r", carlength);
      |                                   ^~~~~~~~~~~~~~~~~~~~~~~~~~~~~~~~~~~~~~~~~~~~~~~~
arm-none-eabi-gcc -o "final project.elf" @"objects.list"   -mcpu=cortex-m4 -T"C:\Users\ADMINSTRATOR\Desktop\embeded lab final\embeded-lab-final\embed-lab-stm32\final project\STM32F411RETX_FLASH.ld" --specs=nosys.specs -Wl,-Map="final project.map" -Wl,--gc-sections -static --specs=nano.specs -mfpu=fpv4-sp-d16 -mfloat-abi=hard -mthumb -u _printf_float -Wl,--start-group -lc -lm -Wl,--end-group
Finished building target: final project.elf
 
arm-none-eabi-size  final\ project.elf 
arm-none-eabi-objdump -h -S final\ project.elf  > "final project.list"
   text	   data	    bss	    dec	    hex	filename
  24756	    476	   1980	  27212	   6a4c	final project.elf
Finished building: default.size.stdout
 
Finished building: final project.list
 
13:29:18 **** Incremental Build of configuration Debug for project final project ****
make -j8 all 
arm-none-eabi-gcc "../Core/Src/main.c" -mcpu=cortex-m4 -std=gnu11 -g3 -DDEBUG -DUSE_HAL_DRIVER -DSTM32F411xE -c -I../Core/Inc -I../Drivers/STM32F4xx_HAL_Driver/Inc -I../Drivers/STM32F4xx_HAL_Driver/Inc/Legacy -I../Drivers/CMSIS/Device/ST/STM32F4xx/Include -I../Drivers/CMSIS/Include -O0 -ffunction-sections -fdata-sections -Wall -u_printf_float -fstack-usage -fcyclomatic-complexity -MMD -MP -MF"Core/Src/main.d" -MT"Core/Src/main.o" --specs=nano.specs -mfpu=fpv4-sp-d16 -mfloat-abi=hard -mthumb -o "Core/Src/main.o"
../Core/Src/main.c: In function 'main':
../Core/Src/main.c:94:3: error: unknown type name 'flaot'; did you mean 'float'?
   94 |   flaot speedLimit = 1; //m/s
      |   ^~~~~
      |   float
../Core/Src/main.c:108:27: warning: implicit declaration of function 'sprintf' [-Wimplicit-function-declaration]
  108 |                           sprintf(startTimeStr, "Start Time: %lu ms\n\r", startTime);
      |                           ^~~~~~~
../Core/Src/main.c:21:1: note: include '<stdio.h>' or provide a declaration of 'sprintf'
   20 | #include "main.h"
  +++ |+#include <stdio.h>
   21 | 
../Core/Src/main.c:108:27: warning: incompatible implicit declaration of built-in function 'sprintf' [-Wbuiltin-declaration-mismatch]
  108 |                           sprintf(startTimeStr, "Start Time: %lu ms\n\r", startTime);
      |                           ^~~~~~~
../Core/Src/main.c:108:27: note: include '<stdio.h>' or provide a declaration of 'sprintf'
../Core/Src/main.c:109:67: warning: implicit declaration of function 'strlen' [-Wimplicit-function-declaration]
  109 |                           HAL_UART_Transmit(&huart2,startTimeStr, strlen(startTimeStr), HAL_MAX_DELAY);
      |                                                                   ^~~~~~
../Core/Src/main.c:21:1: note: include '<string.h>' or provide a declaration of 'strlen'
   20 | #include "main.h"
  +++ |+#include <string.h>
   21 | 
../Core/Src/main.c:109:67: warning: incompatible implicit declaration of built-in function 'strlen' [-Wbuiltin-declaration-mismatch]
  109 |                           HAL_UART_Transmit(&huart2,startTimeStr, strlen(startTimeStr), HAL_MAX_DELAY);
      |                                                                   ^~~~~~
../Core/Src/main.c:109:67: note: include '<string.h>' or provide a declaration of 'strlen'
../Core/Src/main.c:109:53: warning: pointer targets in passing argument 2 of 'HAL_UART_Transmit' differ in signedness [-Wpointer-sign]
  109 |                           HAL_UART_Transmit(&huart2,startTimeStr, strlen(startTimeStr), HAL_MAX_DELAY);
      |                                                     ^~~~~~~~~~~~
      |                                                     |
      |                                                     char *
In file included from ../Core/Inc/stm32f4xx_hal_conf.h:411,
                 from ../Drivers/STM32F4xx_HAL_Driver/Inc/stm32f4xx_hal.h:29,
                 from ../Core/Inc/main.h:30,
                 from ../Core/Src/main.c:20:
../Drivers/STM32F4xx_HAL_Driver/Inc/stm32f4xx_hal_uart.h:745:79: note: expected 'const uint8_t *' {aka 'const unsigned char *'} but argument is of type 'char *'
  745 | HAL_StatusTypeDef HAL_UART_Transmit(UART_HandleTypeDef *huart, const uint8_t *pData, uint16_t Size, uint32_t Timeout);
      |                                                                ~~~~~~~~~~~~~~~^~~~~
../Core/Src/main.c:117:27: warning: incompatible implicit declaration of built-in function 'sprintf' [-Wbuiltin-declaration-mismatch]
  117 |                           sprintf(startTimeStr2, "Start Time 2: %lu ms\n\r", startTime2);
      |                           ^~~~~~~
../Core/Src/main.c:117:27: note: include '<stdio.h>' or provide a declaration of 'sprintf'
../Core/Src/main.c:118:68: warning: incompatible implicit declaration of built-in function 'strlen' [-Wbuiltin-declaration-mismatch]
  118 |                           HAL_UART_Transmit(&huart2,startTimeStr2, strlen(startTimeStr2), HAL_MAX_DELAY);
      |                                                                    ^~~~~~
../Core/Src/main.c:118:68: note: include '<string.h>' or provide a declaration of 'strlen'
../Core/Src/main.c:118:53: warning: pointer targets in passing argument 2 of 'HAL_UART_Transmit' differ in signedness [-Wpointer-sign]
  118 |                           HAL_UART_Transmit(&huart2,startTimeStr2, strlen(startTimeStr2), HAL_MAX_DELAY);
      |                                                     ^~~~~~~~~~~~~
      |                                                     |
      |                                                     char *
In file included from ../Core/Inc/stm32f4xx_hal_conf.h:411,
                 from ../Drivers/STM32F4xx_HAL_Driver/Inc/stm32f4xx_hal.h:29,
                 from ../Core/Inc/main.h:30,
                 from ../Core/Src/main.c:20:
../Drivers/STM32F4xx_HAL_Driver/Inc/stm32f4xx_hal_uart.h:745:79: note: expected 'const uint8_t *' {aka 'const unsigned char *'} but argument is of type 'char *'
  745 | HAL_StatusTypeDef HAL_UART_Transmit(UART_HandleTypeDef *huart, const uint8_t *pData, uint16_t Size, uint32_t Timeout);
      |                                                                ~~~~~~~~~~~~~~~^~~~~
../Core/Src/main.c:127:27: warning: incompatible implicit declaration of built-in function 'sprintf' [-Wbuiltin-declaration-mismatch]
  127 |                           sprintf(endTimeStr, "End Time: %lu ms\n\r", endTime);
      |                           ^~~~~~~
../Core/Src/main.c:127:27: note: include '<stdio.h>' or provide a declaration of 'sprintf'
../Core/Src/main.c:128:65: warning: incompatible implicit declaration of built-in function 'strlen' [-Wbuiltin-declaration-mismatch]
  128 |                           HAL_UART_Transmit(&huart2,endTimeStr, strlen(endTimeStr), HAL_MAX_DELAY);
      |                                                                 ^~~~~~
../Core/Src/main.c:128:65: note: include '<string.h>' or provide a declaration of 'strlen'
../Core/Src/main.c:128:53: warning: pointer targets in passing argument 2 of 'HAL_UART_Transmit' differ in signedness [-Wpointer-sign]
  128 |                           HAL_UART_Transmit(&huart2,endTimeStr, strlen(endTimeStr), HAL_MAX_DELAY);
      |                                                     ^~~~~~~~~~
      |                                                     |
      |                                                     char *
In file included from ../Core/Inc/stm32f4xx_hal_conf.h:411,
                 from ../Drivers/STM32F4xx_HAL_Driver/Inc/stm32f4xx_hal.h:29,
                 from ../Core/Inc/main.h:30,
                 from ../Core/Src/main.c:20:
../Drivers/STM32F4xx_HAL_Driver/Inc/stm32f4xx_hal_uart.h:745:79: note: expected 'const uint8_t *' {aka 'const unsigned char *'} but argument is of type 'char *'
  745 | HAL_StatusTypeDef HAL_UART_Transmit(UART_HandleTypeDef *huart, const uint8_t *pData, uint16_t Size, uint32_t Timeout);
      |                                                                ~~~~~~~~~~~~~~~^~~~~
../Core/Src/main.c:136:35: warning: incompatible implicit declaration of built-in function 'sprintf' [-Wbuiltin-declaration-mismatch]
  136 |                                   sprintf(endTimeStr2, "End Time 2: %lu ms\n\r", endTime2);
      |                                   ^~~~~~~
../Core/Src/main.c:136:35: note: include '<stdio.h>' or provide a declaration of 'sprintf'
../Core/Src/main.c:137:74: warning: incompatible implicit declaration of built-in function 'strlen' [-Wbuiltin-declaration-mismatch]
  137 |                                   HAL_UART_Transmit(&huart2,endTimeStr2, strlen(endTimeStr2), HAL_MAX_DELAY);
      |                                                                          ^~~~~~
../Core/Src/main.c:137:74: note: include '<string.h>' or provide a declaration of 'strlen'
../Core/Src/main.c:137:61: warning: pointer targets in passing argument 2 of 'HAL_UART_Transmit' differ in signedness [-Wpointer-sign]
  137 |                                   HAL_UART_Transmit(&huart2,endTimeStr2, strlen(endTimeStr2), HAL_MAX_DELAY);
      |                                                             ^~~~~~~~~~~
      |                                                             |
      |                                                             char *
In file included from ../Core/Inc/stm32f4xx_hal_conf.h:411,
                 from ../Drivers/STM32F4xx_HAL_Driver/Inc/stm32f4xx_hal.h:29,
                 from ../Core/Inc/main.h:30,
                 from ../Core/Src/main.c:20:
../Drivers/STM32F4xx_HAL_Driver/Inc/stm32f4xx_hal_uart.h:745:79: note: expected 'const uint8_t *' {aka 'const unsigned char *'} but argument is of type 'char *'
  745 | HAL_StatusTypeDef HAL_UART_Transmit(UART_HandleTypeDef *huart, const uint8_t *pData, uint16_t Size, uint32_t Timeout);
      |                                                                ~~~~~~~~~~~~~~~^~~~~
../Core/Src/main.c:145:61: warning: pointer targets in passing argument 2 of 'HAL_UART_Transmit' differ in signedness [-Wpointer-sign]
  145 |                                   HAL_UART_Transmit(&huart2,totalTimeStr, strlen(totalTimeStr), HAL_MAX_DELAY);
      |                                                             ^~~~~~~~~~~~
      |                                                             |
      |                                                             char *
In file included from ../Core/Inc/stm32f4xx_hal_conf.h:411,
                 from ../Drivers/STM32F4xx_HAL_Driver/Inc/stm32f4xx_hal.h:29,
                 from ../Core/Inc/main.h:30,
                 from ../Core/Src/main.c:20:
../Drivers/STM32F4xx_HAL_Driver/Inc/stm32f4xx_hal_uart.h:745:79: note: expected 'const uint8_t *' {aka 'const unsigned char *'} but argument is of type 'char *'
  745 | HAL_StatusTypeDef HAL_UART_Transmit(UART_HandleTypeDef *huart, const uint8_t *pData, uint16_t Size, uint32_t Timeout);
      |                                                                ~~~~~~~~~~~~~~~^~~~~
../Core/Src/main.c:151:61: warning: pointer targets in passing argument 2 of 'HAL_UART_Transmit' differ in signedness [-Wpointer-sign]
  151 |                                   HAL_UART_Transmit(&huart2,velStr, strlen(velStr), HAL_MAX_DELAY);
      |                                                             ^~~~~~
      |                                                             |
      |                                                             char *
In file included from ../Core/Inc/stm32f4xx_hal_conf.h:411,
                 from ../Drivers/STM32F4xx_HAL_Driver/Inc/stm32f4xx_hal.h:29,
                 from ../Core/Inc/main.h:30,
                 from ../Core/Src/main.c:20:
../Drivers/STM32F4xx_HAL_Driver/Inc/stm32f4xx_hal_uart.h:745:79: note: expected 'const uint8_t *' {aka 'const unsigned char *'} but argument is of type 'char *'
  745 | HAL_StatusTypeDef HAL_UART_Transmit(UART_HandleTypeDef *huart, const uint8_t *pData, uint16_t Size, uint32_t Timeout);
      |                                                                ~~~~~~~~~~~~~~~^~~~~
../Core/Src/main.c:160:61: warning: pointer targets in passing argument 2 of 'HAL_UART_Transmit' differ in signedness [-Wpointer-sign]
  160 |                                   HAL_UART_Transmit(&huart2,cl, strlen(cl), HAL_MAX_DELAY);
      |                                                             ^~
      |                                                             |
      |                                                             char *
In file included from ../Core/Inc/stm32f4xx_hal_conf.h:411,
                 from ../Drivers/STM32F4xx_HAL_Driver/Inc/stm32f4xx_hal.h:29,
                 from ../Core/Inc/main.h:30,
                 from ../Core/Src/main.c:20:
../Drivers/STM32F4xx_HAL_Driver/Inc/stm32f4xx_hal_uart.h:745:79: note: expected 'const uint8_t *' {aka 'const unsigned char *'} but argument is of type 'char *'
  745 | HAL_StatusTypeDef HAL_UART_Transmit(UART_HandleTypeDef *huart, const uint8_t *pData, uint16_t Size, uint32_t Timeout);
      |                                                                ~~~~~~~~~~~~~~~^~~~~
../Core/Src/main.c:162:61: warning: pointer targets in passing argument 2 of 'HAL_UART_Transmit' differ in signedness [-Wpointer-sign]
  162 |                                   HAL_UART_Transmit(&huart2,"\r\n", 4, HAL_MAX_DELAY);
      |                                                             ^~~~~~
      |                                                             |
      |                                                             char *
In file included from ../Core/Inc/stm32f4xx_hal_conf.h:411,
                 from ../Drivers/STM32F4xx_HAL_Driver/Inc/stm32f4xx_hal.h:29,
                 from ../Core/Inc/main.h:30,
                 from ../Core/Src/main.c:20:
../Drivers/STM32F4xx_HAL_Driver/Inc/stm32f4xx_hal_uart.h:745:79: note: expected 'const uint8_t *' {aka 'const unsigned char *'} but argument is of type 'char *'
  745 | HAL_StatusTypeDef HAL_UART_Transmit(UART_HandleTypeDef *huart, const uint8_t *pData, uint16_t Size, uint32_t Timeout);
      |                                                                ~~~~~~~~~~~~~~~^~~~~
../Core/Src/main.c:165:54: error: 'huart1' undeclared (first use in this function); did you mean 'huart2'?
  165 |                                   HAL_UART_Transmit(&huart1,vels,strlen(vels),HAL_MAX_DELAY);
      |                                                      ^~~~~~
      |                                                      huart2
../Core/Src/main.c:165:54: note: each undeclared identifier is reported only once for each function it appears in
../Core/Src/main.c:165:61: warning: pointer targets in passing argument 2 of 'HAL_UART_Transmit' differ in signedness [-Wpointer-sign]
  165 |                                   HAL_UART_Transmit(&huart1,vels,strlen(vels),HAL_MAX_DELAY);
      |                                                             ^~~~
      |                                                             |
      |                                                             char *
In file included from ../Core/Inc/stm32f4xx_hal_conf.h:411,
                 from ../Drivers/STM32F4xx_HAL_Driver/Inc/stm32f4xx_hal.h:29,
                 from ../Core/Inc/main.h:30,
                 from ../Core/Src/main.c:20:
../Drivers/STM32F4xx_HAL_Driver/Inc/stm32f4xx_hal_uart.h:745:79: note: expected 'const uint8_t *' {aka 'const unsigned char *'} but argument is of type 'char *'
  745 | HAL_StatusTypeDef HAL_UART_Transmit(UART_HandleTypeDef *huart, const uint8_t *pData, uint16_t Size, uint32_t Timeout);
      |                                                                ~~~~~~~~~~~~~~~^~~~~
../Core/Src/main.c:117:75: warning: 'sprintf' writing a terminating nul past the end of the destination [-Wformat-overflow=]
  117 |                           sprintf(startTimeStr2, "Start Time 2: %lu ms\n\r", startTime2);
      |                                                                           ^
../Core/Src/main.c:117:27: note: 'sprintf' output between 21 and 30 bytes into a destination of size 20
  117 |                           sprintf(startTimeStr2, "Start Time 2: %lu ms\n\r", startTime2);
      |                           ^~~~~~~~~~~~~~~~~~~~~~~~~~~~~~~~~~~~~~~~~~~~~~~~~~~~~~~~~~~~~~
../Core/Src/main.c:150:66: warning: ' m/s

' directive writing 6 bytes into a region of size between 0 and 7 [-Wformat-overflow=]
  150 |                                   sprintf(velStr, "Velocity: %.3f m/s\n\r", vel);
      |                                                                  ^~~~~~~~
../Core/Src/main.c:150:35: note: 'sprintf' output between 20 and 331 bytes into a destination of size 20
  150 |                                   sprintf(velStr, "Velocity: %.3f m/s\n\r", vel);
      |                                   ^~~~~~~~~~~~~~~~~~~~~~~~~~~~~~~~~~~~~~~~~~~~~~
../Core/Src/main.c:159:64: warning: ' m

' directive writing 4 bytes into a region of size between 0 and 5 [-Wformat-overflow=]
  159 |                                   sprintf(cl, "Car Length: %.3f m\n\r", carlength);
      |                                                                ^~~~~~
../Core/Src/main.c:159:35: note: 'sprintf' output between 20 and 331 bytes into a destination of size 20
  159 |                                   sprintf(cl, "Car Length: %.3f m\n\r", carlength);
      |                                   ^~~~~~~~~~~~~~~~~~~~~~~~~~~~~~~~~~~~~~~~~~~~~~~~
make: *** [Core/Src/subdir.mk:34: Core/Src/main.o] Error 1
"make -j8 all" terminated with exit code 2. Build might be incomplete.
13:30:44 **** Incremental Build of configuration Debug for project final project ****
make -j8 all 
arm-none-eabi-gcc "../Core/Src/main.c" -mcpu=cortex-m4 -std=gnu11 -g3 -DDEBUG -DUSE_HAL_DRIVER -DSTM32F411xE -c -I../Core/Inc -I../Drivers/STM32F4xx_HAL_Driver/Inc -I../Drivers/STM32F4xx_HAL_Driver/Inc/Legacy -I../Drivers/CMSIS/Device/ST/STM32F4xx/Include -I../Drivers/CMSIS/Include -O0 -ffunction-sections -fdata-sections -Wall -u_printf_float -fstack-usage -fcyclomatic-complexity -MMD -MP -MF"Core/Src/main.d" -MT"Core/Src/main.o" --specs=nano.specs -mfpu=fpv4-sp-d16 -mfloat-abi=hard -mthumb -o "Core/Src/main.o"
../Core/Src/main.c: In function 'main':
../Core/Src/main.c:94:3: error: unknown type name 'flaot'; did you mean 'float'?
   94 |   flaot speedLimit = 1; //m/s
      |   ^~~~~
      |   float
../Core/Src/main.c:108:27: warning: implicit declaration of function 'sprintf' [-Wimplicit-function-declaration]
  108 |                           sprintf(startTimeStr, "Start Time: %lu ms\n\r", startTime);
      |                           ^~~~~~~
../Core/Src/main.c:21:1: note: include '<stdio.h>' or provide a declaration of 'sprintf'
   20 | #include "main.h"
  +++ |+#include <stdio.h>
   21 | 
../Core/Src/main.c:108:27: warning: incompatible implicit declaration of built-in function 'sprintf' [-Wbuiltin-declaration-mismatch]
  108 |                           sprintf(startTimeStr, "Start Time: %lu ms\n\r", startTime);
      |                           ^~~~~~~
../Core/Src/main.c:108:27: note: include '<stdio.h>' or provide a declaration of 'sprintf'
../Core/Src/main.c:109:67: warning: implicit declaration of function 'strlen' [-Wimplicit-function-declaration]
  109 |                           HAL_UART_Transmit(&huart2,startTimeStr, strlen(startTimeStr), HAL_MAX_DELAY);
      |                                                                   ^~~~~~
../Core/Src/main.c:21:1: note: include '<string.h>' or provide a declaration of 'strlen'
   20 | #include "main.h"
  +++ |+#include <string.h>
   21 | 
../Core/Src/main.c:109:67: warning: incompatible implicit declaration of built-in function 'strlen' [-Wbuiltin-declaration-mismatch]
  109 |                           HAL_UART_Transmit(&huart2,startTimeStr, strlen(startTimeStr), HAL_MAX_DELAY);
      |                                                                   ^~~~~~
../Core/Src/main.c:109:67: note: include '<string.h>' or provide a declaration of 'strlen'
../Core/Src/main.c:109:53: warning: pointer targets in passing argument 2 of 'HAL_UART_Transmit' differ in signedness [-Wpointer-sign]
  109 |                           HAL_UART_Transmit(&huart2,startTimeStr, strlen(startTimeStr), HAL_MAX_DELAY);
      |                                                     ^~~~~~~~~~~~
      |                                                     |
      |                                                     char *
In file included from ../Core/Inc/stm32f4xx_hal_conf.h:411,
                 from ../Drivers/STM32F4xx_HAL_Driver/Inc/stm32f4xx_hal.h:29,
                 from ../Core/Inc/main.h:30,
                 from ../Core/Src/main.c:20:
../Drivers/STM32F4xx_HAL_Driver/Inc/stm32f4xx_hal_uart.h:745:79: note: expected 'const uint8_t *' {aka 'const unsigned char *'} but argument is of type 'char *'
  745 | HAL_StatusTypeDef HAL_UART_Transmit(UART_HandleTypeDef *huart, const uint8_t *pData, uint16_t Size, uint32_t Timeout);
      |                                                                ~~~~~~~~~~~~~~~^~~~~
../Core/Src/main.c:117:27: warning: incompatible implicit declaration of built-in function 'sprintf' [-Wbuiltin-declaration-mismatch]
  117 |                           sprintf(startTimeStr2, "Start Time 2: %lu ms\n\r", startTime2);
      |                           ^~~~~~~
../Core/Src/main.c:117:27: note: include '<stdio.h>' or provide a declaration of 'sprintf'
../Core/Src/main.c:118:68: warning: incompatible implicit declaration of built-in function 'strlen' [-Wbuiltin-declaration-mismatch]
  118 |                           HAL_UART_Transmit(&huart2,startTimeStr2, strlen(startTimeStr2), HAL_MAX_DELAY);
      |                                                                    ^~~~~~
../Core/Src/main.c:118:68: note: include '<string.h>' or provide a declaration of 'strlen'
../Core/Src/main.c:118:53: warning: pointer targets in passing argument 2 of 'HAL_UART_Transmit' differ in signedness [-Wpointer-sign]
  118 |                           HAL_UART_Transmit(&huart2,startTimeStr2, strlen(startTimeStr2), HAL_MAX_DELAY);
      |                                                     ^~~~~~~~~~~~~
      |                                                     |
      |                                                     char *
In file included from ../Core/Inc/stm32f4xx_hal_conf.h:411,
                 from ../Drivers/STM32F4xx_HAL_Driver/Inc/stm32f4xx_hal.h:29,
                 from ../Core/Inc/main.h:30,
                 from ../Core/Src/main.c:20:
../Drivers/STM32F4xx_HAL_Driver/Inc/stm32f4xx_hal_uart.h:745:79: note: expected 'const uint8_t *' {aka 'const unsigned char *'} but argument is of type 'char *'
  745 | HAL_StatusTypeDef HAL_UART_Transmit(UART_HandleTypeDef *huart, const uint8_t *pData, uint16_t Size, uint32_t Timeout);
      |                                                                ~~~~~~~~~~~~~~~^~~~~
../Core/Src/main.c:127:27: warning: incompatible implicit declaration of built-in function 'sprintf' [-Wbuiltin-declaration-mismatch]
  127 |                           sprintf(endTimeStr, "End Time: %lu ms\n\r", endTime);
      |                           ^~~~~~~
../Core/Src/main.c:127:27: note: include '<stdio.h>' or provide a declaration of 'sprintf'
../Core/Src/main.c:128:65: warning: incompatible implicit declaration of built-in function 'strlen' [-Wbuiltin-declaration-mismatch]
  128 |                           HAL_UART_Transmit(&huart2,endTimeStr, strlen(endTimeStr), HAL_MAX_DELAY);
      |                                                                 ^~~~~~
../Core/Src/main.c:128:65: note: include '<string.h>' or provide a declaration of 'strlen'
../Core/Src/main.c:128:53: warning: pointer targets in passing argument 2 of 'HAL_UART_Transmit' differ in signedness [-Wpointer-sign]
  128 |                           HAL_UART_Transmit(&huart2,endTimeStr, strlen(endTimeStr), HAL_MAX_DELAY);
      |                                                     ^~~~~~~~~~
      |                                                     |
      |                                                     char *
In file included from ../Core/Inc/stm32f4xx_hal_conf.h:411,
                 from ../Drivers/STM32F4xx_HAL_Driver/Inc/stm32f4xx_hal.h:29,
                 from ../Core/Inc/main.h:30,
                 from ../Core/Src/main.c:20:
../Drivers/STM32F4xx_HAL_Driver/Inc/stm32f4xx_hal_uart.h:745:79: note: expected 'const uint8_t *' {aka 'const unsigned char *'} but argument is of type 'char *'
  745 | HAL_StatusTypeDef HAL_UART_Transmit(UART_HandleTypeDef *huart, const uint8_t *pData, uint16_t Size, uint32_t Timeout);
      |                                                                ~~~~~~~~~~~~~~~^~~~~
../Core/Src/main.c:136:35: warning: incompatible implicit declaration of built-in function 'sprintf' [-Wbuiltin-declaration-mismatch]
  136 |                                   sprintf(endTimeStr2, "End Time 2: %lu ms\n\r", endTime2);
      |                                   ^~~~~~~
../Core/Src/main.c:136:35: note: include '<stdio.h>' or provide a declaration of 'sprintf'
../Core/Src/main.c:137:74: warning: incompatible implicit declaration of built-in function 'strlen' [-Wbuiltin-declaration-mismatch]
  137 |                                   HAL_UART_Transmit(&huart2,endTimeStr2, strlen(endTimeStr2), HAL_MAX_DELAY);
      |                                                                          ^~~~~~
../Core/Src/main.c:137:74: note: include '<string.h>' or provide a declaration of 'strlen'
../Core/Src/main.c:137:61: warning: pointer targets in passing argument 2 of 'HAL_UART_Transmit' differ in signedness [-Wpointer-sign]
  137 |                                   HAL_UART_Transmit(&huart2,endTimeStr2, strlen(endTimeStr2), HAL_MAX_DELAY);
      |                                                             ^~~~~~~~~~~
      |                                                             |
      |                                                             char *
In file included from ../Core/Inc/stm32f4xx_hal_conf.h:411,
                 from ../Drivers/STM32F4xx_HAL_Driver/Inc/stm32f4xx_hal.h:29,
                 from ../Core/Inc/main.h:30,
                 from ../Core/Src/main.c:20:
../Drivers/STM32F4xx_HAL_Driver/Inc/stm32f4xx_hal_uart.h:745:79: note: expected 'const uint8_t *' {aka 'const unsigned char *'} but argument is of type 'char *'
  745 | HAL_StatusTypeDef HAL_UART_Transmit(UART_HandleTypeDef *huart, const uint8_t *pData, uint16_t Size, uint32_t Timeout);
      |                                                                ~~~~~~~~~~~~~~~^~~~~
../Core/Src/main.c:145:61: warning: pointer targets in passing argument 2 of 'HAL_UART_Transmit' differ in signedness [-Wpointer-sign]
  145 |                                   HAL_UART_Transmit(&huart2,totalTimeStr, strlen(totalTimeStr), HAL_MAX_DELAY);
      |                                                             ^~~~~~~~~~~~
      |                                                             |
      |                                                             char *
In file included from ../Core/Inc/stm32f4xx_hal_conf.h:411,
                 from ../Drivers/STM32F4xx_HAL_Driver/Inc/stm32f4xx_hal.h:29,
                 from ../Core/Inc/main.h:30,
                 from ../Core/Src/main.c:20:
../Drivers/STM32F4xx_HAL_Driver/Inc/stm32f4xx_hal_uart.h:745:79: note: expected 'const uint8_t *' {aka 'const unsigned char *'} but argument is of type 'char *'
  745 | HAL_StatusTypeDef HAL_UART_Transmit(UART_HandleTypeDef *huart, const uint8_t *pData, uint16_t Size, uint32_t Timeout);
      |                                                                ~~~~~~~~~~~~~~~^~~~~
../Core/Src/main.c:151:61: warning: pointer targets in passing argument 2 of 'HAL_UART_Transmit' differ in signedness [-Wpointer-sign]
  151 |                                   HAL_UART_Transmit(&huart2,velStr, strlen(velStr), HAL_MAX_DELAY);
      |                                                             ^~~~~~
      |                                                             |
      |                                                             char *
In file included from ../Core/Inc/stm32f4xx_hal_conf.h:411,
                 from ../Drivers/STM32F4xx_HAL_Driver/Inc/stm32f4xx_hal.h:29,
                 from ../Core/Inc/main.h:30,
                 from ../Core/Src/main.c:20:
../Drivers/STM32F4xx_HAL_Driver/Inc/stm32f4xx_hal_uart.h:745:79: note: expected 'const uint8_t *' {aka 'const unsigned char *'} but argument is of type 'char *'
  745 | HAL_StatusTypeDef HAL_UART_Transmit(UART_HandleTypeDef *huart, const uint8_t *pData, uint16_t Size, uint32_t Timeout);
      |                                                                ~~~~~~~~~~~~~~~^~~~~
../Core/Src/main.c:160:61: warning: pointer targets in passing argument 2 of 'HAL_UART_Transmit' differ in signedness [-Wpointer-sign]
  160 |                                   HAL_UART_Transmit(&huart2,cl, strlen(cl), HAL_MAX_DELAY);
      |                                                             ^~
      |                                                             |
      |                                                             char *
In file included from ../Core/Inc/stm32f4xx_hal_conf.h:411,
                 from ../Drivers/STM32F4xx_HAL_Driver/Inc/stm32f4xx_hal.h:29,
                 from ../Core/Inc/main.h:30,
                 from ../Core/Src/main.c:20:
../Drivers/STM32F4xx_HAL_Driver/Inc/stm32f4xx_hal_uart.h:745:79: note: expected 'const uint8_t *' {aka 'const unsigned char *'} but argument is of type 'char *'
  745 | HAL_StatusTypeDef HAL_UART_Transmit(UART_HandleTypeDef *huart, const uint8_t *pData, uint16_t Size, uint32_t Timeout);
      |                                                                ~~~~~~~~~~~~~~~^~~~~
../Core/Src/main.c:162:61: warning: pointer targets in passing argument 2 of 'HAL_UART_Transmit' differ in signedness [-Wpointer-sign]
  162 |                                   HAL_UART_Transmit(&huart2,"\r\n", 4, HAL_MAX_DELAY);
      |                                                             ^~~~~~
      |                                                             |
      |                                                             char *
In file included from ../Core/Inc/stm32f4xx_hal_conf.h:411,
                 from ../Drivers/STM32F4xx_HAL_Driver/Inc/stm32f4xx_hal.h:29,
                 from ../Core/Inc/main.h:30,
                 from ../Core/Src/main.c:20:
../Drivers/STM32F4xx_HAL_Driver/Inc/stm32f4xx_hal_uart.h:745:79: note: expected 'const uint8_t *' {aka 'const unsigned char *'} but argument is of type 'char *'
  745 | HAL_StatusTypeDef HAL_UART_Transmit(UART_HandleTypeDef *huart, const uint8_t *pData, uint16_t Size, uint32_t Timeout);
      |                                                                ~~~~~~~~~~~~~~~^~~~~
../Core/Src/main.c:165:54: error: 'huart1' undeclared (first use in this function); did you mean 'huart2'?
  165 |                                   HAL_UART_Transmit(&huart1,vels,strlen(vels),HAL_MAX_DELAY);
      |                                                      ^~~~~~
      |                                                      huart2
../Core/Src/main.c:165:54: note: each undeclared identifier is reported only once for each function it appears in
../Core/Src/main.c:165:61: warning: pointer targets in passing argument 2 of 'HAL_UART_Transmit' differ in signedness [-Wpointer-sign]
  165 |                                   HAL_UART_Transmit(&huart1,vels,strlen(vels),HAL_MAX_DELAY);
      |                                                             ^~~~
      |                                                             |
      |                                                             char *
In file included from ../Core/Inc/stm32f4xx_hal_conf.h:411,
                 from ../Drivers/STM32F4xx_HAL_Driver/Inc/stm32f4xx_hal.h:29,
                 from ../Core/Inc/main.h:30,
                 from ../Core/Src/main.c:20:
../Drivers/STM32F4xx_HAL_Driver/Inc/stm32f4xx_hal_uart.h:745:79: note: expected 'const uint8_t *' {aka 'const unsigned char *'} but argument is of type 'char *'
  745 | HAL_StatusTypeDef HAL_UART_Transmit(UART_HandleTypeDef *huart, const uint8_t *pData, uint16_t Size, uint32_t Timeout);
      |                                                                ~~~~~~~~~~~~~~~^~~~~
../Core/Src/main.c:117:75: warning: 'sprintf' writing a terminating nul past the end of the destination [-Wformat-overflow=]
  117 |                           sprintf(startTimeStr2, "Start Time 2: %lu ms\n\r", startTime2);
      |                                                                           ^
../Core/Src/main.c:117:27: note: 'sprintf' output between 21 and 30 bytes into a destination of size 20
  117 |                           sprintf(startTimeStr2, "Start Time 2: %lu ms\n\r", startTime2);
      |                           ^~~~~~~~~~~~~~~~~~~~~~~~~~~~~~~~~~~~~~~~~~~~~~~~~~~~~~~~~~~~~~
../Core/Src/main.c:150:66: warning: ' m/s

' directive writing 6 bytes into a region of size between 0 and 7 [-Wformat-overflow=]
  150 |                                   sprintf(velStr, "Velocity: %.3f m/s\n\r", vel);
      |                                                                  ^~~~~~~~
../Core/Src/main.c:150:35: note: 'sprintf' output between 20 and 331 bytes into a destination of size 20
  150 |                                   sprintf(velStr, "Velocity: %.3f m/s\n\r", vel);
      |                                   ^~~~~~~~~~~~~~~~~~~~~~~~~~~~~~~~~~~~~~~~~~~~~~
../Core/Src/main.c:159:64: warning: ' m

' directive writing 4 bytes into a region of size between 0 and 5 [-Wformat-overflow=]
  159 |                                   sprintf(cl, "Car Length: %.3f m\n\r", carlength);
      |                                                                ^~~~~~
../Core/Src/main.c:159:35: note: 'sprintf' output between 20 and 331 bytes into a destination of size 20
  159 |                                   sprintf(cl, "Car Length: %.3f m\n\r", carlength);
      |                                   ^~~~~~~~~~~~~~~~~~~~~~~~~~~~~~~~~~~~~~~~~~~~~~~~
make: *** [Core/Src/subdir.mk:34: Core/Src/main.o] Error 1
"make -j8 all" terminated with exit code 2. Build might be incomplete.
13:31:40 **** Incremental Build of configuration Debug for project final project ****
make -j8 all 
arm-none-eabi-gcc "../Core/Src/main.c" -mcpu=cortex-m4 -std=gnu11 -g3 -DDEBUG -DUSE_HAL_DRIVER -DSTM32F411xE -c -I../Core/Inc -I../Drivers/STM32F4xx_HAL_Driver/Inc -I../Drivers/STM32F4xx_HAL_Driver/Inc/Legacy -I../Drivers/CMSIS/Device/ST/STM32F4xx/Include -I../Drivers/CMSIS/Include -O0 -ffunction-sections -fdata-sections -Wall -u_printf_float -fstack-usage -fcyclomatic-complexity -MMD -MP -MF"Core/Src/main.d" -MT"Core/Src/main.o" --specs=nano.specs -mfpu=fpv4-sp-d16 -mfloat-abi=hard -mthumb -o "Core/Src/main.o"
arm-none-eabi-gcc "../Core/Src/stm32f4xx_hal_msp.c" -mcpu=cortex-m4 -std=gnu11 -g3 -DDEBUG -DUSE_HAL_DRIVER -DSTM32F411xE -c -I../Core/Inc -I../Drivers/STM32F4xx_HAL_Driver/Inc -I../Drivers/STM32F4xx_HAL_Driver/Inc/Legacy -I../Drivers/CMSIS/Device/ST/STM32F4xx/Include -I../Drivers/CMSIS/Include -O0 -ffunction-sections -fdata-sections -Wall -fstack-usage -fcyclomatic-complexity -MMD -MP -MF"Core/Src/stm32f4xx_hal_msp.d" -MT"Core/Src/stm32f4xx_hal_msp.o" --specs=nano.specs -mfpu=fpv4-sp-d16 -mfloat-abi=hard -mthumb -o "Core/Src/stm32f4xx_hal_msp.o"
../Core/Src/main.c: In function 'main':
../Core/Src/main.c:97:3: error: unknown type name 'flaot'; did you mean 'float'?
   97 |   flaot speedLimit = 1; //m/s
      |   ^~~~~
      |   float
../Core/Src/main.c:111:27: warning: implicit declaration of function 'sprintf' [-Wimplicit-function-declaration]
  111 |                           sprintf(startTimeStr, "Start Time: %lu ms\n\r", startTime);
      |                           ^~~~~~~
../Core/Src/main.c:21:1: note: include '<stdio.h>' or provide a declaration of 'sprintf'
   20 | #include "main.h"
  +++ |+#include <stdio.h>
   21 | 
../Core/Src/main.c:111:27: warning: incompatible implicit declaration of built-in function 'sprintf' [-Wbuiltin-declaration-mismatch]
  111 |                           sprintf(startTimeStr, "Start Time: %lu ms\n\r", startTime);
      |                           ^~~~~~~
../Core/Src/main.c:111:27: note: include '<stdio.h>' or provide a declaration of 'sprintf'
../Core/Src/main.c:112:67: warning: implicit declaration of function 'strlen' [-Wimplicit-function-declaration]
  112 |                           HAL_UART_Transmit(&huart2,startTimeStr, strlen(startTimeStr), HAL_MAX_DELAY);
      |                                                                   ^~~~~~
../Core/Src/main.c:21:1: note: include '<string.h>' or provide a declaration of 'strlen'
   20 | #include "main.h"
  +++ |+#include <string.h>
   21 | 
../Core/Src/main.c:112:67: warning: incompatible implicit declaration of built-in function 'strlen' [-Wbuiltin-declaration-mismatch]
  112 |                           HAL_UART_Transmit(&huart2,startTimeStr, strlen(startTimeStr), HAL_MAX_DELAY);
      |                                                                   ^~~~~~
../Core/Src/main.c:112:67: note: include '<string.h>' or provide a declaration of 'strlen'
../Core/Src/main.c:112:53: warning: pointer targets in passing argument 2 of 'HAL_UART_Transmit' differ in signedness [-Wpointer-sign]
  112 |                           HAL_UART_Transmit(&huart2,startTimeStr, strlen(startTimeStr), HAL_MAX_DELAY);
      |                                                     ^~~~~~~~~~~~
      |                                                     |
      |                                                     char *
In file included from ../Core/Inc/stm32f4xx_hal_conf.h:411,
                 from ../Drivers/STM32F4xx_HAL_Driver/Inc/stm32f4xx_hal.h:29,
                 from ../Core/Inc/main.h:30,
                 from ../Core/Src/main.c:20:
../Drivers/STM32F4xx_HAL_Driver/Inc/stm32f4xx_hal_uart.h:745:79: note: expected 'const uint8_t *' {aka 'const unsigned char *'} but argument is of type 'char *'
  745 | HAL_StatusTypeDef HAL_UART_Transmit(UART_HandleTypeDef *huart, const uint8_t *pData, uint16_t Size, uint32_t Timeout);
      |                                                                ~~~~~~~~~~~~~~~^~~~~
../Core/Src/main.c:120:27: warning: incompatible implicit declaration of built-in function 'sprintf' [-Wbuiltin-declaration-mismatch]
  120 |                           sprintf(startTimeStr2, "Start Time 2: %lu ms\n\r", startTime2);
      |                           ^~~~~~~
../Core/Src/main.c:120:27: note: include '<stdio.h>' or provide a declaration of 'sprintf'
../Core/Src/main.c:121:68: warning: incompatible implicit declaration of built-in function 'strlen' [-Wbuiltin-declaration-mismatch]
  121 |                           HAL_UART_Transmit(&huart2,startTimeStr2, strlen(startTimeStr2), HAL_MAX_DELAY);
      |                                                                    ^~~~~~
../Core/Src/main.c:121:68: note: include '<string.h>' or provide a declaration of 'strlen'
../Core/Src/main.c:121:53: warning: pointer targets in passing argument 2 of 'HAL_UART_Transmit' differ in signedness [-Wpointer-sign]
  121 |                           HAL_UART_Transmit(&huart2,startTimeStr2, strlen(startTimeStr2), HAL_MAX_DELAY);
      |                                                     ^~~~~~~~~~~~~
      |                                                     |
      |                                                     char *
In file included from ../Core/Inc/stm32f4xx_hal_conf.h:411,
                 from ../Drivers/STM32F4xx_HAL_Driver/Inc/stm32f4xx_hal.h:29,
                 from ../Core/Inc/main.h:30,
                 from ../Core/Src/main.c:20:
../Drivers/STM32F4xx_HAL_Driver/Inc/stm32f4xx_hal_uart.h:745:79: note: expected 'const uint8_t *' {aka 'const unsigned char *'} but argument is of type 'char *'
  745 | HAL_StatusTypeDef HAL_UART_Transmit(UART_HandleTypeDef *huart, const uint8_t *pData, uint16_t Size, uint32_t Timeout);
      |                                                                ~~~~~~~~~~~~~~~^~~~~
../Core/Src/main.c:130:27: warning: incompatible implicit declaration of built-in function 'sprintf' [-Wbuiltin-declaration-mismatch]
  130 |                           sprintf(endTimeStr, "End Time: %lu ms\n\r", endTime);
      |                           ^~~~~~~
../Core/Src/main.c:130:27: note: include '<stdio.h>' or provide a declaration of 'sprintf'
../Core/Src/main.c:131:65: warning: incompatible implicit declaration of built-in function 'strlen' [-Wbuiltin-declaration-mismatch]
  131 |                           HAL_UART_Transmit(&huart2,endTimeStr, strlen(endTimeStr), HAL_MAX_DELAY);
      |                                                                 ^~~~~~
../Core/Src/main.c:131:65: note: include '<string.h>' or provide a declaration of 'strlen'
../Core/Src/main.c:131:53: warning: pointer targets in passing argument 2 of 'HAL_UART_Transmit' differ in signedness [-Wpointer-sign]
  131 |                           HAL_UART_Transmit(&huart2,endTimeStr, strlen(endTimeStr), HAL_MAX_DELAY);
      |                                                     ^~~~~~~~~~
      |                                                     |
      |                                                     char *
In file included from ../Core/Inc/stm32f4xx_hal_conf.h:411,
                 from ../Drivers/STM32F4xx_HAL_Driver/Inc/stm32f4xx_hal.h:29,
                 from ../Core/Inc/main.h:30,
                 from ../Core/Src/main.c:20:
../Drivers/STM32F4xx_HAL_Driver/Inc/stm32f4xx_hal_uart.h:745:79: note: expected 'const uint8_t *' {aka 'const unsigned char *'} but argument is of type 'char *'
  745 | HAL_StatusTypeDef HAL_UART_Transmit(UART_HandleTypeDef *huart, const uint8_t *pData, uint16_t Size, uint32_t Timeout);
      |                                                                ~~~~~~~~~~~~~~~^~~~~
../Core/Src/main.c:139:35: warning: incompatible implicit declaration of built-in function 'sprintf' [-Wbuiltin-declaration-mismatch]
  139 |                                   sprintf(endTimeStr2, "End Time 2: %lu ms\n\r", endTime2);
      |                                   ^~~~~~~
../Core/Src/main.c:139:35: note: include '<stdio.h>' or provide a declaration of 'sprintf'
../Core/Src/main.c:140:74: warning: incompatible implicit declaration of built-in function 'strlen' [-Wbuiltin-declaration-mismatch]
  140 |                                   HAL_UART_Transmit(&huart2,endTimeStr2, strlen(endTimeStr2), HAL_MAX_DELAY);
      |                                                                          ^~~~~~
../Core/Src/main.c:140:74: note: include '<string.h>' or provide a declaration of 'strlen'
../Core/Src/main.c:140:61: warning: pointer targets in passing argument 2 of 'HAL_UART_Transmit' differ in signedness [-Wpointer-sign]
  140 |                                   HAL_UART_Transmit(&huart2,endTimeStr2, strlen(endTimeStr2), HAL_MAX_DELAY);
      |                                                             ^~~~~~~~~~~
      |                                                             |
      |                                                             char *
In file included from ../Core/Inc/stm32f4xx_hal_conf.h:411,
                 from ../Drivers/STM32F4xx_HAL_Driver/Inc/stm32f4xx_hal.h:29,
                 from ../Core/Inc/main.h:30,
                 from ../Core/Src/main.c:20:
../Drivers/STM32F4xx_HAL_Driver/Inc/stm32f4xx_hal_uart.h:745:79: note: expected 'const uint8_t *' {aka 'const unsigned char *'} but argument is of type 'char *'
  745 | HAL_StatusTypeDef HAL_UART_Transmit(UART_HandleTypeDef *huart, const uint8_t *pData, uint16_t Size, uint32_t Timeout);
      |                                                                ~~~~~~~~~~~~~~~^~~~~
../Core/Src/main.c:148:61: warning: pointer targets in passing argument 2 of 'HAL_UART_Transmit' differ in signedness [-Wpointer-sign]
  148 |                                   HAL_UART_Transmit(&huart2,totalTimeStr, strlen(totalTimeStr), HAL_MAX_DELAY);
      |                                                             ^~~~~~~~~~~~
      |                                                             |
      |                                                             char *
In file included from ../Core/Inc/stm32f4xx_hal_conf.h:411,
                 from ../Drivers/STM32F4xx_HAL_Driver/Inc/stm32f4xx_hal.h:29,
                 from ../Core/Inc/main.h:30,
                 from ../Core/Src/main.c:20:
../Drivers/STM32F4xx_HAL_Driver/Inc/stm32f4xx_hal_uart.h:745:79: note: expected 'const uint8_t *' {aka 'const unsigned char *'} but argument is of type 'char *'
  745 | HAL_StatusTypeDef HAL_UART_Transmit(UART_HandleTypeDef *huart, const uint8_t *pData, uint16_t Size, uint32_t Timeout);
      |                                                                ~~~~~~~~~~~~~~~^~~~~
../Core/Src/main.c:154:61: warning: pointer targets in passing argument 2 of 'HAL_UART_Transmit' differ in signedness [-Wpointer-sign]
  154 |                                   HAL_UART_Transmit(&huart2,velStr, strlen(velStr), HAL_MAX_DELAY);
      |                                                             ^~~~~~
      |                                                             |
      |                                                             char *
In file included from ../Core/Inc/stm32f4xx_hal_conf.h:411,
                 from ../Drivers/STM32F4xx_HAL_Driver/Inc/stm32f4xx_hal.h:29,
                 from ../Core/Inc/main.h:30,
                 from ../Core/Src/main.c:20:
../Drivers/STM32F4xx_HAL_Driver/Inc/stm32f4xx_hal_uart.h:745:79: note: expected 'const uint8_t *' {aka 'const unsigned char *'} but argument is of type 'char *'
  745 | HAL_StatusTypeDef HAL_UART_Transmit(UART_HandleTypeDef *huart, const uint8_t *pData, uint16_t Size, uint32_t Timeout);
      |                                                                ~~~~~~~~~~~~~~~^~~~~
../Core/Src/main.c:163:61: warning: pointer targets in passing argument 2 of 'HAL_UART_Transmit' differ in signedness [-Wpointer-sign]
  163 |                                   HAL_UART_Transmit(&huart2,cl, strlen(cl), HAL_MAX_DELAY);
      |                                                             ^~
      |                                                             |
      |                                                             char *
In file included from ../Core/Inc/stm32f4xx_hal_conf.h:411,
                 from ../Drivers/STM32F4xx_HAL_Driver/Inc/stm32f4xx_hal.h:29,
                 from ../Core/Inc/main.h:30,
                 from ../Core/Src/main.c:20:
../Drivers/STM32F4xx_HAL_Driver/Inc/stm32f4xx_hal_uart.h:745:79: note: expected 'const uint8_t *' {aka 'const unsigned char *'} but argument is of type 'char *'
  745 | HAL_StatusTypeDef HAL_UART_Transmit(UART_HandleTypeDef *huart, const uint8_t *pData, uint16_t Size, uint32_t Timeout);
      |                                                                ~~~~~~~~~~~~~~~^~~~~
../Core/Src/main.c:165:61: warning: pointer targets in passing argument 2 of 'HAL_UART_Transmit' differ in signedness [-Wpointer-sign]
  165 |                                   HAL_UART_Transmit(&huart2,"\r\n", 4, HAL_MAX_DELAY);
      |                                                             ^~~~~~
      |                                                             |
      |                                                             char *
In file included from ../Core/Inc/stm32f4xx_hal_conf.h:411,
                 from ../Drivers/STM32F4xx_HAL_Driver/Inc/stm32f4xx_hal.h:29,
                 from ../Core/Inc/main.h:30,
                 from ../Core/Src/main.c:20:
../Drivers/STM32F4xx_HAL_Driver/Inc/stm32f4xx_hal_uart.h:745:79: note: expected 'const uint8_t *' {aka 'const unsigned char *'} but argument is of type 'char *'
  745 | HAL_StatusTypeDef HAL_UART_Transmit(UART_HandleTypeDef *huart, const uint8_t *pData, uint16_t Size, uint32_t Timeout);
      |                                                                ~~~~~~~~~~~~~~~^~~~~
../Core/Src/main.c:168:61: warning: pointer targets in passing argument 2 of 'HAL_UART_Transmit' differ in signedness [-Wpointer-sign]
  168 |                                   HAL_UART_Transmit(&huart1,vels,strlen(vels),HAL_MAX_DELAY);
      |                                                             ^~~~
      |                                                             |
      |                                                             char *
In file included from ../Core/Inc/stm32f4xx_hal_conf.h:411,
                 from ../Drivers/STM32F4xx_HAL_Driver/Inc/stm32f4xx_hal.h:29,
                 from ../Core/Inc/main.h:30,
                 from ../Core/Src/main.c:20:
../Drivers/STM32F4xx_HAL_Driver/Inc/stm32f4xx_hal_uart.h:745:79: note: expected 'const uint8_t *' {aka 'const unsigned char *'} but argument is of type 'char *'
  745 | HAL_StatusTypeDef HAL_UART_Transmit(UART_HandleTypeDef *huart, const uint8_t *pData, uint16_t Size, uint32_t Timeout);
      |                                                                ~~~~~~~~~~~~~~~^~~~~
../Core/Src/main.c:120:75: warning: 'sprintf' writing a terminating nul past the end of the destination [-Wformat-overflow=]
  120 |                           sprintf(startTimeStr2, "Start Time 2: %lu ms\n\r", startTime2);
      |                                                                           ^
../Core/Src/main.c:120:27: note: 'sprintf' output between 21 and 30 bytes into a destination of size 20
  120 |                           sprintf(startTimeStr2, "Start Time 2: %lu ms\n\r", startTime2);
      |                           ^~~~~~~~~~~~~~~~~~~~~~~~~~~~~~~~~~~~~~~~~~~~~~~~~~~~~~~~~~~~~~
../Core/Src/main.c:153:66: warning: ' m/s

' directive writing 6 bytes into a region of size between 0 and 7 [-Wformat-overflow=]
  153 |                                   sprintf(velStr, "Velocity: %.3f m/s\n\r", vel);
      |                                                                  ^~~~~~~~
../Core/Src/main.c:153:35: note: 'sprintf' output between 20 and 331 bytes into a destination of size 20
  153 |                                   sprintf(velStr, "Velocity: %.3f m/s\n\r", vel);
      |                                   ^~~~~~~~~~~~~~~~~~~~~~~~~~~~~~~~~~~~~~~~~~~~~~
../Core/Src/main.c:162:64: warning: ' m

' directive writing 4 bytes into a region of size between 0 and 5 [-Wformat-overflow=]
  162 |                                   sprintf(cl, "Car Length: %.3f m\n\r", carlength);
      |                                                                ^~~~~~
../Core/Src/main.c:162:35: note: 'sprintf' output between 20 and 331 bytes into a destination of size 20
  162 |                                   sprintf(cl, "Car Length: %.3f m\n\r", carlength);
      |                                   ^~~~~~~~~~~~~~~~~~~~~~~~~~~~~~~~~~~~~~~~~~~~~~~~
make: *** [Core/Src/subdir.mk:34: Core/Src/main.o] Error 1
make: *** Waiting for unfinished jobs....
"make -j8 all" terminated with exit code 2. Build might be incomplete.
13:31:55 **** Incremental Build of configuration Debug for project final project ****
make -j8 all 
arm-none-eabi-gcc "../Core/Src/main.c" -mcpu=cortex-m4 -std=gnu11 -g3 -DDEBUG -DUSE_HAL_DRIVER -DSTM32F411xE -c -I../Core/Inc -I../Drivers/STM32F4xx_HAL_Driver/Inc -I../Drivers/STM32F4xx_HAL_Driver/Inc/Legacy -I../Drivers/CMSIS/Device/ST/STM32F4xx/Include -I../Drivers/CMSIS/Include -O0 -ffunction-sections -fdata-sections -Wall -u_printf_float -fstack-usage -fcyclomatic-complexity -MMD -MP -MF"Core/Src/main.d" -MT"Core/Src/main.o" --specs=nano.specs -mfpu=fpv4-sp-d16 -mfloat-abi=hard -mthumb -o "Core/Src/main.o"
../Core/Src/main.c: In function 'main':
../Core/Src/main.c:111:27: warning: implicit declaration of function 'sprintf' [-Wimplicit-function-declaration]
  111 |                           sprintf(startTimeStr, "Start Time: %lu ms\n\r", startTime);
      |                           ^~~~~~~
../Core/Src/main.c:21:1: note: include '<stdio.h>' or provide a declaration of 'sprintf'
   20 | #include "main.h"
  +++ |+#include <stdio.h>
   21 | 
../Core/Src/main.c:111:27: warning: incompatible implicit declaration of built-in function 'sprintf' [-Wbuiltin-declaration-mismatch]
  111 |                           sprintf(startTimeStr, "Start Time: %lu ms\n\r", startTime);
      |                           ^~~~~~~
../Core/Src/main.c:111:27: note: include '<stdio.h>' or provide a declaration of 'sprintf'
../Core/Src/main.c:112:67: warning: implicit declaration of function 'strlen' [-Wimplicit-function-declaration]
  112 |                           HAL_UART_Transmit(&huart2,startTimeStr, strlen(startTimeStr), HAL_MAX_DELAY);
      |                                                                   ^~~~~~
../Core/Src/main.c:21:1: note: include '<string.h>' or provide a declaration of 'strlen'
   20 | #include "main.h"
  +++ |+#include <string.h>
   21 | 
../Core/Src/main.c:112:67: warning: incompatible implicit declaration of built-in function 'strlen' [-Wbuiltin-declaration-mismatch]
  112 |                           HAL_UART_Transmit(&huart2,startTimeStr, strlen(startTimeStr), HAL_MAX_DELAY);
      |                                                                   ^~~~~~
../Core/Src/main.c:112:67: note: include '<string.h>' or provide a declaration of 'strlen'
../Core/Src/main.c:112:53: warning: pointer targets in passing argument 2 of 'HAL_UART_Transmit' differ in signedness [-Wpointer-sign]
  112 |                           HAL_UART_Transmit(&huart2,startTimeStr, strlen(startTimeStr), HAL_MAX_DELAY);
      |                                                     ^~~~~~~~~~~~
      |                                                     |
      |                                                     char *
In file included from ../Core/Inc/stm32f4xx_hal_conf.h:411,
                 from ../Drivers/STM32F4xx_HAL_Driver/Inc/stm32f4xx_hal.h:29,
                 from ../Core/Inc/main.h:30,
                 from ../Core/Src/main.c:20:
../Drivers/STM32F4xx_HAL_Driver/Inc/stm32f4xx_hal_uart.h:745:79: note: expected 'const uint8_t *' {aka 'const unsigned char *'} but argument is of type 'char *'
  745 | HAL_StatusTypeDef HAL_UART_Transmit(UART_HandleTypeDef *huart, const uint8_t *pData, uint16_t Size, uint32_t Timeout);
      |                                                                ~~~~~~~~~~~~~~~^~~~~
../Core/Src/main.c:120:27: warning: incompatible implicit declaration of built-in function 'sprintf' [-Wbuiltin-declaration-mismatch]
  120 |                           sprintf(startTimeStr2, "Start Time 2: %lu ms\n\r", startTime2);
      |                           ^~~~~~~
../Core/Src/main.c:120:27: note: include '<stdio.h>' or provide a declaration of 'sprintf'
../Core/Src/main.c:121:68: warning: incompatible implicit declaration of built-in function 'strlen' [-Wbuiltin-declaration-mismatch]
  121 |                           HAL_UART_Transmit(&huart2,startTimeStr2, strlen(startTimeStr2), HAL_MAX_DELAY);
      |                                                                    ^~~~~~
../Core/Src/main.c:121:68: note: include '<string.h>' or provide a declaration of 'strlen'
../Core/Src/main.c:121:53: warning: pointer targets in passing argument 2 of 'HAL_UART_Transmit' differ in signedness [-Wpointer-sign]
  121 |                           HAL_UART_Transmit(&huart2,startTimeStr2, strlen(startTimeStr2), HAL_MAX_DELAY);
      |                                                     ^~~~~~~~~~~~~
      |                                                     |
      |                                                     char *
In file included from ../Core/Inc/stm32f4xx_hal_conf.h:411,
                 from ../Drivers/STM32F4xx_HAL_Driver/Inc/stm32f4xx_hal.h:29,
                 from ../Core/Inc/main.h:30,
                 from ../Core/Src/main.c:20:
../Drivers/STM32F4xx_HAL_Driver/Inc/stm32f4xx_hal_uart.h:745:79: note: expected 'const uint8_t *' {aka 'const unsigned char *'} but argument is of type 'char *'
  745 | HAL_StatusTypeDef HAL_UART_Transmit(UART_HandleTypeDef *huart, const uint8_t *pData, uint16_t Size, uint32_t Timeout);
      |                                                                ~~~~~~~~~~~~~~~^~~~~
../Core/Src/main.c:130:27: warning: incompatible implicit declaration of built-in function 'sprintf' [-Wbuiltin-declaration-mismatch]
  130 |                           sprintf(endTimeStr, "End Time: %lu ms\n\r", endTime);
      |                           ^~~~~~~
../Core/Src/main.c:130:27: note: include '<stdio.h>' or provide a declaration of 'sprintf'
../Core/Src/main.c:131:65: warning: incompatible implicit declaration of built-in function 'strlen' [-Wbuiltin-declaration-mismatch]
  131 |                           HAL_UART_Transmit(&huart2,endTimeStr, strlen(endTimeStr), HAL_MAX_DELAY);
      |                                                                 ^~~~~~
../Core/Src/main.c:131:65: note: include '<string.h>' or provide a declaration of 'strlen'
../Core/Src/main.c:131:53: warning: pointer targets in passing argument 2 of 'HAL_UART_Transmit' differ in signedness [-Wpointer-sign]
  131 |                           HAL_UART_Transmit(&huart2,endTimeStr, strlen(endTimeStr), HAL_MAX_DELAY);
      |                                                     ^~~~~~~~~~
      |                                                     |
      |                                                     char *
In file included from ../Core/Inc/stm32f4xx_hal_conf.h:411,
                 from ../Drivers/STM32F4xx_HAL_Driver/Inc/stm32f4xx_hal.h:29,
                 from ../Core/Inc/main.h:30,
                 from ../Core/Src/main.c:20:
../Drivers/STM32F4xx_HAL_Driver/Inc/stm32f4xx_hal_uart.h:745:79: note: expected 'const uint8_t *' {aka 'const unsigned char *'} but argument is of type 'char *'
  745 | HAL_StatusTypeDef HAL_UART_Transmit(UART_HandleTypeDef *huart, const uint8_t *pData, uint16_t Size, uint32_t Timeout);
      |                                                                ~~~~~~~~~~~~~~~^~~~~
../Core/Src/main.c:139:35: warning: incompatible implicit declaration of built-in function 'sprintf' [-Wbuiltin-declaration-mismatch]
  139 |                                   sprintf(endTimeStr2, "End Time 2: %lu ms\n\r", endTime2);
      |                                   ^~~~~~~
../Core/Src/main.c:139:35: note: include '<stdio.h>' or provide a declaration of 'sprintf'
../Core/Src/main.c:140:74: warning: incompatible implicit declaration of built-in function 'strlen' [-Wbuiltin-declaration-mismatch]
  140 |                                   HAL_UART_Transmit(&huart2,endTimeStr2, strlen(endTimeStr2), HAL_MAX_DELAY);
      |                                                                          ^~~~~~
../Core/Src/main.c:140:74: note: include '<string.h>' or provide a declaration of 'strlen'
../Core/Src/main.c:140:61: warning: pointer targets in passing argument 2 of 'HAL_UART_Transmit' differ in signedness [-Wpointer-sign]
  140 |                                   HAL_UART_Transmit(&huart2,endTimeStr2, strlen(endTimeStr2), HAL_MAX_DELAY);
      |                                                             ^~~~~~~~~~~
      |                                                             |
      |                                                             char *
In file included from ../Core/Inc/stm32f4xx_hal_conf.h:411,
                 from ../Drivers/STM32F4xx_HAL_Driver/Inc/stm32f4xx_hal.h:29,
                 from ../Core/Inc/main.h:30,
                 from ../Core/Src/main.c:20:
../Drivers/STM32F4xx_HAL_Driver/Inc/stm32f4xx_hal_uart.h:745:79: note: expected 'const uint8_t *' {aka 'const unsigned char *'} but argument is of type 'char *'
  745 | HAL_StatusTypeDef HAL_UART_Transmit(UART_HandleTypeDef *huart, const uint8_t *pData, uint16_t Size, uint32_t Timeout);
      |                                                                ~~~~~~~~~~~~~~~^~~~~
../Core/Src/main.c:148:61: warning: pointer targets in passing argument 2 of 'HAL_UART_Transmit' differ in signedness [-Wpointer-sign]
  148 |                                   HAL_UART_Transmit(&huart2,totalTimeStr, strlen(totalTimeStr), HAL_MAX_DELAY);
      |                                                             ^~~~~~~~~~~~
      |                                                             |
      |                                                             char *
In file included from ../Core/Inc/stm32f4xx_hal_conf.h:411,
                 from ../Drivers/STM32F4xx_HAL_Driver/Inc/stm32f4xx_hal.h:29,
                 from ../Core/Inc/main.h:30,
                 from ../Core/Src/main.c:20:
../Drivers/STM32F4xx_HAL_Driver/Inc/stm32f4xx_hal_uart.h:745:79: note: expected 'const uint8_t *' {aka 'const unsigned char *'} but argument is of type 'char *'
  745 | HAL_StatusTypeDef HAL_UART_Transmit(UART_HandleTypeDef *huart, const uint8_t *pData, uint16_t Size, uint32_t Timeout);
      |                                                                ~~~~~~~~~~~~~~~^~~~~
../Core/Src/main.c:154:61: warning: pointer targets in passing argument 2 of 'HAL_UART_Transmit' differ in signedness [-Wpointer-sign]
  154 |                                   HAL_UART_Transmit(&huart2,velStr, strlen(velStr), HAL_MAX_DELAY);
      |                                                             ^~~~~~
      |                                                             |
      |                                                             char *
In file included from ../Core/Inc/stm32f4xx_hal_conf.h:411,
                 from ../Drivers/STM32F4xx_HAL_Driver/Inc/stm32f4xx_hal.h:29,
                 from ../Core/Inc/main.h:30,
                 from ../Core/Src/main.c:20:
../Drivers/STM32F4xx_HAL_Driver/Inc/stm32f4xx_hal_uart.h:745:79: note: expected 'const uint8_t *' {aka 'const unsigned char *'} but argument is of type 'char *'
  745 | HAL_StatusTypeDef HAL_UART_Transmit(UART_HandleTypeDef *huart, const uint8_t *pData, uint16_t Size, uint32_t Timeout);
      |                                                                ~~~~~~~~~~~~~~~^~~~~
../Core/Src/main.c:163:61: warning: pointer targets in passing argument 2 of 'HAL_UART_Transmit' differ in signedness [-Wpointer-sign]
  163 |                                   HAL_UART_Transmit(&huart2,cl, strlen(cl), HAL_MAX_DELAY);
      |                                                             ^~
      |                                                             |
      |                                                             char *
In file included from ../Core/Inc/stm32f4xx_hal_conf.h:411,
                 from ../Drivers/STM32F4xx_HAL_Driver/Inc/stm32f4xx_hal.h:29,
                 from ../Core/Inc/main.h:30,
                 from ../Core/Src/main.c:20:
../Drivers/STM32F4xx_HAL_Driver/Inc/stm32f4xx_hal_uart.h:745:79: note: expected 'const uint8_t *' {aka 'const unsigned char *'} but argument is of type 'char *'
  745 | HAL_StatusTypeDef HAL_UART_Transmit(UART_HandleTypeDef *huart, const uint8_t *pData, uint16_t Size, uint32_t Timeout);
      |                                                                ~~~~~~~~~~~~~~~^~~~~
../Core/Src/main.c:165:61: warning: pointer targets in passing argument 2 of 'HAL_UART_Transmit' differ in signedness [-Wpointer-sign]
  165 |                                   HAL_UART_Transmit(&huart2,"\r\n", 4, HAL_MAX_DELAY);
      |                                                             ^~~~~~
      |                                                             |
      |                                                             char *
In file included from ../Core/Inc/stm32f4xx_hal_conf.h:411,
                 from ../Drivers/STM32F4xx_HAL_Driver/Inc/stm32f4xx_hal.h:29,
                 from ../Core/Inc/main.h:30,
                 from ../Core/Src/main.c:20:
../Drivers/STM32F4xx_HAL_Driver/Inc/stm32f4xx_hal_uart.h:745:79: note: expected 'const uint8_t *' {aka 'const unsigned char *'} but argument is of type 'char *'
  745 | HAL_StatusTypeDef HAL_UART_Transmit(UART_HandleTypeDef *huart, const uint8_t *pData, uint16_t Size, uint32_t Timeout);
      |                                                                ~~~~~~~~~~~~~~~^~~~~
../Core/Src/main.c:168:61: warning: pointer targets in passing argument 2 of 'HAL_UART_Transmit' differ in signedness [-Wpointer-sign]
  168 |                                   HAL_UART_Transmit(&huart1,vels,strlen(vels),HAL_MAX_DELAY);
      |                                                             ^~~~
      |                                                             |
      |                                                             char *
In file included from ../Core/Inc/stm32f4xx_hal_conf.h:411,
                 from ../Drivers/STM32F4xx_HAL_Driver/Inc/stm32f4xx_hal.h:29,
                 from ../Core/Inc/main.h:30,
                 from ../Core/Src/main.c:20:
../Drivers/STM32F4xx_HAL_Driver/Inc/stm32f4xx_hal_uart.h:745:79: note: expected 'const uint8_t *' {aka 'const unsigned char *'} but argument is of type 'char *'
  745 | HAL_StatusTypeDef HAL_UART_Transmit(UART_HandleTypeDef *huart, const uint8_t *pData, uint16_t Size, uint32_t Timeout);
      |                                                                ~~~~~~~~~~~~~~~^~~~~
../Core/Src/main.c:120:75: warning: 'sprintf' writing a terminating nul past the end of the destination [-Wformat-overflow=]
  120 |                           sprintf(startTimeStr2, "Start Time 2: %lu ms\n\r", startTime2);
      |                                                                           ^
../Core/Src/main.c:120:27: note: 'sprintf' output between 21 and 30 bytes into a destination of size 20
  120 |                           sprintf(startTimeStr2, "Start Time 2: %lu ms\n\r", startTime2);
      |                           ^~~~~~~~~~~~~~~~~~~~~~~~~~~~~~~~~~~~~~~~~~~~~~~~~~~~~~~~~~~~~~
../Core/Src/main.c:153:66: warning: ' m/s

' directive writing 6 bytes into a region of size between 0 and 7 [-Wformat-overflow=]
  153 |                                   sprintf(velStr, "Velocity: %.3f m/s\n\r", vel);
      |                                                                  ^~~~~~~~
../Core/Src/main.c:153:35: note: 'sprintf' output between 20 and 331 bytes into a destination of size 20
  153 |                                   sprintf(velStr, "Velocity: %.3f m/s\n\r", vel);
      |                                   ^~~~~~~~~~~~~~~~~~~~~~~~~~~~~~~~~~~~~~~~~~~~~~
../Core/Src/main.c:162:64: warning: ' m

' directive writing 4 bytes into a region of size between 0 and 5 [-Wformat-overflow=]
  162 |                                   sprintf(cl, "Car Length: %.3f m\n\r", carlength);
      |                                                                ^~~~~~
../Core/Src/main.c:162:35: note: 'sprintf' output between 20 and 331 bytes into a destination of size 20
  162 |                                   sprintf(cl, "Car Length: %.3f m\n\r", carlength);
      |                                   ^~~~~~~~~~~~~~~~~~~~~~~~~~~~~~~~~~~~~~~~~~~~~~~~
arm-none-eabi-gcc -o "final project.elf" @"objects.list"   -mcpu=cortex-m4 -T"C:\Users\ADMINSTRATOR\Desktop\embeded lab final\embeded-lab-final\embed-lab-stm32\final project\STM32F411RETX_FLASH.ld" --specs=nosys.specs -Wl,-Map="final project.map" -Wl,--gc-sections -static --specs=nano.specs -mfpu=fpv4-sp-d16 -mfloat-abi=hard -mthumb -u _printf_float -Wl,--start-group -lc -lm -Wl,--end-group
Finished building target: final project.elf
 
arm-none-eabi-size  final\ project.elf 
arm-none-eabi-objdump -h -S final\ project.elf  > "final project.list"
   text	   data	    bss	    dec	    hex	filename
  25020	    476	   2052	  27548	   6b9c	final project.elf
Finished building: default.size.stdout
 
Finished building: final project.list
 
13:33:27 **** Incremental Build of configuration Debug for project final project ****
make -j8 all 
arm-none-eabi-gcc "../Core/Src/main.c" -mcpu=cortex-m4 -std=gnu11 -g3 -DDEBUG -DUSE_HAL_DRIVER -DSTM32F411xE -c -I../Core/Inc -I../Drivers/STM32F4xx_HAL_Driver/Inc -I../Drivers/STM32F4xx_HAL_Driver/Inc/Legacy -I../Drivers/CMSIS/Device/ST/STM32F4xx/Include -I../Drivers/CMSIS/Include -O0 -ffunction-sections -fdata-sections -Wall -u_printf_float -fstack-usage -fcyclomatic-complexity -MMD -MP -MF"Core/Src/main.d" -MT"Core/Src/main.o" --specs=nano.specs -mfpu=fpv4-sp-d16 -mfloat-abi=hard -mthumb -o "Core/Src/main.o"
../Core/Src/main.c: In function 'main':
../Core/Src/main.c:111:27: warning: implicit declaration of function 'sprintf' [-Wimplicit-function-declaration]
  111 |                           sprintf(startTimeStr, "Start Time: %lu ms\n\r", startTime);
      |                           ^~~~~~~
../Core/Src/main.c:21:1: note: include '<stdio.h>' or provide a declaration of 'sprintf'
   20 | #include "main.h"
  +++ |+#include <stdio.h>
   21 | 
../Core/Src/main.c:111:27: warning: incompatible implicit declaration of built-in function 'sprintf' [-Wbuiltin-declaration-mismatch]
  111 |                           sprintf(startTimeStr, "Start Time: %lu ms\n\r", startTime);
      |                           ^~~~~~~
../Core/Src/main.c:111:27: note: include '<stdio.h>' or provide a declaration of 'sprintf'
../Core/Src/main.c:112:67: warning: implicit declaration of function 'strlen' [-Wimplicit-function-declaration]
  112 |                           HAL_UART_Transmit(&huart2,startTimeStr, strlen(startTimeStr), HAL_MAX_DELAY);
      |                                                                   ^~~~~~
../Core/Src/main.c:21:1: note: include '<string.h>' or provide a declaration of 'strlen'
   20 | #include "main.h"
  +++ |+#include <string.h>
   21 | 
../Core/Src/main.c:112:67: warning: incompatible implicit declaration of built-in function 'strlen' [-Wbuiltin-declaration-mismatch]
  112 |                           HAL_UART_Transmit(&huart2,startTimeStr, strlen(startTimeStr), HAL_MAX_DELAY);
      |                                                                   ^~~~~~
../Core/Src/main.c:112:67: note: include '<string.h>' or provide a declaration of 'strlen'
../Core/Src/main.c:112:53: warning: pointer targets in passing argument 2 of 'HAL_UART_Transmit' differ in signedness [-Wpointer-sign]
  112 |                           HAL_UART_Transmit(&huart2,startTimeStr, strlen(startTimeStr), HAL_MAX_DELAY);
      |                                                     ^~~~~~~~~~~~
      |                                                     |
      |                                                     char *
In file included from ../Core/Inc/stm32f4xx_hal_conf.h:411,
                 from ../Drivers/STM32F4xx_HAL_Driver/Inc/stm32f4xx_hal.h:29,
                 from ../Core/Inc/main.h:30,
                 from ../Core/Src/main.c:20:
../Drivers/STM32F4xx_HAL_Driver/Inc/stm32f4xx_hal_uart.h:745:79: note: expected 'const uint8_t *' {aka 'const unsigned char *'} but argument is of type 'char *'
  745 | HAL_StatusTypeDef HAL_UART_Transmit(UART_HandleTypeDef *huart, const uint8_t *pData, uint16_t Size, uint32_t Timeout);
      |                                                                ~~~~~~~~~~~~~~~^~~~~
../Core/Src/main.c:120:27: warning: incompatible implicit declaration of built-in function 'sprintf' [-Wbuiltin-declaration-mismatch]
  120 |                           sprintf(startTimeStr2, "Start Time 2: %lu ms\n\r", startTime2);
      |                           ^~~~~~~
../Core/Src/main.c:120:27: note: include '<stdio.h>' or provide a declaration of 'sprintf'
../Core/Src/main.c:121:68: warning: incompatible implicit declaration of built-in function 'strlen' [-Wbuiltin-declaration-mismatch]
  121 |                           HAL_UART_Transmit(&huart2,startTimeStr2, strlen(startTimeStr2), HAL_MAX_DELAY);
      |                                                                    ^~~~~~
../Core/Src/main.c:121:68: note: include '<string.h>' or provide a declaration of 'strlen'
../Core/Src/main.c:121:53: warning: pointer targets in passing argument 2 of 'HAL_UART_Transmit' differ in signedness [-Wpointer-sign]
  121 |                           HAL_UART_Transmit(&huart2,startTimeStr2, strlen(startTimeStr2), HAL_MAX_DELAY);
      |                                                     ^~~~~~~~~~~~~
      |                                                     |
      |                                                     char *
In file included from ../Core/Inc/stm32f4xx_hal_conf.h:411,
                 from ../Drivers/STM32F4xx_HAL_Driver/Inc/stm32f4xx_hal.h:29,
                 from ../Core/Inc/main.h:30,
                 from ../Core/Src/main.c:20:
../Drivers/STM32F4xx_HAL_Driver/Inc/stm32f4xx_hal_uart.h:745:79: note: expected 'const uint8_t *' {aka 'const unsigned char *'} but argument is of type 'char *'
  745 | HAL_StatusTypeDef HAL_UART_Transmit(UART_HandleTypeDef *huart, const uint8_t *pData, uint16_t Size, uint32_t Timeout);
      |                                                                ~~~~~~~~~~~~~~~^~~~~
../Core/Src/main.c:130:27: warning: incompatible implicit declaration of built-in function 'sprintf' [-Wbuiltin-declaration-mismatch]
  130 |                           sprintf(endTimeStr, "End Time: %lu ms\n\r", endTime);
      |                           ^~~~~~~
../Core/Src/main.c:130:27: note: include '<stdio.h>' or provide a declaration of 'sprintf'
../Core/Src/main.c:131:65: warning: incompatible implicit declaration of built-in function 'strlen' [-Wbuiltin-declaration-mismatch]
  131 |                           HAL_UART_Transmit(&huart2,endTimeStr, strlen(endTimeStr), HAL_MAX_DELAY);
      |                                                                 ^~~~~~
../Core/Src/main.c:131:65: note: include '<string.h>' or provide a declaration of 'strlen'
../Core/Src/main.c:131:53: warning: pointer targets in passing argument 2 of 'HAL_UART_Transmit' differ in signedness [-Wpointer-sign]
  131 |                           HAL_UART_Transmit(&huart2,endTimeStr, strlen(endTimeStr), HAL_MAX_DELAY);
      |                                                     ^~~~~~~~~~
      |                                                     |
      |                                                     char *
In file included from ../Core/Inc/stm32f4xx_hal_conf.h:411,
                 from ../Drivers/STM32F4xx_HAL_Driver/Inc/stm32f4xx_hal.h:29,
                 from ../Core/Inc/main.h:30,
                 from ../Core/Src/main.c:20:
../Drivers/STM32F4xx_HAL_Driver/Inc/stm32f4xx_hal_uart.h:745:79: note: expected 'const uint8_t *' {aka 'const unsigned char *'} but argument is of type 'char *'
  745 | HAL_StatusTypeDef HAL_UART_Transmit(UART_HandleTypeDef *huart, const uint8_t *pData, uint16_t Size, uint32_t Timeout);
      |                                                                ~~~~~~~~~~~~~~~^~~~~
../Core/Src/main.c:139:35: warning: incompatible implicit declaration of built-in function 'sprintf' [-Wbuiltin-declaration-mismatch]
  139 |                                   sprintf(endTimeStr2, "End Time 2: %lu ms\n\r", endTime2);
      |                                   ^~~~~~~
../Core/Src/main.c:139:35: note: include '<stdio.h>' or provide a declaration of 'sprintf'
../Core/Src/main.c:140:74: warning: incompatible implicit declaration of built-in function 'strlen' [-Wbuiltin-declaration-mismatch]
  140 |                                   HAL_UART_Transmit(&huart2,endTimeStr2, strlen(endTimeStr2), HAL_MAX_DELAY);
      |                                                                          ^~~~~~
../Core/Src/main.c:140:74: note: include '<string.h>' or provide a declaration of 'strlen'
../Core/Src/main.c:140:61: warning: pointer targets in passing argument 2 of 'HAL_UART_Transmit' differ in signedness [-Wpointer-sign]
  140 |                                   HAL_UART_Transmit(&huart2,endTimeStr2, strlen(endTimeStr2), HAL_MAX_DELAY);
      |                                                             ^~~~~~~~~~~
      |                                                             |
      |                                                             char *
In file included from ../Core/Inc/stm32f4xx_hal_conf.h:411,
                 from ../Drivers/STM32F4xx_HAL_Driver/Inc/stm32f4xx_hal.h:29,
                 from ../Core/Inc/main.h:30,
                 from ../Core/Src/main.c:20:
../Drivers/STM32F4xx_HAL_Driver/Inc/stm32f4xx_hal_uart.h:745:79: note: expected 'const uint8_t *' {aka 'const unsigned char *'} but argument is of type 'char *'
  745 | HAL_StatusTypeDef HAL_UART_Transmit(UART_HandleTypeDef *huart, const uint8_t *pData, uint16_t Size, uint32_t Timeout);
      |                                                                ~~~~~~~~~~~~~~~^~~~~
../Core/Src/main.c:148:61: warning: pointer targets in passing argument 2 of 'HAL_UART_Transmit' differ in signedness [-Wpointer-sign]
  148 |                                   HAL_UART_Transmit(&huart2,totalTimeStr, strlen(totalTimeStr), HAL_MAX_DELAY);
      |                                                             ^~~~~~~~~~~~
      |                                                             |
      |                                                             char *
In file included from ../Core/Inc/stm32f4xx_hal_conf.h:411,
                 from ../Drivers/STM32F4xx_HAL_Driver/Inc/stm32f4xx_hal.h:29,
                 from ../Core/Inc/main.h:30,
                 from ../Core/Src/main.c:20:
../Drivers/STM32F4xx_HAL_Driver/Inc/stm32f4xx_hal_uart.h:745:79: note: expected 'const uint8_t *' {aka 'const unsigned char *'} but argument is of type 'char *'
  745 | HAL_StatusTypeDef HAL_UART_Transmit(UART_HandleTypeDef *huart, const uint8_t *pData, uint16_t Size, uint32_t Timeout);
      |                                                                ~~~~~~~~~~~~~~~^~~~~
../Core/Src/main.c:154:61: warning: pointer targets in passing argument 2 of 'HAL_UART_Transmit' differ in signedness [-Wpointer-sign]
  154 |                                   HAL_UART_Transmit(&huart2,velStr, strlen(velStr), HAL_MAX_DELAY);
      |                                                             ^~~~~~
      |                                                             |
      |                                                             char *
In file included from ../Core/Inc/stm32f4xx_hal_conf.h:411,
                 from ../Drivers/STM32F4xx_HAL_Driver/Inc/stm32f4xx_hal.h:29,
                 from ../Core/Inc/main.h:30,
                 from ../Core/Src/main.c:20:
../Drivers/STM32F4xx_HAL_Driver/Inc/stm32f4xx_hal_uart.h:745:79: note: expected 'const uint8_t *' {aka 'const unsigned char *'} but argument is of type 'char *'
  745 | HAL_StatusTypeDef HAL_UART_Transmit(UART_HandleTypeDef *huart, const uint8_t *pData, uint16_t Size, uint32_t Timeout);
      |                                                                ~~~~~~~~~~~~~~~^~~~~
../Core/Src/main.c:163:61: warning: pointer targets in passing argument 2 of 'HAL_UART_Transmit' differ in signedness [-Wpointer-sign]
  163 |                                   HAL_UART_Transmit(&huart2,cl, strlen(cl), HAL_MAX_DELAY);
      |                                                             ^~
      |                                                             |
      |                                                             char *
In file included from ../Core/Inc/stm32f4xx_hal_conf.h:411,
                 from ../Drivers/STM32F4xx_HAL_Driver/Inc/stm32f4xx_hal.h:29,
                 from ../Core/Inc/main.h:30,
                 from ../Core/Src/main.c:20:
../Drivers/STM32F4xx_HAL_Driver/Inc/stm32f4xx_hal_uart.h:745:79: note: expected 'const uint8_t *' {aka 'const unsigned char *'} but argument is of type 'char *'
  745 | HAL_StatusTypeDef HAL_UART_Transmit(UART_HandleTypeDef *huart, const uint8_t *pData, uint16_t Size, uint32_t Timeout);
      |                                                                ~~~~~~~~~~~~~~~^~~~~
../Core/Src/main.c:165:61: warning: pointer targets in passing argument 2 of 'HAL_UART_Transmit' differ in signedness [-Wpointer-sign]
  165 |                                   HAL_UART_Transmit(&huart2,"\r\n", 4, HAL_MAX_DELAY);
      |                                                             ^~~~~~
      |                                                             |
      |                                                             char *
In file included from ../Core/Inc/stm32f4xx_hal_conf.h:411,
                 from ../Drivers/STM32F4xx_HAL_Driver/Inc/stm32f4xx_hal.h:29,
                 from ../Core/Inc/main.h:30,
                 from ../Core/Src/main.c:20:
../Drivers/STM32F4xx_HAL_Driver/Inc/stm32f4xx_hal_uart.h:745:79: note: expected 'const uint8_t *' {aka 'const unsigned char *'} but argument is of type 'char *'
  745 | HAL_StatusTypeDef HAL_UART_Transmit(UART_HandleTypeDef *huart, const uint8_t *pData, uint16_t Size, uint32_t Timeout);
      |                                                                ~~~~~~~~~~~~~~~^~~~~
../Core/Src/main.c:168:61: warning: pointer targets in passing argument 2 of 'HAL_UART_Transmit' differ in signedness [-Wpointer-sign]
  168 |                                   HAL_UART_Transmit(&huart1,vels,strlen(vels),HAL_MAX_DELAY);
      |                                                             ^~~~
      |                                                             |
      |                                                             char *
In file included from ../Core/Inc/stm32f4xx_hal_conf.h:411,
                 from ../Drivers/STM32F4xx_HAL_Driver/Inc/stm32f4xx_hal.h:29,
                 from ../Core/Inc/main.h:30,
                 from ../Core/Src/main.c:20:
../Drivers/STM32F4xx_HAL_Driver/Inc/stm32f4xx_hal_uart.h:745:79: note: expected 'const uint8_t *' {aka 'const unsigned char *'} but argument is of type 'char *'
  745 | HAL_StatusTypeDef HAL_UART_Transmit(UART_HandleTypeDef *huart, const uint8_t *pData, uint16_t Size, uint32_t Timeout);
      |                                                                ~~~~~~~~~~~~~~~^~~~~
../Core/Src/main.c:120:75: warning: 'sprintf' writing a terminating nul past the end of the destination [-Wformat-overflow=]
  120 |                           sprintf(startTimeStr2, "Start Time 2: %lu ms\n\r", startTime2);
      |                                                                           ^
../Core/Src/main.c:120:27: note: 'sprintf' output between 21 and 30 bytes into a destination of size 20
  120 |                           sprintf(startTimeStr2, "Start Time 2: %lu ms\n\r", startTime2);
      |                           ^~~~~~~~~~~~~~~~~~~~~~~~~~~~~~~~~~~~~~~~~~~~~~~~~~~~~~~~~~~~~~
../Core/Src/main.c:153:66: warning: ' m/s

' directive writing 6 bytes into a region of size between 0 and 7 [-Wformat-overflow=]
  153 |                                   sprintf(velStr, "Velocity: %.3f m/s\n\r", vel);
      |                                                                  ^~~~~~~~
../Core/Src/main.c:153:35: note: 'sprintf' output between 20 and 331 bytes into a destination of size 20
  153 |                                   sprintf(velStr, "Velocity: %.3f m/s\n\r", vel);
      |                                   ^~~~~~~~~~~~~~~~~~~~~~~~~~~~~~~~~~~~~~~~~~~~~~
../Core/Src/main.c:162:64: warning: ' m

' directive writing 4 bytes into a region of size between 0 and 5 [-Wformat-overflow=]
  162 |                                   sprintf(cl, "Car Length: %.3f m\n\r", carlength);
      |                                                                ^~~~~~
../Core/Src/main.c:162:35: note: 'sprintf' output between 20 and 331 bytes into a destination of size 20
  162 |                                   sprintf(cl, "Car Length: %.3f m\n\r", carlength);
      |                                   ^~~~~~~~~~~~~~~~~~~~~~~~~~~~~~~~~~~~~~~~~~~~~~~~
arm-none-eabi-gcc -o "final project.elf" @"objects.list"   -mcpu=cortex-m4 -T"C:\Users\ADMINSTRATOR\Desktop\embeded lab final\embeded-lab-final\embed-lab-stm32\final project\STM32F411RETX_FLASH.ld" --specs=nosys.specs -Wl,-Map="final project.map" -Wl,--gc-sections -static --specs=nano.specs -mfpu=fpv4-sp-d16 -mfloat-abi=hard -mthumb -u _printf_float -Wl,--start-group -lc -lm -Wl,--end-group
Finished building target: final project.elf
 
arm-none-eabi-size  final\ project.elf 
arm-none-eabi-objdump -h -S final\ project.elf  > "final project.list"
   text	   data	    bss	    dec	    hex	filename
  25020	    476	   2052	  27548	   6b9c	final project.elf
Finished building: default.size.stdout
 
Finished building: final project.list
 
13:37:20 **** Incremental Build of configuration Debug for project final project ****
make -j8 all 
arm-none-eabi-gcc "../Core/Src/main.c" -mcpu=cortex-m4 -std=gnu11 -g3 -DDEBUG -DUSE_HAL_DRIVER -DSTM32F411xE -c -I../Core/Inc -I../Drivers/STM32F4xx_HAL_Driver/Inc -I../Drivers/STM32F4xx_HAL_Driver/Inc/Legacy -I../Drivers/CMSIS/Device/ST/STM32F4xx/Include -I../Drivers/CMSIS/Include -O0 -ffunction-sections -fdata-sections -Wall -u_printf_float -fstack-usage -fcyclomatic-complexity -MMD -MP -MF"Core/Src/main.d" -MT"Core/Src/main.o" --specs=nano.specs -mfpu=fpv4-sp-d16 -mfloat-abi=hard -mthumb -o "Core/Src/main.o"
../Core/Src/main.c: In function 'main':
../Core/Src/main.c:111:27: warning: implicit declaration of function 'sprintf' [-Wimplicit-function-declaration]
  111 |                           sprintf(startTimeStr, "Start Time: %lu ms\n\r", startTime);
      |                           ^~~~~~~
../Core/Src/main.c:21:1: note: include '<stdio.h>' or provide a declaration of 'sprintf'
   20 | #include "main.h"
  +++ |+#include <stdio.h>
   21 | 
../Core/Src/main.c:111:27: warning: incompatible implicit declaration of built-in function 'sprintf' [-Wbuiltin-declaration-mismatch]
  111 |                           sprintf(startTimeStr, "Start Time: %lu ms\n\r", startTime);
      |                           ^~~~~~~
../Core/Src/main.c:111:27: note: include '<stdio.h>' or provide a declaration of 'sprintf'
../Core/Src/main.c:112:67: warning: implicit declaration of function 'strlen' [-Wimplicit-function-declaration]
  112 |                           HAL_UART_Transmit(&huart2,startTimeStr, strlen(startTimeStr), HAL_MAX_DELAY);
      |                                                                   ^~~~~~
../Core/Src/main.c:21:1: note: include '<string.h>' or provide a declaration of 'strlen'
   20 | #include "main.h"
  +++ |+#include <string.h>
   21 | 
../Core/Src/main.c:112:67: warning: incompatible implicit declaration of built-in function 'strlen' [-Wbuiltin-declaration-mismatch]
  112 |                           HAL_UART_Transmit(&huart2,startTimeStr, strlen(startTimeStr), HAL_MAX_DELAY);
      |                                                                   ^~~~~~
../Core/Src/main.c:112:67: note: include '<string.h>' or provide a declaration of 'strlen'
../Core/Src/main.c:112:53: warning: pointer targets in passing argument 2 of 'HAL_UART_Transmit' differ in signedness [-Wpointer-sign]
  112 |                           HAL_UART_Transmit(&huart2,startTimeStr, strlen(startTimeStr), HAL_MAX_DELAY);
      |                                                     ^~~~~~~~~~~~
      |                                                     |
      |                                                     char *
In file included from ../Core/Inc/stm32f4xx_hal_conf.h:411,
                 from ../Drivers/STM32F4xx_HAL_Driver/Inc/stm32f4xx_hal.h:29,
                 from ../Core/Inc/main.h:30,
                 from ../Core/Src/main.c:20:
../Drivers/STM32F4xx_HAL_Driver/Inc/stm32f4xx_hal_uart.h:745:79: note: expected 'const uint8_t *' {aka 'const unsigned char *'} but argument is of type 'char *'
  745 | HAL_StatusTypeDef HAL_UART_Transmit(UART_HandleTypeDef *huart, const uint8_t *pData, uint16_t Size, uint32_t Timeout);
      |                                                                ~~~~~~~~~~~~~~~^~~~~
../Core/Src/main.c:120:27: warning: incompatible implicit declaration of built-in function 'sprintf' [-Wbuiltin-declaration-mismatch]
  120 |                           sprintf(startTimeStr2, "Start Time 2: %lu ms\n\r", startTime2);
      |                           ^~~~~~~
../Core/Src/main.c:120:27: note: include '<stdio.h>' or provide a declaration of 'sprintf'
../Core/Src/main.c:121:68: warning: incompatible implicit declaration of built-in function 'strlen' [-Wbuiltin-declaration-mismatch]
  121 |                           HAL_UART_Transmit(&huart2,startTimeStr2, strlen(startTimeStr2), HAL_MAX_DELAY);
      |                                                                    ^~~~~~
../Core/Src/main.c:121:68: note: include '<string.h>' or provide a declaration of 'strlen'
../Core/Src/main.c:121:53: warning: pointer targets in passing argument 2 of 'HAL_UART_Transmit' differ in signedness [-Wpointer-sign]
  121 |                           HAL_UART_Transmit(&huart2,startTimeStr2, strlen(startTimeStr2), HAL_MAX_DELAY);
      |                                                     ^~~~~~~~~~~~~
      |                                                     |
      |                                                     char *
In file included from ../Core/Inc/stm32f4xx_hal_conf.h:411,
                 from ../Drivers/STM32F4xx_HAL_Driver/Inc/stm32f4xx_hal.h:29,
                 from ../Core/Inc/main.h:30,
                 from ../Core/Src/main.c:20:
../Drivers/STM32F4xx_HAL_Driver/Inc/stm32f4xx_hal_uart.h:745:79: note: expected 'const uint8_t *' {aka 'const unsigned char *'} but argument is of type 'char *'
  745 | HAL_StatusTypeDef HAL_UART_Transmit(UART_HandleTypeDef *huart, const uint8_t *pData, uint16_t Size, uint32_t Timeout);
      |                                                                ~~~~~~~~~~~~~~~^~~~~
../Core/Src/main.c:130:27: warning: incompatible implicit declaration of built-in function 'sprintf' [-Wbuiltin-declaration-mismatch]
  130 |                           sprintf(endTimeStr, "End Time: %lu ms\n\r", endTime);
      |                           ^~~~~~~
../Core/Src/main.c:130:27: note: include '<stdio.h>' or provide a declaration of 'sprintf'
../Core/Src/main.c:131:65: warning: incompatible implicit declaration of built-in function 'strlen' [-Wbuiltin-declaration-mismatch]
  131 |                           HAL_UART_Transmit(&huart2,endTimeStr, strlen(endTimeStr), HAL_MAX_DELAY);
      |                                                                 ^~~~~~
../Core/Src/main.c:131:65: note: include '<string.h>' or provide a declaration of 'strlen'
../Core/Src/main.c:131:53: warning: pointer targets in passing argument 2 of 'HAL_UART_Transmit' differ in signedness [-Wpointer-sign]
  131 |                           HAL_UART_Transmit(&huart2,endTimeStr, strlen(endTimeStr), HAL_MAX_DELAY);
      |                                                     ^~~~~~~~~~
      |                                                     |
      |                                                     char *
In file included from ../Core/Inc/stm32f4xx_hal_conf.h:411,
                 from ../Drivers/STM32F4xx_HAL_Driver/Inc/stm32f4xx_hal.h:29,
                 from ../Core/Inc/main.h:30,
                 from ../Core/Src/main.c:20:
../Drivers/STM32F4xx_HAL_Driver/Inc/stm32f4xx_hal_uart.h:745:79: note: expected 'const uint8_t *' {aka 'const unsigned char *'} but argument is of type 'char *'
  745 | HAL_StatusTypeDef HAL_UART_Transmit(UART_HandleTypeDef *huart, const uint8_t *pData, uint16_t Size, uint32_t Timeout);
      |                                                                ~~~~~~~~~~~~~~~^~~~~
../Core/Src/main.c:139:35: warning: incompatible implicit declaration of built-in function 'sprintf' [-Wbuiltin-declaration-mismatch]
  139 |                                   sprintf(endTimeStr2, "End Time 2: %lu ms\n\r", endTime2);
      |                                   ^~~~~~~
../Core/Src/main.c:139:35: note: include '<stdio.h>' or provide a declaration of 'sprintf'
../Core/Src/main.c:140:74: warning: incompatible implicit declaration of built-in function 'strlen' [-Wbuiltin-declaration-mismatch]
  140 |                                   HAL_UART_Transmit(&huart2,endTimeStr2, strlen(endTimeStr2), HAL_MAX_DELAY);
      |                                                                          ^~~~~~
../Core/Src/main.c:140:74: note: include '<string.h>' or provide a declaration of 'strlen'
../Core/Src/main.c:140:61: warning: pointer targets in passing argument 2 of 'HAL_UART_Transmit' differ in signedness [-Wpointer-sign]
  140 |                                   HAL_UART_Transmit(&huart2,endTimeStr2, strlen(endTimeStr2), HAL_MAX_DELAY);
      |                                                             ^~~~~~~~~~~
      |                                                             |
      |                                                             char *
In file included from ../Core/Inc/stm32f4xx_hal_conf.h:411,
                 from ../Drivers/STM32F4xx_HAL_Driver/Inc/stm32f4xx_hal.h:29,
                 from ../Core/Inc/main.h:30,
                 from ../Core/Src/main.c:20:
../Drivers/STM32F4xx_HAL_Driver/Inc/stm32f4xx_hal_uart.h:745:79: note: expected 'const uint8_t *' {aka 'const unsigned char *'} but argument is of type 'char *'
  745 | HAL_StatusTypeDef HAL_UART_Transmit(UART_HandleTypeDef *huart, const uint8_t *pData, uint16_t Size, uint32_t Timeout);
      |                                                                ~~~~~~~~~~~~~~~^~~~~
../Core/Src/main.c:148:61: warning: pointer targets in passing argument 2 of 'HAL_UART_Transmit' differ in signedness [-Wpointer-sign]
  148 |                                   HAL_UART_Transmit(&huart2,totalTimeStr, strlen(totalTimeStr), HAL_MAX_DELAY);
      |                                                             ^~~~~~~~~~~~
      |                                                             |
      |                                                             char *
In file included from ../Core/Inc/stm32f4xx_hal_conf.h:411,
                 from ../Drivers/STM32F4xx_HAL_Driver/Inc/stm32f4xx_hal.h:29,
                 from ../Core/Inc/main.h:30,
                 from ../Core/Src/main.c:20:
../Drivers/STM32F4xx_HAL_Driver/Inc/stm32f4xx_hal_uart.h:745:79: note: expected 'const uint8_t *' {aka 'const unsigned char *'} but argument is of type 'char *'
  745 | HAL_StatusTypeDef HAL_UART_Transmit(UART_HandleTypeDef *huart, const uint8_t *pData, uint16_t Size, uint32_t Timeout);
      |                                                                ~~~~~~~~~~~~~~~^~~~~
../Core/Src/main.c:154:61: warning: pointer targets in passing argument 2 of 'HAL_UART_Transmit' differ in signedness [-Wpointer-sign]
  154 |                                   HAL_UART_Transmit(&huart2,velStr, strlen(velStr), HAL_MAX_DELAY);
      |                                                             ^~~~~~
      |                                                             |
      |                                                             char *
In file included from ../Core/Inc/stm32f4xx_hal_conf.h:411,
                 from ../Drivers/STM32F4xx_HAL_Driver/Inc/stm32f4xx_hal.h:29,
                 from ../Core/Inc/main.h:30,
                 from ../Core/Src/main.c:20:
../Drivers/STM32F4xx_HAL_Driver/Inc/stm32f4xx_hal_uart.h:745:79: note: expected 'const uint8_t *' {aka 'const unsigned char *'} but argument is of type 'char *'
  745 | HAL_StatusTypeDef HAL_UART_Transmit(UART_HandleTypeDef *huart, const uint8_t *pData, uint16_t Size, uint32_t Timeout);
      |                                                                ~~~~~~~~~~~~~~~^~~~~
../Core/Src/main.c:163:61: warning: pointer targets in passing argument 2 of 'HAL_UART_Transmit' differ in signedness [-Wpointer-sign]
  163 |                                   HAL_UART_Transmit(&huart2,cl, strlen(cl), HAL_MAX_DELAY);
      |                                                             ^~
      |                                                             |
      |                                                             char *
In file included from ../Core/Inc/stm32f4xx_hal_conf.h:411,
                 from ../Drivers/STM32F4xx_HAL_Driver/Inc/stm32f4xx_hal.h:29,
                 from ../Core/Inc/main.h:30,
                 from ../Core/Src/main.c:20:
../Drivers/STM32F4xx_HAL_Driver/Inc/stm32f4xx_hal_uart.h:745:79: note: expected 'const uint8_t *' {aka 'const unsigned char *'} but argument is of type 'char *'
  745 | HAL_StatusTypeDef HAL_UART_Transmit(UART_HandleTypeDef *huart, const uint8_t *pData, uint16_t Size, uint32_t Timeout);
      |                                                                ~~~~~~~~~~~~~~~^~~~~
../Core/Src/main.c:165:61: warning: pointer targets in passing argument 2 of 'HAL_UART_Transmit' differ in signedness [-Wpointer-sign]
  165 |                                   HAL_UART_Transmit(&huart2,"\r\n", 4, HAL_MAX_DELAY);
      |                                                             ^~~~~~
      |                                                             |
      |                                                             char *
In file included from ../Core/Inc/stm32f4xx_hal_conf.h:411,
                 from ../Drivers/STM32F4xx_HAL_Driver/Inc/stm32f4xx_hal.h:29,
                 from ../Core/Inc/main.h:30,
                 from ../Core/Src/main.c:20:
../Drivers/STM32F4xx_HAL_Driver/Inc/stm32f4xx_hal_uart.h:745:79: note: expected 'const uint8_t *' {aka 'const unsigned char *'} but argument is of type 'char *'
  745 | HAL_StatusTypeDef HAL_UART_Transmit(UART_HandleTypeDef *huart, const uint8_t *pData, uint16_t Size, uint32_t Timeout);
      |                                                                ~~~~~~~~~~~~~~~^~~~~
../Core/Src/main.c:168:61: warning: pointer targets in passing argument 2 of 'HAL_UART_Transmit' differ in signedness [-Wpointer-sign]
  168 |                                   HAL_UART_Transmit(&huart1,vels,strlen(vels),HAL_MAX_DELAY);
      |                                                             ^~~~
      |                                                             |
      |                                                             char *
In file included from ../Core/Inc/stm32f4xx_hal_conf.h:411,
                 from ../Drivers/STM32F4xx_HAL_Driver/Inc/stm32f4xx_hal.h:29,
                 from ../Core/Inc/main.h:30,
                 from ../Core/Src/main.c:20:
../Drivers/STM32F4xx_HAL_Driver/Inc/stm32f4xx_hal_uart.h:745:79: note: expected 'const uint8_t *' {aka 'const unsigned char *'} but argument is of type 'char *'
  745 | HAL_StatusTypeDef HAL_UART_Transmit(UART_HandleTypeDef *huart, const uint8_t *pData, uint16_t Size, uint32_t Timeout);
      |                                                                ~~~~~~~~~~~~~~~^~~~~
../Core/Src/main.c:169:61: warning: pointer targets in passing argument 2 of 'HAL_UART_Transmit' differ in signedness [-Wpointer-sign]
  169 |                                   HAL_UART_Transmit(&huart1,"5555x",5,HAL_MAX_DELAY);
      |                                                             ^~~~~~~
      |                                                             |
      |                                                             char *
In file included from ../Core/Inc/stm32f4xx_hal_conf.h:411,
                 from ../Drivers/STM32F4xx_HAL_Driver/Inc/stm32f4xx_hal.h:29,
                 from ../Core/Inc/main.h:30,
                 from ../Core/Src/main.c:20:
../Drivers/STM32F4xx_HAL_Driver/Inc/stm32f4xx_hal_uart.h:745:79: note: expected 'const uint8_t *' {aka 'const unsigned char *'} but argument is of type 'char *'
  745 | HAL_StatusTypeDef HAL_UART_Transmit(UART_HandleTypeDef *huart, const uint8_t *pData, uint16_t Size, uint32_t Timeout);
      |                                                                ~~~~~~~~~~~~~~~^~~~~
../Core/Src/main.c:120:75: warning: 'sprintf' writing a terminating nul past the end of the destination [-Wformat-overflow=]
  120 |                           sprintf(startTimeStr2, "Start Time 2: %lu ms\n\r", startTime2);
      |                                                                           ^
../Core/Src/main.c:120:27: note: 'sprintf' output between 21 and 30 bytes into a destination of size 20
  120 |                           sprintf(startTimeStr2, "Start Time 2: %lu ms\n\r", startTime2);
      |                           ^~~~~~~~~~~~~~~~~~~~~~~~~~~~~~~~~~~~~~~~~~~~~~~~~~~~~~~~~~~~~~
../Core/Src/main.c:153:66: warning: ' m/s

' directive writing 6 bytes into a region of size between 0 and 7 [-Wformat-overflow=]
  153 |                                   sprintf(velStr, "Velocity: %.3f m/s\n\r", vel);
      |                                                                  ^~~~~~~~
../Core/Src/main.c:153:35: note: 'sprintf' output between 20 and 331 bytes into a destination of size 20
  153 |                                   sprintf(velStr, "Velocity: %.3f m/s\n\r", vel);
      |                                   ^~~~~~~~~~~~~~~~~~~~~~~~~~~~~~~~~~~~~~~~~~~~~~
../Core/Src/main.c:162:64: warning: ' m

' directive writing 4 bytes into a region of size between 0 and 5 [-Wformat-overflow=]
  162 |                                   sprintf(cl, "Car Length: %.3f m\n\r", carlength);
      |                                                                ^~~~~~
../Core/Src/main.c:162:35: note: 'sprintf' output between 20 and 331 bytes into a destination of size 20
  162 |                                   sprintf(cl, "Car Length: %.3f m\n\r", carlength);
      |                                   ^~~~~~~~~~~~~~~~~~~~~~~~~~~~~~~~~~~~~~~~~~~~~~~~
arm-none-eabi-gcc -o "final project.elf" @"objects.list"   -mcpu=cortex-m4 -T"C:\Users\ADMINSTRATOR\Desktop\embeded lab final\embeded-lab-final\embed-lab-stm32\final project\STM32F411RETX_FLASH.ld" --specs=nosys.specs -Wl,-Map="final project.map" -Wl,--gc-sections -static --specs=nano.specs -mfpu=fpv4-sp-d16 -mfloat-abi=hard -mthumb -u _printf_float -Wl,--start-group -lc -lm -Wl,--end-group
Finished building target: final project.elf
 
arm-none-eabi-size  final\ project.elf 
arm-none-eabi-objdump -h -S final\ project.elf  > "final project.list"
   text	   data	    bss	    dec	    hex	filename
  25052	    476	   2052	  27580	   6bbc	final project.elf
Finished building: default.size.stdout
 
Finished building: final project.list
 
13:42:42 **** Incremental Build of configuration Debug for project final project ****
make -j8 all 
arm-none-eabi-gcc "../Core/Src/main.c" -mcpu=cortex-m4 -std=gnu11 -g3 -DDEBUG -DUSE_HAL_DRIVER -DSTM32F411xE -c -I../Core/Inc -I../Drivers/STM32F4xx_HAL_Driver/Inc -I../Drivers/STM32F4xx_HAL_Driver/Inc/Legacy -I../Drivers/CMSIS/Device/ST/STM32F4xx/Include -I../Drivers/CMSIS/Include -O0 -ffunction-sections -fdata-sections -Wall -u_printf_float -fstack-usage -fcyclomatic-complexity -MMD -MP -MF"Core/Src/main.d" -MT"Core/Src/main.o" --specs=nano.specs -mfpu=fpv4-sp-d16 -mfloat-abi=hard -mthumb -o "Core/Src/main.o"
arm-none-eabi-gcc "../Core/Src/stm32f4xx_hal_msp.c" -mcpu=cortex-m4 -std=gnu11 -g3 -DDEBUG -DUSE_HAL_DRIVER -DSTM32F411xE -c -I../Core/Inc -I../Drivers/STM32F4xx_HAL_Driver/Inc -I../Drivers/STM32F4xx_HAL_Driver/Inc/Legacy -I../Drivers/CMSIS/Device/ST/STM32F4xx/Include -I../Drivers/CMSIS/Include -O0 -ffunction-sections -fdata-sections -Wall -fstack-usage -fcyclomatic-complexity -MMD -MP -MF"Core/Src/stm32f4xx_hal_msp.d" -MT"Core/Src/stm32f4xx_hal_msp.o" --specs=nano.specs -mfpu=fpv4-sp-d16 -mfloat-abi=hard -mthumb -o "Core/Src/stm32f4xx_hal_msp.o"
arm-none-eabi-gcc "../Core/Src/stm32f4xx_it.c" -mcpu=cortex-m4 -std=gnu11 -g3 -DDEBUG -DUSE_HAL_DRIVER -DSTM32F411xE -c -I../Core/Inc -I../Drivers/STM32F4xx_HAL_Driver/Inc -I../Drivers/STM32F4xx_HAL_Driver/Inc/Legacy -I../Drivers/CMSIS/Device/ST/STM32F4xx/Include -I../Drivers/CMSIS/Include -O0 -ffunction-sections -fdata-sections -Wall -fstack-usage -fcyclomatic-complexity -MMD -MP -MF"Core/Src/stm32f4xx_it.d" -MT"Core/Src/stm32f4xx_it.o" --specs=nano.specs -mfpu=fpv4-sp-d16 -mfloat-abi=hard -mthumb -o "Core/Src/stm32f4xx_it.o"
../Core/Src/main.c: In function 'main':
../Core/Src/main.c:111:27: warning: implicit declaration of function 'sprintf' [-Wimplicit-function-declaration]
  111 |                           sprintf(startTimeStr, "Start Time: %lu ms\n\r", startTime);
      |                           ^~~~~~~
../Core/Src/main.c:21:1: note: include '<stdio.h>' or provide a declaration of 'sprintf'
   20 | #include "main.h"
  +++ |+#include <stdio.h>
   21 | 
../Core/Src/main.c:111:27: warning: incompatible implicit declaration of built-in function 'sprintf' [-Wbuiltin-declaration-mismatch]
  111 |                           sprintf(startTimeStr, "Start Time: %lu ms\n\r", startTime);
      |                           ^~~~~~~
../Core/Src/main.c:111:27: note: include '<stdio.h>' or provide a declaration of 'sprintf'
../Core/Src/main.c:112:67: warning: implicit declaration of function 'strlen' [-Wimplicit-function-declaration]
  112 |                           HAL_UART_Transmit(&huart2,startTimeStr, strlen(startTimeStr), HAL_MAX_DELAY);
      |                                                                   ^~~~~~
../Core/Src/main.c:21:1: note: include '<string.h>' or provide a declaration of 'strlen'
   20 | #include "main.h"
  +++ |+#include <string.h>
   21 | 
../Core/Src/main.c:112:67: warning: incompatible implicit declaration of built-in function 'strlen' [-Wbuiltin-declaration-mismatch]
  112 |                           HAL_UART_Transmit(&huart2,startTimeStr, strlen(startTimeStr), HAL_MAX_DELAY);
      |                                                                   ^~~~~~
../Core/Src/main.c:112:67: note: include '<string.h>' or provide a declaration of 'strlen'
../Core/Src/main.c:112:53: warning: pointer targets in passing argument 2 of 'HAL_UART_Transmit' differ in signedness [-Wpointer-sign]
  112 |                           HAL_UART_Transmit(&huart2,startTimeStr, strlen(startTimeStr), HAL_MAX_DELAY);
      |                                                     ^~~~~~~~~~~~
      |                                                     |
      |                                                     char *
In file included from ../Core/Inc/stm32f4xx_hal_conf.h:411,
                 from ../Drivers/STM32F4xx_HAL_Driver/Inc/stm32f4xx_hal.h:29,
                 from ../Core/Inc/main.h:30,
                 from ../Core/Src/main.c:20:
../Drivers/STM32F4xx_HAL_Driver/Inc/stm32f4xx_hal_uart.h:745:79: note: expected 'const uint8_t *' {aka 'const unsigned char *'} but argument is of type 'char *'
  745 | HAL_StatusTypeDef HAL_UART_Transmit(UART_HandleTypeDef *huart, const uint8_t *pData, uint16_t Size, uint32_t Timeout);
      |                                                                ~~~~~~~~~~~~~~~^~~~~
../Core/Src/main.c:120:27: warning: incompatible implicit declaration of built-in function 'sprintf' [-Wbuiltin-declaration-mismatch]
  120 |                           sprintf(startTimeStr2, "Start Time 2: %lu ms\n\r", startTime2);
      |                           ^~~~~~~
../Core/Src/main.c:120:27: note: include '<stdio.h>' or provide a declaration of 'sprintf'
../Core/Src/main.c:121:68: warning: incompatible implicit declaration of built-in function 'strlen' [-Wbuiltin-declaration-mismatch]
  121 |                           HAL_UART_Transmit(&huart2,startTimeStr2, strlen(startTimeStr2), HAL_MAX_DELAY);
      |                                                                    ^~~~~~
../Core/Src/main.c:121:68: note: include '<string.h>' or provide a declaration of 'strlen'
../Core/Src/main.c:121:53: warning: pointer targets in passing argument 2 of 'HAL_UART_Transmit' differ in signedness [-Wpointer-sign]
  121 |                           HAL_UART_Transmit(&huart2,startTimeStr2, strlen(startTimeStr2), HAL_MAX_DELAY);
      |                                                     ^~~~~~~~~~~~~
      |                                                     |
      |                                                     char *
In file included from ../Core/Inc/stm32f4xx_hal_conf.h:411,
                 from ../Drivers/STM32F4xx_HAL_Driver/Inc/stm32f4xx_hal.h:29,
                 from ../Core/Inc/main.h:30,
                 from ../Core/Src/main.c:20:
../Drivers/STM32F4xx_HAL_Driver/Inc/stm32f4xx_hal_uart.h:745:79: note: expected 'const uint8_t *' {aka 'const unsigned char *'} but argument is of type 'char *'
  745 | HAL_StatusTypeDef HAL_UART_Transmit(UART_HandleTypeDef *huart, const uint8_t *pData, uint16_t Size, uint32_t Timeout);
      |                                                                ~~~~~~~~~~~~~~~^~~~~
../Core/Src/main.c:130:27: warning: incompatible implicit declaration of built-in function 'sprintf' [-Wbuiltin-declaration-mismatch]
  130 |                           sprintf(endTimeStr, "End Time: %lu ms\n\r", endTime);
      |                           ^~~~~~~
../Core/Src/main.c:130:27: note: include '<stdio.h>' or provide a declaration of 'sprintf'
../Core/Src/main.c:131:65: warning: incompatible implicit declaration of built-in function 'strlen' [-Wbuiltin-declaration-mismatch]
  131 |                           HAL_UART_Transmit(&huart2,endTimeStr, strlen(endTimeStr), HAL_MAX_DELAY);
      |                                                                 ^~~~~~
../Core/Src/main.c:131:65: note: include '<string.h>' or provide a declaration of 'strlen'
../Core/Src/main.c:131:53: warning: pointer targets in passing argument 2 of 'HAL_UART_Transmit' differ in signedness [-Wpointer-sign]
  131 |                           HAL_UART_Transmit(&huart2,endTimeStr, strlen(endTimeStr), HAL_MAX_DELAY);
      |                                                     ^~~~~~~~~~
      |                                                     |
      |                                                     char *
In file included from ../Core/Inc/stm32f4xx_hal_conf.h:411,
                 from ../Drivers/STM32F4xx_HAL_Driver/Inc/stm32f4xx_hal.h:29,
                 from ../Core/Inc/main.h:30,
                 from ../Core/Src/main.c:20:
../Drivers/STM32F4xx_HAL_Driver/Inc/stm32f4xx_hal_uart.h:745:79: note: expected 'const uint8_t *' {aka 'const unsigned char *'} but argument is of type 'char *'
  745 | HAL_StatusTypeDef HAL_UART_Transmit(UART_HandleTypeDef *huart, const uint8_t *pData, uint16_t Size, uint32_t Timeout);
      |                                                                ~~~~~~~~~~~~~~~^~~~~
../Core/Src/main.c:139:35: warning: incompatible implicit declaration of built-in function 'sprintf' [-Wbuiltin-declaration-mismatch]
  139 |                                   sprintf(endTimeStr2, "End Time 2: %lu ms\n\r", endTime2);
      |                                   ^~~~~~~
../Core/Src/main.c:139:35: note: include '<stdio.h>' or provide a declaration of 'sprintf'
../Core/Src/main.c:140:74: warning: incompatible implicit declaration of built-in function 'strlen' [-Wbuiltin-declaration-mismatch]
  140 |                                   HAL_UART_Transmit(&huart2,endTimeStr2, strlen(endTimeStr2), HAL_MAX_DELAY);
      |                                                                          ^~~~~~
../Core/Src/main.c:140:74: note: include '<string.h>' or provide a declaration of 'strlen'
../Core/Src/main.c:140:61: warning: pointer targets in passing argument 2 of 'HAL_UART_Transmit' differ in signedness [-Wpointer-sign]
  140 |                                   HAL_UART_Transmit(&huart2,endTimeStr2, strlen(endTimeStr2), HAL_MAX_DELAY);
      |                                                             ^~~~~~~~~~~
      |                                                             |
      |                                                             char *
In file included from ../Core/Inc/stm32f4xx_hal_conf.h:411,
                 from ../Drivers/STM32F4xx_HAL_Driver/Inc/stm32f4xx_hal.h:29,
                 from ../Core/Inc/main.h:30,
                 from ../Core/Src/main.c:20:
../Drivers/STM32F4xx_HAL_Driver/Inc/stm32f4xx_hal_uart.h:745:79: note: expected 'const uint8_t *' {aka 'const unsigned char *'} but argument is of type 'char *'
  745 | HAL_StatusTypeDef HAL_UART_Transmit(UART_HandleTypeDef *huart, const uint8_t *pData, uint16_t Size, uint32_t Timeout);
      |                                                                ~~~~~~~~~~~~~~~^~~~~
../Core/Src/main.c:148:61: warning: pointer targets in passing argument 2 of 'HAL_UART_Transmit' differ in signedness [-Wpointer-sign]
  148 |                                   HAL_UART_Transmit(&huart2,totalTimeStr, strlen(totalTimeStr), HAL_MAX_DELAY);
      |                                                             ^~~~~~~~~~~~
      |                                                             |
      |                                                             char *
In file included from ../Core/Inc/stm32f4xx_hal_conf.h:411,
                 from ../Drivers/STM32F4xx_HAL_Driver/Inc/stm32f4xx_hal.h:29,
                 from ../Core/Inc/main.h:30,
                 from ../Core/Src/main.c:20:
../Drivers/STM32F4xx_HAL_Driver/Inc/stm32f4xx_hal_uart.h:745:79: note: expected 'const uint8_t *' {aka 'const unsigned char *'} but argument is of type 'char *'
  745 | HAL_StatusTypeDef HAL_UART_Transmit(UART_HandleTypeDef *huart, const uint8_t *pData, uint16_t Size, uint32_t Timeout);
      |                                                                ~~~~~~~~~~~~~~~^~~~~
../Core/Src/main.c:154:61: warning: pointer targets in passing argument 2 of 'HAL_UART_Transmit' differ in signedness [-Wpointer-sign]
  154 |                                   HAL_UART_Transmit(&huart2,velStr, strlen(velStr), HAL_MAX_DELAY);
      |                                                             ^~~~~~
      |                                                             |
      |                                                             char *
In file included from ../Core/Inc/stm32f4xx_hal_conf.h:411,
                 from ../Drivers/STM32F4xx_HAL_Driver/Inc/stm32f4xx_hal.h:29,
                 from ../Core/Inc/main.h:30,
                 from ../Core/Src/main.c:20:
../Drivers/STM32F4xx_HAL_Driver/Inc/stm32f4xx_hal_uart.h:745:79: note: expected 'const uint8_t *' {aka 'const unsigned char *'} but argument is of type 'char *'
  745 | HAL_StatusTypeDef HAL_UART_Transmit(UART_HandleTypeDef *huart, const uint8_t *pData, uint16_t Size, uint32_t Timeout);
      |                                                                ~~~~~~~~~~~~~~~^~~~~
../Core/Src/main.c:163:61: warning: pointer targets in passing argument 2 of 'HAL_UART_Transmit' differ in signedness [-Wpointer-sign]
  163 |                                   HAL_UART_Transmit(&huart2,cl, strlen(cl), HAL_MAX_DELAY);
      |                                                             ^~
      |                                                             |
      |                                                             char *
In file included from ../Core/Inc/stm32f4xx_hal_conf.h:411,
                 from ../Drivers/STM32F4xx_HAL_Driver/Inc/stm32f4xx_hal.h:29,
                 from ../Core/Inc/main.h:30,
                 from ../Core/Src/main.c:20:
../Drivers/STM32F4xx_HAL_Driver/Inc/stm32f4xx_hal_uart.h:745:79: note: expected 'const uint8_t *' {aka 'const unsigned char *'} but argument is of type 'char *'
  745 | HAL_StatusTypeDef HAL_UART_Transmit(UART_HandleTypeDef *huart, const uint8_t *pData, uint16_t Size, uint32_t Timeout);
      |                                                                ~~~~~~~~~~~~~~~^~~~~
../Core/Src/main.c:165:61: warning: pointer targets in passing argument 2 of 'HAL_UART_Transmit' differ in signedness [-Wpointer-sign]
  165 |                                   HAL_UART_Transmit(&huart2,"\r\n", 4, HAL_MAX_DELAY);
      |                                                             ^~~~~~
      |                                                             |
      |                                                             char *
In file included from ../Core/Inc/stm32f4xx_hal_conf.h:411,
                 from ../Drivers/STM32F4xx_HAL_Driver/Inc/stm32f4xx_hal.h:29,
                 from ../Core/Inc/main.h:30,
                 from ../Core/Src/main.c:20:
../Drivers/STM32F4xx_HAL_Driver/Inc/stm32f4xx_hal_uart.h:745:79: note: expected 'const uint8_t *' {aka 'const unsigned char *'} but argument is of type 'char *'
  745 | HAL_StatusTypeDef HAL_UART_Transmit(UART_HandleTypeDef *huart, const uint8_t *pData, uint16_t Size, uint32_t Timeout);
      |                                                                ~~~~~~~~~~~~~~~^~~~~
../Core/Src/main.c:168:61: warning: pointer targets in passing argument 2 of 'HAL_UART_Transmit' differ in signedness [-Wpointer-sign]
  168 |                                   HAL_UART_Transmit(&huart1,vels,strlen(vels),HAL_MAX_DELAY);
      |                                                             ^~~~
      |                                                             |
      |                                                             char *
In file included from ../Core/Inc/stm32f4xx_hal_conf.h:411,
                 from ../Drivers/STM32F4xx_HAL_Driver/Inc/stm32f4xx_hal.h:29,
                 from ../Core/Inc/main.h:30,
                 from ../Core/Src/main.c:20:
../Drivers/STM32F4xx_HAL_Driver/Inc/stm32f4xx_hal_uart.h:745:79: note: expected 'const uint8_t *' {aka 'const unsigned char *'} but argument is of type 'char *'
  745 | HAL_StatusTypeDef HAL_UART_Transmit(UART_HandleTypeDef *huart, const uint8_t *pData, uint16_t Size, uint32_t Timeout);
      |                                                                ~~~~~~~~~~~~~~~^~~~~
../Core/Src/main.c:169:61: warning: pointer targets in passing argument 2 of 'HAL_UART_Transmit' differ in signedness [-Wpointer-sign]
  169 |                                   HAL_UART_Transmit(&huart1,"5555x",5,HAL_MAX_DELAY);
      |                                                             ^~~~~~~
      |                                                             |
      |                                                             char *
In file included from ../Core/Inc/stm32f4xx_hal_conf.h:411,
                 from ../Drivers/STM32F4xx_HAL_Driver/Inc/stm32f4xx_hal.h:29,
                 from ../Core/Inc/main.h:30,
                 from ../Core/Src/main.c:20:
../Drivers/STM32F4xx_HAL_Driver/Inc/stm32f4xx_hal_uart.h:745:79: note: expected 'const uint8_t *' {aka 'const unsigned char *'} but argument is of type 'char *'
  745 | HAL_StatusTypeDef HAL_UART_Transmit(UART_HandleTypeDef *huart, const uint8_t *pData, uint16_t Size, uint32_t Timeout);
      |                                                                ~~~~~~~~~~~~~~~^~~~~
../Core/Src/main.c:120:75: warning: 'sprintf' writing a terminating nul past the end of the destination [-Wformat-overflow=]
  120 |                           sprintf(startTimeStr2, "Start Time 2: %lu ms\n\r", startTime2);
      |                                                                           ^
../Core/Src/main.c:120:27: note: 'sprintf' output between 21 and 30 bytes into a destination of size 20
  120 |                           sprintf(startTimeStr2, "Start Time 2: %lu ms\n\r", startTime2);
      |                           ^~~~~~~~~~~~~~~~~~~~~~~~~~~~~~~~~~~~~~~~~~~~~~~~~~~~~~~~~~~~~~
../Core/Src/main.c:153:66: warning: ' m/s

' directive writing 6 bytes into a region of size between 0 and 7 [-Wformat-overflow=]
  153 |                                   sprintf(velStr, "Velocity: %.3f m/s\n\r", vel);
      |                                                                  ^~~~~~~~
../Core/Src/main.c:153:35: note: 'sprintf' output between 20 and 331 bytes into a destination of size 20
  153 |                                   sprintf(velStr, "Velocity: %.3f m/s\n\r", vel);
      |                                   ^~~~~~~~~~~~~~~~~~~~~~~~~~~~~~~~~~~~~~~~~~~~~~
../Core/Src/main.c:162:64: warning: ' m

' directive writing 4 bytes into a region of size between 0 and 5 [-Wformat-overflow=]
  162 |                                   sprintf(cl, "Car Length: %.3f m\n\r", carlength);
      |                                                                ^~~~~~
../Core/Src/main.c:162:35: note: 'sprintf' output between 20 and 331 bytes into a destination of size 20
  162 |                                   sprintf(cl, "Car Length: %.3f m\n\r", carlength);
      |                                   ^~~~~~~~~~~~~~~~~~~~~~~~~~~~~~~~~~~~~~~~~~~~~~~~
arm-none-eabi-gcc -o "final project.elf" @"objects.list"   -mcpu=cortex-m4 -T"C:\Users\ADMINSTRATOR\Desktop\embeded lab final\embeded-lab-final\embed-lab-stm32\final project\STM32F411RETX_FLASH.ld" --specs=nosys.specs -Wl,-Map="final project.map" -Wl,--gc-sections -static --specs=nano.specs -mfpu=fpv4-sp-d16 -mfloat-abi=hard -mthumb -u _printf_float -Wl,--start-group -lc -lm -Wl,--end-group
Finished building target: final project.elf
 
arm-none-eabi-size  final\ project.elf 
arm-none-eabi-objdump -h -S final\ project.elf  > "final project.list"
   text	   data	    bss	    dec	    hex	filename
  27492	    476	   2052	  30020	   7544	final project.elf
Finished building: default.size.stdout
 
Finished building: final project.list
 
14:41:35 **** Incremental Build of configuration Debug for project final project ****
make -j8 all 
arm-none-eabi-gcc "../Core/Src/main.c" -mcpu=cortex-m4 -std=gnu11 -g3 -DDEBUG -DUSE_HAL_DRIVER -DSTM32F411xE -c -I../Core/Inc -I../Drivers/STM32F4xx_HAL_Driver/Inc -I../Drivers/STM32F4xx_HAL_Driver/Inc/Legacy -I../Drivers/CMSIS/Device/ST/STM32F4xx/Include -I../Drivers/CMSIS/Include -O0 -ffunction-sections -fdata-sections -Wall -u_printf_float -fstack-usage -fcyclomatic-complexity -MMD -MP -MF"Core/Src/main.d" -MT"Core/Src/main.o" --specs=nano.specs -mfpu=fpv4-sp-d16 -mfloat-abi=hard -mthumb -o "Core/Src/main.o"
../Core/Src/main.c: In function 'main':
../Core/Src/main.c:111:27: warning: implicit declaration of function 'sprintf' [-Wimplicit-function-declaration]
  111 |                           sprintf(startTimeStr, "Start Time: %lu ms\n\r", startTime);
      |                           ^~~~~~~
../Core/Src/main.c:21:1: note: include '<stdio.h>' or provide a declaration of 'sprintf'
   20 | #include "main.h"
  +++ |+#include <stdio.h>
   21 | 
../Core/Src/main.c:111:27: warning: incompatible implicit declaration of built-in function 'sprintf' [-Wbuiltin-declaration-mismatch]
  111 |                           sprintf(startTimeStr, "Start Time: %lu ms\n\r", startTime);
      |                           ^~~~~~~
../Core/Src/main.c:111:27: note: include '<stdio.h>' or provide a declaration of 'sprintf'
../Core/Src/main.c:112:67: warning: implicit declaration of function 'strlen' [-Wimplicit-function-declaration]
  112 |                           HAL_UART_Transmit(&huart2,startTimeStr, strlen(startTimeStr), HAL_MAX_DELAY);
      |                                                                   ^~~~~~
../Core/Src/main.c:21:1: note: include '<string.h>' or provide a declaration of 'strlen'
   20 | #include "main.h"
  +++ |+#include <string.h>
   21 | 
../Core/Src/main.c:112:67: warning: incompatible implicit declaration of built-in function 'strlen' [-Wbuiltin-declaration-mismatch]
  112 |                           HAL_UART_Transmit(&huart2,startTimeStr, strlen(startTimeStr), HAL_MAX_DELAY);
      |                                                                   ^~~~~~
../Core/Src/main.c:112:67: note: include '<string.h>' or provide a declaration of 'strlen'
../Core/Src/main.c:112:53: warning: pointer targets in passing argument 2 of 'HAL_UART_Transmit' differ in signedness [-Wpointer-sign]
  112 |                           HAL_UART_Transmit(&huart2,startTimeStr, strlen(startTimeStr), HAL_MAX_DELAY);
      |                                                     ^~~~~~~~~~~~
      |                                                     |
      |                                                     char *
In file included from ../Core/Inc/stm32f4xx_hal_conf.h:411,
                 from ../Drivers/STM32F4xx_HAL_Driver/Inc/stm32f4xx_hal.h:29,
                 from ../Core/Inc/main.h:30,
                 from ../Core/Src/main.c:20:
../Drivers/STM32F4xx_HAL_Driver/Inc/stm32f4xx_hal_uart.h:745:79: note: expected 'const uint8_t *' {aka 'const unsigned char *'} but argument is of type 'char *'
  745 | HAL_StatusTypeDef HAL_UART_Transmit(UART_HandleTypeDef *huart, const uint8_t *pData, uint16_t Size, uint32_t Timeout);
      |                                                                ~~~~~~~~~~~~~~~^~~~~
../Core/Src/main.c:120:27: warning: incompatible implicit declaration of built-in function 'sprintf' [-Wbuiltin-declaration-mismatch]
  120 |                           sprintf(startTimeStr2, "Start Time 2: %lu ms\n\r", startTime2);
      |                           ^~~~~~~
../Core/Src/main.c:120:27: note: include '<stdio.h>' or provide a declaration of 'sprintf'
../Core/Src/main.c:121:68: warning: incompatible implicit declaration of built-in function 'strlen' [-Wbuiltin-declaration-mismatch]
  121 |                           HAL_UART_Transmit(&huart2,startTimeStr2, strlen(startTimeStr2), HAL_MAX_DELAY);
      |                                                                    ^~~~~~
../Core/Src/main.c:121:68: note: include '<string.h>' or provide a declaration of 'strlen'
../Core/Src/main.c:121:53: warning: pointer targets in passing argument 2 of 'HAL_UART_Transmit' differ in signedness [-Wpointer-sign]
  121 |                           HAL_UART_Transmit(&huart2,startTimeStr2, strlen(startTimeStr2), HAL_MAX_DELAY);
      |                                                     ^~~~~~~~~~~~~
      |                                                     |
      |                                                     char *
In file included from ../Core/Inc/stm32f4xx_hal_conf.h:411,
                 from ../Drivers/STM32F4xx_HAL_Driver/Inc/stm32f4xx_hal.h:29,
                 from ../Core/Inc/main.h:30,
                 from ../Core/Src/main.c:20:
../Drivers/STM32F4xx_HAL_Driver/Inc/stm32f4xx_hal_uart.h:745:79: note: expected 'const uint8_t *' {aka 'const unsigned char *'} but argument is of type 'char *'
  745 | HAL_StatusTypeDef HAL_UART_Transmit(UART_HandleTypeDef *huart, const uint8_t *pData, uint16_t Size, uint32_t Timeout);
      |                                                                ~~~~~~~~~~~~~~~^~~~~
../Core/Src/main.c:130:27: warning: incompatible implicit declaration of built-in function 'sprintf' [-Wbuiltin-declaration-mismatch]
  130 |                           sprintf(endTimeStr, "End Time: %lu ms\n\r", endTime);
      |                           ^~~~~~~
../Core/Src/main.c:130:27: note: include '<stdio.h>' or provide a declaration of 'sprintf'
../Core/Src/main.c:131:65: warning: incompatible implicit declaration of built-in function 'strlen' [-Wbuiltin-declaration-mismatch]
  131 |                           HAL_UART_Transmit(&huart2,endTimeStr, strlen(endTimeStr), HAL_MAX_DELAY);
      |                                                                 ^~~~~~
../Core/Src/main.c:131:65: note: include '<string.h>' or provide a declaration of 'strlen'
../Core/Src/main.c:131:53: warning: pointer targets in passing argument 2 of 'HAL_UART_Transmit' differ in signedness [-Wpointer-sign]
  131 |                           HAL_UART_Transmit(&huart2,endTimeStr, strlen(endTimeStr), HAL_MAX_DELAY);
      |                                                     ^~~~~~~~~~
      |                                                     |
      |                                                     char *
In file included from ../Core/Inc/stm32f4xx_hal_conf.h:411,
                 from ../Drivers/STM32F4xx_HAL_Driver/Inc/stm32f4xx_hal.h:29,
                 from ../Core/Inc/main.h:30,
                 from ../Core/Src/main.c:20:
../Drivers/STM32F4xx_HAL_Driver/Inc/stm32f4xx_hal_uart.h:745:79: note: expected 'const uint8_t *' {aka 'const unsigned char *'} but argument is of type 'char *'
  745 | HAL_StatusTypeDef HAL_UART_Transmit(UART_HandleTypeDef *huart, const uint8_t *pData, uint16_t Size, uint32_t Timeout);
      |                                                                ~~~~~~~~~~~~~~~^~~~~
../Core/Src/main.c:139:35: warning: incompatible implicit declaration of built-in function 'sprintf' [-Wbuiltin-declaration-mismatch]
  139 |                                   sprintf(endTimeStr2, "End Time 2: %lu ms\n\r", endTime2);
      |                                   ^~~~~~~
../Core/Src/main.c:139:35: note: include '<stdio.h>' or provide a declaration of 'sprintf'
../Core/Src/main.c:140:74: warning: incompatible implicit declaration of built-in function 'strlen' [-Wbuiltin-declaration-mismatch]
  140 |                                   HAL_UART_Transmit(&huart2,endTimeStr2, strlen(endTimeStr2), HAL_MAX_DELAY);
      |                                                                          ^~~~~~
../Core/Src/main.c:140:74: note: include '<string.h>' or provide a declaration of 'strlen'
../Core/Src/main.c:140:61: warning: pointer targets in passing argument 2 of 'HAL_UART_Transmit' differ in signedness [-Wpointer-sign]
  140 |                                   HAL_UART_Transmit(&huart2,endTimeStr2, strlen(endTimeStr2), HAL_MAX_DELAY);
      |                                                             ^~~~~~~~~~~
      |                                                             |
      |                                                             char *
In file included from ../Core/Inc/stm32f4xx_hal_conf.h:411,
                 from ../Drivers/STM32F4xx_HAL_Driver/Inc/stm32f4xx_hal.h:29,
                 from ../Core/Inc/main.h:30,
                 from ../Core/Src/main.c:20:
../Drivers/STM32F4xx_HAL_Driver/Inc/stm32f4xx_hal_uart.h:745:79: note: expected 'const uint8_t *' {aka 'const unsigned char *'} but argument is of type 'char *'
  745 | HAL_StatusTypeDef HAL_UART_Transmit(UART_HandleTypeDef *huart, const uint8_t *pData, uint16_t Size, uint32_t Timeout);
      |                                                                ~~~~~~~~~~~~~~~^~~~~
../Core/Src/main.c:148:61: warning: pointer targets in passing argument 2 of 'HAL_UART_Transmit' differ in signedness [-Wpointer-sign]
  148 |                                   HAL_UART_Transmit(&huart2,totalTimeStr, strlen(totalTimeStr), HAL_MAX_DELAY);
      |                                                             ^~~~~~~~~~~~
      |                                                             |
      |                                                             char *
In file included from ../Core/Inc/stm32f4xx_hal_conf.h:411,
                 from ../Drivers/STM32F4xx_HAL_Driver/Inc/stm32f4xx_hal.h:29,
                 from ../Core/Inc/main.h:30,
                 from ../Core/Src/main.c:20:
../Drivers/STM32F4xx_HAL_Driver/Inc/stm32f4xx_hal_uart.h:745:79: note: expected 'const uint8_t *' {aka 'const unsigned char *'} but argument is of type 'char *'
  745 | HAL_StatusTypeDef HAL_UART_Transmit(UART_HandleTypeDef *huart, const uint8_t *pData, uint16_t Size, uint32_t Timeout);
      |                                                                ~~~~~~~~~~~~~~~^~~~~
../Core/Src/main.c:154:61: warning: pointer targets in passing argument 2 of 'HAL_UART_Transmit' differ in signedness [-Wpointer-sign]
  154 |                                   HAL_UART_Transmit(&huart2,velStr, strlen(velStr), HAL_MAX_DELAY);
      |                                                             ^~~~~~
      |                                                             |
      |                                                             char *
In file included from ../Core/Inc/stm32f4xx_hal_conf.h:411,
                 from ../Drivers/STM32F4xx_HAL_Driver/Inc/stm32f4xx_hal.h:29,
                 from ../Core/Inc/main.h:30,
                 from ../Core/Src/main.c:20:
../Drivers/STM32F4xx_HAL_Driver/Inc/stm32f4xx_hal_uart.h:745:79: note: expected 'const uint8_t *' {aka 'const unsigned char *'} but argument is of type 'char *'
  745 | HAL_StatusTypeDef HAL_UART_Transmit(UART_HandleTypeDef *huart, const uint8_t *pData, uint16_t Size, uint32_t Timeout);
      |                                                                ~~~~~~~~~~~~~~~^~~~~
../Core/Src/main.c:163:61: warning: pointer targets in passing argument 2 of 'HAL_UART_Transmit' differ in signedness [-Wpointer-sign]
  163 |                                   HAL_UART_Transmit(&huart2,cl, strlen(cl), HAL_MAX_DELAY);
      |                                                             ^~
      |                                                             |
      |                                                             char *
In file included from ../Core/Inc/stm32f4xx_hal_conf.h:411,
                 from ../Drivers/STM32F4xx_HAL_Driver/Inc/stm32f4xx_hal.h:29,
                 from ../Core/Inc/main.h:30,
                 from ../Core/Src/main.c:20:
../Drivers/STM32F4xx_HAL_Driver/Inc/stm32f4xx_hal_uart.h:745:79: note: expected 'const uint8_t *' {aka 'const unsigned char *'} but argument is of type 'char *'
  745 | HAL_StatusTypeDef HAL_UART_Transmit(UART_HandleTypeDef *huart, const uint8_t *pData, uint16_t Size, uint32_t Timeout);
      |                                                                ~~~~~~~~~~~~~~~^~~~~
../Core/Src/main.c:165:61: warning: pointer targets in passing argument 2 of 'HAL_UART_Transmit' differ in signedness [-Wpointer-sign]
  165 |                                   HAL_UART_Transmit(&huart2,"\r\n", 4, HAL_MAX_DELAY);
      |                                                             ^~~~~~
      |                                                             |
      |                                                             char *
In file included from ../Core/Inc/stm32f4xx_hal_conf.h:411,
                 from ../Drivers/STM32F4xx_HAL_Driver/Inc/stm32f4xx_hal.h:29,
                 from ../Core/Inc/main.h:30,
                 from ../Core/Src/main.c:20:
../Drivers/STM32F4xx_HAL_Driver/Inc/stm32f4xx_hal_uart.h:745:79: note: expected 'const uint8_t *' {aka 'const unsigned char *'} but argument is of type 'char *'
  745 | HAL_StatusTypeDef HAL_UART_Transmit(UART_HandleTypeDef *huart, const uint8_t *pData, uint16_t Size, uint32_t Timeout);
      |                                                                ~~~~~~~~~~~~~~~^~~~~
../Core/Src/main.c:168:61: warning: pointer targets in passing argument 2 of 'HAL_UART_Transmit' differ in signedness [-Wpointer-sign]
  168 |                                   HAL_UART_Transmit(&huart1,vels,strlen(vels),HAL_MAX_DELAY);
      |                                                             ^~~~
      |                                                             |
      |                                                             char *
In file included from ../Core/Inc/stm32f4xx_hal_conf.h:411,
                 from ../Drivers/STM32F4xx_HAL_Driver/Inc/stm32f4xx_hal.h:29,
                 from ../Core/Inc/main.h:30,
                 from ../Core/Src/main.c:20:
../Drivers/STM32F4xx_HAL_Driver/Inc/stm32f4xx_hal_uart.h:745:79: note: expected 'const uint8_t *' {aka 'const unsigned char *'} but argument is of type 'char *'
  745 | HAL_StatusTypeDef HAL_UART_Transmit(UART_HandleTypeDef *huart, const uint8_t *pData, uint16_t Size, uint32_t Timeout);
      |                                                                ~~~~~~~~~~~~~~~^~~~~
../Core/Src/main.c:169:61: warning: pointer targets in passing argument 2 of 'HAL_UART_Transmit' differ in signedness [-Wpointer-sign]
  169 |                                   HAL_UART_Transmit(&huart1,"5555x",5,HAL_MAX_DELAY);
      |                                                             ^~~~~~~
      |                                                             |
      |                                                             char *
In file included from ../Core/Inc/stm32f4xx_hal_conf.h:411,
                 from ../Drivers/STM32F4xx_HAL_Driver/Inc/stm32f4xx_hal.h:29,
                 from ../Core/Inc/main.h:30,
                 from ../Core/Src/main.c:20:
../Drivers/STM32F4xx_HAL_Driver/Inc/stm32f4xx_hal_uart.h:745:79: note: expected 'const uint8_t *' {aka 'const unsigned char *'} but argument is of type 'char *'
  745 | HAL_StatusTypeDef HAL_UART_Transmit(UART_HandleTypeDef *huart, const uint8_t *pData, uint16_t Size, uint32_t Timeout);
      |                                                                ~~~~~~~~~~~~~~~^~~~~
../Core/Src/main.c:120:75: warning: 'sprintf' writing a terminating nul past the end of the destination [-Wformat-overflow=]
  120 |                           sprintf(startTimeStr2, "Start Time 2: %lu ms\n\r", startTime2);
      |                                                                           ^
../Core/Src/main.c:120:27: note: 'sprintf' output between 21 and 30 bytes into a destination of size 20
  120 |                           sprintf(startTimeStr2, "Start Time 2: %lu ms\n\r", startTime2);
      |                           ^~~~~~~~~~~~~~~~~~~~~~~~~~~~~~~~~~~~~~~~~~~~~~~~~~~~~~~~~~~~~~
../Core/Src/main.c:153:66: warning: ' m/s

' directive writing 6 bytes into a region of size between 0 and 7 [-Wformat-overflow=]
  153 |                                   sprintf(velStr, "Velocity: %.3f m/s\n\r", vel);
      |                                                                  ^~~~~~~~
../Core/Src/main.c:153:35: note: 'sprintf' output between 20 and 331 bytes into a destination of size 20
  153 |                                   sprintf(velStr, "Velocity: %.3f m/s\n\r", vel);
      |                                   ^~~~~~~~~~~~~~~~~~~~~~~~~~~~~~~~~~~~~~~~~~~~~~
../Core/Src/main.c:162:64: warning: ' m

' directive writing 4 bytes into a region of size between 0 and 5 [-Wformat-overflow=]
  162 |                                   sprintf(cl, "Car Length: %.3f m\n\r", carlength);
      |                                                                ^~~~~~
../Core/Src/main.c:162:35: note: 'sprintf' output between 20 and 331 bytes into a destination of size 20
  162 |                                   sprintf(cl, "Car Length: %.3f m\n\r", carlength);
      |                                   ^~~~~~~~~~~~~~~~~~~~~~~~~~~~~~~~~~~~~~~~~~~~~~~~
arm-none-eabi-gcc -o "final project.elf" @"objects.list"   -mcpu=cortex-m4 -T"C:\Users\ADMINSTRATOR\Desktop\embeded lab final\embeded-lab-final\embed-lab-stm32\final project\STM32F411RETX_FLASH.ld" --specs=nosys.specs -Wl,-Map="final project.map" -Wl,--gc-sections -static --specs=nano.specs -mfpu=fpv4-sp-d16 -mfloat-abi=hard -mthumb -u _printf_float -Wl,--start-group -lc -lm -Wl,--end-group
Finished building target: final project.elf
 
arm-none-eabi-size  final\ project.elf 
arm-none-eabi-objdump -h -S final\ project.elf  > "final project.list"
   text	   data	    bss	    dec	    hex	filename
  27492	    476	   2052	  30020	   7544	final project.elf
Finished building: default.size.stdout
 
Finished building: final project.list
 
